<?xml version="1.0" encoding="UTF-8"?>
<!-- Generated by org.testng.reporters.JUnitXMLReporter -->
<testsuite hostname="CON0722" name="IA Connector v1.1 Campaigns - All Tests" tests="68" failures="1" timestamp="10 Oct 2018 13:44:39 GMT" time="287.148" errors="0">
  <testcase name="@AfterMethod cleanup" time="0.0" classname="concep.selenium.iaConnector.CampaignCreation">
    <failure type="org.openqa.selenium.WebDriverException" message="Error communicating with the remote browser. It may have died.
Build info: version: &amp;apos;2.53.1&amp;apos;, revision: &amp;apos;a36b8b1&amp;apos;, time: &amp;apos;2016-06-30 17:37:03&amp;apos;
System info: host: &amp;apos;CON0722&amp;apos;, ip: &amp;apos;192.168.168.66&amp;apos;, os.name: &amp;apos;Windows 10&amp;apos;, os.arch: &amp;apos;amd64&amp;apos;, os.version: &amp;apos;10.0&amp;apos;, java.version: &amp;apos;1.8.0_181&amp;apos;
Driver info: driver.version: EventFiringWebDriver
Capabilities [{applicationCacheEnabled=true, rotatable=false, handlesAlerts=true, databaseEnabled=true, version=47.0.2, platform=WINDOWS, nativeEvents=false, acceptSslCerts=true, webStorageEnabled=true, locationContextEnabled=true, browserName=firefox, takesScreenshot=true, javascriptEnabled=true, cssSelectorsEnabled=true}]
Session ID: 37ebecb1-a308-4487-a556-deeaba26567b
Command duration or timeout: 1.45 seconds
Build info: version: &amp;apos;2.53.1&amp;apos;, revision: &amp;apos;a36b8b1&amp;apos;, time: &amp;apos;2016-06-30 17:37:03&amp;apos;
System info: host: &amp;apos;CON0722&amp;apos;, ip: &amp;apos;192.168.168.66&amp;apos;, os.name: &amp;apos;Windows 10&amp;apos;, os.arch: &amp;apos;amd64&amp;apos;, os.version: &amp;apos;10.0&amp;apos;, java.version: &amp;apos;1.8.0_181&amp;apos;
Driver info: org.openqa.selenium.remote.RemoteWebDriver
Capabilities [{applicationCacheEnabled=true, rotatable=false, handlesAlerts=true, databaseEnabled=true, version=47.0.2, platform=WINDOWS, nativeEvents=false, acceptSslCerts=true, webdriver.remote.sessionid=ace0d6a6-1e82-4be4-b132-8e4b940aa4fa, webStorageEnabled=true, locationContextEnabled=true, browserName=firefox, takesScreenshot=true, javascriptEnabled=true, cssSelectorsEnabled=true}]
Session ID: ace0d6a6-1e82-4be4-b132-8e4b940aa4fa">
      <![CDATA[org.openqa.selenium.WebDriverException: Error communicating with the remote browser. It may have died.
Build info: version: '2.53.1', revision: 'a36b8b1', time: '2016-06-30 17:37:03'
System info: host: 'CON0722', ip: '192.168.168.66', os.name: 'Windows 10', os.arch: 'amd64', os.version: '10.0', java.version: '1.8.0_181'
Driver info: driver.version: EventFiringWebDriver
Capabilities [{applicationCacheEnabled=true, rotatable=false, handlesAlerts=true, databaseEnabled=true, version=47.0.2, platform=WINDOWS, nativeEvents=false, acceptSslCerts=true, webStorageEnabled=true, locationContextEnabled=true, browserName=firefox, takesScreenshot=true, javascriptEnabled=true, cssSelectorsEnabled=true}]
Session ID: 37ebecb1-a308-4487-a556-deeaba26567b
Command duration or timeout: 1.45 seconds
Build info: version: '2.53.1', revision: 'a36b8b1', time: '2016-06-30 17:37:03'
System info: host: 'CON0722', ip: '192.168.168.66', os.name: 'Windows 10', os.arch: 'amd64', os.version: '10.0', java.version: '1.8.0_181'
Driver info: org.openqa.selenium.remote.RemoteWebDriver
Capabilities [{applicationCacheEnabled=true, rotatable=false, handlesAlerts=true, databaseEnabled=true, version=47.0.2, platform=WINDOWS, nativeEvents=false, acceptSslCerts=true, webdriver.remote.sessionid=ace0d6a6-1e82-4be4-b132-8e4b940aa4fa, webStorageEnabled=true, locationContextEnabled=true, browserName=firefox, takesScreenshot=true, javascriptEnabled=true, cssSelectorsEnabled=true}]
Session ID: ace0d6a6-1e82-4be4-b132-8e4b940aa4fa
	at org.openqa.selenium.remote.ErrorHandler.createThrowable(ErrorHandler.java:206)
	at org.openqa.selenium.remote.ErrorHandler.throwIfResponseFailed(ErrorHandler.java:158)
	at org.openqa.selenium.remote.RemoteWebDriver.execute(RemoteWebDriver.java:678)
	at org.openqa.selenium.remote.RemoteWebDriver.execute(RemoteWebDriver.java:701)
	at org.openqa.selenium.remote.RemoteWebDriver.close(RemoteWebDriver.java:521)
	at concep.selenium.core.GenericSeleniumWebDriver.stopSelenium(GenericSeleniumWebDriver.java:491)
	at concep.selenium.iaConnector.BaseIAconnector.cleanup(BaseIAconnector.java:190)
Caused by: org.openqa.selenium.remote.UnreachableBrowserException: Error communicating with the remote browser. It may have died.
Build info: version: '2.53.1', revision: 'a36b8b1', time: '2016-06-30 17:37:03'
System info: host: 'CON0722', ip: '192.168.168.66', os.name: 'Windows 10', os.arch: 'amd64', os.version: '10.0', java.version: '1.8.0_181'
Driver info: driver.version: EventFiringWebDriver
Capabilities [{applicationCacheEnabled=true, rotatable=false, handlesAlerts=true, databaseEnabled=true, version=47.0.2, platform=WINDOWS, nativeEvents=false, acceptSslCerts=true, webStorageEnabled=true, locationContextEnabled=true, browserName=firefox, takesScreenshot=true, javascriptEnabled=true, cssSelectorsEnabled=true}]
Session ID: 37ebecb1-a308-4487-a556-deeaba26567b
Build info: version: '2.53.1', revision: 'a36b8b1', time: '2016-06-30 17:37:03'
System info: host: 'CON0722', ip: '192.168.168.66', os.name: 'Windows 10', os.arch: 'amd64', os.version: '10.0', java.version: '1.8.0_181'
Driver info: driver.version: unknown
... Removed 30 stack frames]]>
    </failure>
  </testcase> <!-- @AfterMethod cleanup -->
  <testcase name="@BeforeMethod startSelenium" time="0.0" classname="concep.selenium.iaConnector.CampaignCreation">
    <skipped/>
  </testcase> <!-- @BeforeMethod startSelenium -->
  <testcase name="@AfterMethod cleanup" time="0.0" classname="concep.selenium.iaConnector.CampaignCreation">
    <failure type="org.openqa.selenium.WebDriverException" message="Error communicating with the remote browser. It may have died.
Build info: version: &amp;apos;2.53.1&amp;apos;, revision: &amp;apos;a36b8b1&amp;apos;, time: &amp;apos;2016-06-30 17:37:03&amp;apos;
System info: host: &amp;apos;CON0722&amp;apos;, ip: &amp;apos;192.168.168.66&amp;apos;, os.name: &amp;apos;Windows 10&amp;apos;, os.arch: &amp;apos;amd64&amp;apos;, os.version: &amp;apos;10.0&amp;apos;, java.version: &amp;apos;1.8.0_181&amp;apos;
Driver info: driver.version: EventFiringWebDriver
Capabilities [{applicationCacheEnabled=true, rotatable=false, handlesAlerts=true, databaseEnabled=true, version=47.0.2, platform=WINDOWS, nativeEvents=false, acceptSslCerts=true, webStorageEnabled=true, locationContextEnabled=true, browserName=firefox, takesScreenshot=true, javascriptEnabled=true, cssSelectorsEnabled=true}]
Session ID: 37ebecb1-a308-4487-a556-deeaba26567b
Command duration or timeout: 1.40 seconds
Build info: version: &amp;apos;2.53.1&amp;apos;, revision: &amp;apos;a36b8b1&amp;apos;, time: &amp;apos;2016-06-30 17:37:03&amp;apos;
System info: host: &amp;apos;CON0722&amp;apos;, ip: &amp;apos;192.168.168.66&amp;apos;, os.name: &amp;apos;Windows 10&amp;apos;, os.arch: &amp;apos;amd64&amp;apos;, os.version: &amp;apos;10.0&amp;apos;, java.version: &amp;apos;1.8.0_181&amp;apos;
Driver info: org.openqa.selenium.remote.RemoteWebDriver
Capabilities [{applicationCacheEnabled=true, rotatable=false, handlesAlerts=true, databaseEnabled=true, version=47.0.2, platform=WINDOWS, nativeEvents=false, acceptSslCerts=true, webdriver.remote.sessionid=ace0d6a6-1e82-4be4-b132-8e4b940aa4fa, webStorageEnabled=true, locationContextEnabled=true, browserName=firefox, takesScreenshot=true, javascriptEnabled=true, cssSelectorsEnabled=true}]
Session ID: ace0d6a6-1e82-4be4-b132-8e4b940aa4fa">
      <![CDATA[org.openqa.selenium.WebDriverException: Error communicating with the remote browser. It may have died.
Build info: version: '2.53.1', revision: 'a36b8b1', time: '2016-06-30 17:37:03'
System info: host: 'CON0722', ip: '192.168.168.66', os.name: 'Windows 10', os.arch: 'amd64', os.version: '10.0', java.version: '1.8.0_181'
Driver info: driver.version: EventFiringWebDriver
Capabilities [{applicationCacheEnabled=true, rotatable=false, handlesAlerts=true, databaseEnabled=true, version=47.0.2, platform=WINDOWS, nativeEvents=false, acceptSslCerts=true, webStorageEnabled=true, locationContextEnabled=true, browserName=firefox, takesScreenshot=true, javascriptEnabled=true, cssSelectorsEnabled=true}]
Session ID: 37ebecb1-a308-4487-a556-deeaba26567b
Command duration or timeout: 1.40 seconds
Build info: version: '2.53.1', revision: 'a36b8b1', time: '2016-06-30 17:37:03'
System info: host: 'CON0722', ip: '192.168.168.66', os.name: 'Windows 10', os.arch: 'amd64', os.version: '10.0', java.version: '1.8.0_181'
Driver info: org.openqa.selenium.remote.RemoteWebDriver
Capabilities [{applicationCacheEnabled=true, rotatable=false, handlesAlerts=true, databaseEnabled=true, version=47.0.2, platform=WINDOWS, nativeEvents=false, acceptSslCerts=true, webdriver.remote.sessionid=ace0d6a6-1e82-4be4-b132-8e4b940aa4fa, webStorageEnabled=true, locationContextEnabled=true, browserName=firefox, takesScreenshot=true, javascriptEnabled=true, cssSelectorsEnabled=true}]
Session ID: ace0d6a6-1e82-4be4-b132-8e4b940aa4fa
	at org.openqa.selenium.remote.ErrorHandler.createThrowable(ErrorHandler.java:206)
	at org.openqa.selenium.remote.ErrorHandler.throwIfResponseFailed(ErrorHandler.java:158)
	at org.openqa.selenium.remote.RemoteWebDriver.execute(RemoteWebDriver.java:678)
	at org.openqa.selenium.remote.RemoteWebDriver.execute(RemoteWebDriver.java:701)
	at org.openqa.selenium.remote.RemoteWebDriver.close(RemoteWebDriver.java:521)
	at concep.selenium.core.GenericSeleniumWebDriver.stopSelenium(GenericSeleniumWebDriver.java:491)
	at concep.selenium.iaConnector.BaseIAconnector.cleanup(BaseIAconnector.java:190)
Caused by: org.openqa.selenium.remote.UnreachableBrowserException: Error communicating with the remote browser. It may have died.
Build info: version: '2.53.1', revision: 'a36b8b1', time: '2016-06-30 17:37:03'
System info: host: 'CON0722', ip: '192.168.168.66', os.name: 'Windows 10', os.arch: 'amd64', os.version: '10.0', java.version: '1.8.0_181'
Driver info: driver.version: EventFiringWebDriver
Capabilities [{applicationCacheEnabled=true, rotatable=false, handlesAlerts=true, databaseEnabled=true, version=47.0.2, platform=WINDOWS, nativeEvents=false, acceptSslCerts=true, webStorageEnabled=true, locationContextEnabled=true, browserName=firefox, takesScreenshot=true, javascriptEnabled=true, cssSelectorsEnabled=true}]
Session ID: 37ebecb1-a308-4487-a556-deeaba26567b
Build info: version: '2.53.1', revision: 'a36b8b1', time: '2016-06-30 17:37:03'
System info: host: 'CON0722', ip: '192.168.168.66', os.name: 'Windows 10', os.arch: 'amd64', os.version: '10.0', java.version: '1.8.0_181'
Driver info: driver.version: unknown
... Removed 30 stack frames]]>
    </failure>
  </testcase> <!-- @AfterMethod cleanup -->
  <testcase name="@BeforeMethod startSelenium" time="0.0" classname="concep.selenium.iaConnector.CampaignCreation">
    <skipped/>
  </testcase> <!-- @BeforeMethod startSelenium -->
  <testcase name="@AfterMethod cleanup" time="0.0" classname="concep.selenium.iaConnector.CampaignCreation">
    <failure type="org.openqa.selenium.WebDriverException" message="Error communicating with the remote browser. It may have died.
Build info: version: &amp;apos;2.53.1&amp;apos;, revision: &amp;apos;a36b8b1&amp;apos;, time: &amp;apos;2016-06-30 17:37:03&amp;apos;
System info: host: &amp;apos;CON0722&amp;apos;, ip: &amp;apos;192.168.168.66&amp;apos;, os.name: &amp;apos;Windows 10&amp;apos;, os.arch: &amp;apos;amd64&amp;apos;, os.version: &amp;apos;10.0&amp;apos;, java.version: &amp;apos;1.8.0_181&amp;apos;
Driver info: driver.version: EventFiringWebDriver
Capabilities [{applicationCacheEnabled=true, rotatable=false, handlesAlerts=true, databaseEnabled=true, version=47.0.2, platform=WINDOWS, nativeEvents=false, acceptSslCerts=true, webStorageEnabled=true, locationContextEnabled=true, browserName=firefox, takesScreenshot=true, javascriptEnabled=true, cssSelectorsEnabled=true}]
Session ID: 37ebecb1-a308-4487-a556-deeaba26567b
Command duration or timeout: 1.38 seconds
Build info: version: &amp;apos;2.53.1&amp;apos;, revision: &amp;apos;a36b8b1&amp;apos;, time: &amp;apos;2016-06-30 17:37:03&amp;apos;
System info: host: &amp;apos;CON0722&amp;apos;, ip: &amp;apos;192.168.168.66&amp;apos;, os.name: &amp;apos;Windows 10&amp;apos;, os.arch: &amp;apos;amd64&amp;apos;, os.version: &amp;apos;10.0&amp;apos;, java.version: &amp;apos;1.8.0_181&amp;apos;
Driver info: org.openqa.selenium.remote.RemoteWebDriver
Capabilities [{applicationCacheEnabled=true, rotatable=false, handlesAlerts=true, databaseEnabled=true, version=47.0.2, platform=WINDOWS, nativeEvents=false, acceptSslCerts=true, webdriver.remote.sessionid=ace0d6a6-1e82-4be4-b132-8e4b940aa4fa, webStorageEnabled=true, locationContextEnabled=true, browserName=firefox, takesScreenshot=true, javascriptEnabled=true, cssSelectorsEnabled=true}]
Session ID: ace0d6a6-1e82-4be4-b132-8e4b940aa4fa">
      <![CDATA[org.openqa.selenium.WebDriverException: Error communicating with the remote browser. It may have died.
Build info: version: '2.53.1', revision: 'a36b8b1', time: '2016-06-30 17:37:03'
System info: host: 'CON0722', ip: '192.168.168.66', os.name: 'Windows 10', os.arch: 'amd64', os.version: '10.0', java.version: '1.8.0_181'
Driver info: driver.version: EventFiringWebDriver
Capabilities [{applicationCacheEnabled=true, rotatable=false, handlesAlerts=true, databaseEnabled=true, version=47.0.2, platform=WINDOWS, nativeEvents=false, acceptSslCerts=true, webStorageEnabled=true, locationContextEnabled=true, browserName=firefox, takesScreenshot=true, javascriptEnabled=true, cssSelectorsEnabled=true}]
Session ID: 37ebecb1-a308-4487-a556-deeaba26567b
Command duration or timeout: 1.38 seconds
Build info: version: '2.53.1', revision: 'a36b8b1', time: '2016-06-30 17:37:03'
System info: host: 'CON0722', ip: '192.168.168.66', os.name: 'Windows 10', os.arch: 'amd64', os.version: '10.0', java.version: '1.8.0_181'
Driver info: org.openqa.selenium.remote.RemoteWebDriver
Capabilities [{applicationCacheEnabled=true, rotatable=false, handlesAlerts=true, databaseEnabled=true, version=47.0.2, platform=WINDOWS, nativeEvents=false, acceptSslCerts=true, webdriver.remote.sessionid=ace0d6a6-1e82-4be4-b132-8e4b940aa4fa, webStorageEnabled=true, locationContextEnabled=true, browserName=firefox, takesScreenshot=true, javascriptEnabled=true, cssSelectorsEnabled=true}]
Session ID: ace0d6a6-1e82-4be4-b132-8e4b940aa4fa
	at org.openqa.selenium.remote.ErrorHandler.createThrowable(ErrorHandler.java:206)
	at org.openqa.selenium.remote.ErrorHandler.throwIfResponseFailed(ErrorHandler.java:158)
	at org.openqa.selenium.remote.RemoteWebDriver.execute(RemoteWebDriver.java:678)
	at org.openqa.selenium.remote.RemoteWebDriver.execute(RemoteWebDriver.java:701)
	at org.openqa.selenium.remote.RemoteWebDriver.close(RemoteWebDriver.java:521)
	at concep.selenium.core.GenericSeleniumWebDriver.stopSelenium(GenericSeleniumWebDriver.java:491)
	at concep.selenium.iaConnector.BaseIAconnector.cleanup(BaseIAconnector.java:190)
Caused by: org.openqa.selenium.remote.UnreachableBrowserException: Error communicating with the remote browser. It may have died.
Build info: version: '2.53.1', revision: 'a36b8b1', time: '2016-06-30 17:37:03'
System info: host: 'CON0722', ip: '192.168.168.66', os.name: 'Windows 10', os.arch: 'amd64', os.version: '10.0', java.version: '1.8.0_181'
Driver info: driver.version: EventFiringWebDriver
Capabilities [{applicationCacheEnabled=true, rotatable=false, handlesAlerts=true, databaseEnabled=true, version=47.0.2, platform=WINDOWS, nativeEvents=false, acceptSslCerts=true, webStorageEnabled=true, locationContextEnabled=true, browserName=firefox, takesScreenshot=true, javascriptEnabled=true, cssSelectorsEnabled=true}]
Session ID: 37ebecb1-a308-4487-a556-deeaba26567b
Build info: version: '2.53.1', revision: 'a36b8b1', time: '2016-06-30 17:37:03'
System info: host: 'CON0722', ip: '192.168.168.66', os.name: 'Windows 10', os.arch: 'amd64', os.version: '10.0', java.version: '1.8.0_181'
Driver info: driver.version: unknown
... Removed 30 stack frames]]>
    </failure>
  </testcase> <!-- @AfterMethod cleanup -->
  <testcase name="@BeforeMethod startSelenium" time="0.0" classname="concep.selenium.iaConnector.CampaignCreation">
    <skipped/>
  </testcase> <!-- @BeforeMethod startSelenium -->
  <testcase name="@AfterMethod cleanup" time="0.0" classname="concep.selenium.iaConnector.CampaignCreation">
    <failure type="org.openqa.selenium.WebDriverException" message="Error communicating with the remote browser. It may have died.
Build info: version: &amp;apos;2.53.1&amp;apos;, revision: &amp;apos;a36b8b1&amp;apos;, time: &amp;apos;2016-06-30 17:37:03&amp;apos;
System info: host: &amp;apos;CON0722&amp;apos;, ip: &amp;apos;192.168.168.66&amp;apos;, os.name: &amp;apos;Windows 10&amp;apos;, os.arch: &amp;apos;amd64&amp;apos;, os.version: &amp;apos;10.0&amp;apos;, java.version: &amp;apos;1.8.0_181&amp;apos;
Driver info: driver.version: EventFiringWebDriver
Capabilities [{applicationCacheEnabled=true, rotatable=false, handlesAlerts=true, databaseEnabled=true, version=47.0.2, platform=WINDOWS, nativeEvents=false, acceptSslCerts=true, webStorageEnabled=true, locationContextEnabled=true, browserName=firefox, takesScreenshot=true, javascriptEnabled=true, cssSelectorsEnabled=true}]
Session ID: 37ebecb1-a308-4487-a556-deeaba26567b
Command duration or timeout: 1.45 seconds
Build info: version: &amp;apos;2.53.1&amp;apos;, revision: &amp;apos;a36b8b1&amp;apos;, time: &amp;apos;2016-06-30 17:37:03&amp;apos;
System info: host: &amp;apos;CON0722&amp;apos;, ip: &amp;apos;192.168.168.66&amp;apos;, os.name: &amp;apos;Windows 10&amp;apos;, os.arch: &amp;apos;amd64&amp;apos;, os.version: &amp;apos;10.0&amp;apos;, java.version: &amp;apos;1.8.0_181&amp;apos;
Driver info: org.openqa.selenium.remote.RemoteWebDriver
Capabilities [{applicationCacheEnabled=true, rotatable=false, handlesAlerts=true, databaseEnabled=true, version=47.0.2, platform=WINDOWS, nativeEvents=false, acceptSslCerts=true, webdriver.remote.sessionid=ace0d6a6-1e82-4be4-b132-8e4b940aa4fa, webStorageEnabled=true, locationContextEnabled=true, browserName=firefox, takesScreenshot=true, javascriptEnabled=true, cssSelectorsEnabled=true}]
Session ID: ace0d6a6-1e82-4be4-b132-8e4b940aa4fa">
      <![CDATA[org.openqa.selenium.WebDriverException: Error communicating with the remote browser. It may have died.
Build info: version: '2.53.1', revision: 'a36b8b1', time: '2016-06-30 17:37:03'
System info: host: 'CON0722', ip: '192.168.168.66', os.name: 'Windows 10', os.arch: 'amd64', os.version: '10.0', java.version: '1.8.0_181'
Driver info: driver.version: EventFiringWebDriver
Capabilities [{applicationCacheEnabled=true, rotatable=false, handlesAlerts=true, databaseEnabled=true, version=47.0.2, platform=WINDOWS, nativeEvents=false, acceptSslCerts=true, webStorageEnabled=true, locationContextEnabled=true, browserName=firefox, takesScreenshot=true, javascriptEnabled=true, cssSelectorsEnabled=true}]
Session ID: 37ebecb1-a308-4487-a556-deeaba26567b
Command duration or timeout: 1.45 seconds
Build info: version: '2.53.1', revision: 'a36b8b1', time: '2016-06-30 17:37:03'
System info: host: 'CON0722', ip: '192.168.168.66', os.name: 'Windows 10', os.arch: 'amd64', os.version: '10.0', java.version: '1.8.0_181'
Driver info: org.openqa.selenium.remote.RemoteWebDriver
Capabilities [{applicationCacheEnabled=true, rotatable=false, handlesAlerts=true, databaseEnabled=true, version=47.0.2, platform=WINDOWS, nativeEvents=false, acceptSslCerts=true, webdriver.remote.sessionid=ace0d6a6-1e82-4be4-b132-8e4b940aa4fa, webStorageEnabled=true, locationContextEnabled=true, browserName=firefox, takesScreenshot=true, javascriptEnabled=true, cssSelectorsEnabled=true}]
Session ID: ace0d6a6-1e82-4be4-b132-8e4b940aa4fa
	at org.openqa.selenium.remote.ErrorHandler.createThrowable(ErrorHandler.java:206)
	at org.openqa.selenium.remote.ErrorHandler.throwIfResponseFailed(ErrorHandler.java:158)
	at org.openqa.selenium.remote.RemoteWebDriver.execute(RemoteWebDriver.java:678)
	at org.openqa.selenium.remote.RemoteWebDriver.execute(RemoteWebDriver.java:701)
	at org.openqa.selenium.remote.RemoteWebDriver.close(RemoteWebDriver.java:521)
	at concep.selenium.core.GenericSeleniumWebDriver.stopSelenium(GenericSeleniumWebDriver.java:491)
	at concep.selenium.iaConnector.BaseIAconnector.cleanup(BaseIAconnector.java:190)
Caused by: org.openqa.selenium.remote.UnreachableBrowserException: Error communicating with the remote browser. It may have died.
Build info: version: '2.53.1', revision: 'a36b8b1', time: '2016-06-30 17:37:03'
System info: host: 'CON0722', ip: '192.168.168.66', os.name: 'Windows 10', os.arch: 'amd64', os.version: '10.0', java.version: '1.8.0_181'
Driver info: driver.version: EventFiringWebDriver
Capabilities [{applicationCacheEnabled=true, rotatable=false, handlesAlerts=true, databaseEnabled=true, version=47.0.2, platform=WINDOWS, nativeEvents=false, acceptSslCerts=true, webStorageEnabled=true, locationContextEnabled=true, browserName=firefox, takesScreenshot=true, javascriptEnabled=true, cssSelectorsEnabled=true}]
Session ID: 37ebecb1-a308-4487-a556-deeaba26567b
Build info: version: '2.53.1', revision: 'a36b8b1', time: '2016-06-30 17:37:03'
System info: host: 'CON0722', ip: '192.168.168.66', os.name: 'Windows 10', os.arch: 'amd64', os.version: '10.0', java.version: '1.8.0_181'
Driver info: driver.version: unknown
... Removed 30 stack frames]]>
    </failure>
  </testcase> <!-- @AfterMethod cleanup -->
  <testcase name="@BeforeMethod startSelenium" time="0.0" classname="concep.selenium.iaConnector.CampaignCreation">
    <skipped/>
  </testcase> <!-- @BeforeMethod startSelenium -->
  <testcase name="@AfterMethod cleanup" time="0.0" classname="concep.selenium.iaConnector.CampaignCreation">
    <failure type="org.openqa.selenium.WebDriverException" message="Error communicating with the remote browser. It may have died.
Build info: version: &amp;apos;2.53.1&amp;apos;, revision: &amp;apos;a36b8b1&amp;apos;, time: &amp;apos;2016-06-30 17:37:03&amp;apos;
System info: host: &amp;apos;CON0722&amp;apos;, ip: &amp;apos;192.168.168.66&amp;apos;, os.name: &amp;apos;Windows 10&amp;apos;, os.arch: &amp;apos;amd64&amp;apos;, os.version: &amp;apos;10.0&amp;apos;, java.version: &amp;apos;1.8.0_181&amp;apos;
Driver info: driver.version: EventFiringWebDriver
Capabilities [{applicationCacheEnabled=true, rotatable=false, handlesAlerts=true, databaseEnabled=true, version=47.0.2, platform=WINDOWS, nativeEvents=false, acceptSslCerts=true, webStorageEnabled=true, locationContextEnabled=true, browserName=firefox, takesScreenshot=true, javascriptEnabled=true, cssSelectorsEnabled=true}]
Session ID: 37ebecb1-a308-4487-a556-deeaba26567b
Command duration or timeout: 1.38 seconds
Build info: version: &amp;apos;2.53.1&amp;apos;, revision: &amp;apos;a36b8b1&amp;apos;, time: &amp;apos;2016-06-30 17:37:03&amp;apos;
System info: host: &amp;apos;CON0722&amp;apos;, ip: &amp;apos;192.168.168.66&amp;apos;, os.name: &amp;apos;Windows 10&amp;apos;, os.arch: &amp;apos;amd64&amp;apos;, os.version: &amp;apos;10.0&amp;apos;, java.version: &amp;apos;1.8.0_181&amp;apos;
Driver info: org.openqa.selenium.remote.RemoteWebDriver
Capabilities [{applicationCacheEnabled=true, rotatable=false, handlesAlerts=true, databaseEnabled=true, version=47.0.2, platform=WINDOWS, nativeEvents=false, acceptSslCerts=true, webdriver.remote.sessionid=ace0d6a6-1e82-4be4-b132-8e4b940aa4fa, webStorageEnabled=true, locationContextEnabled=true, browserName=firefox, takesScreenshot=true, javascriptEnabled=true, cssSelectorsEnabled=true}]
Session ID: ace0d6a6-1e82-4be4-b132-8e4b940aa4fa">
      <![CDATA[org.openqa.selenium.WebDriverException: Error communicating with the remote browser. It may have died.
Build info: version: '2.53.1', revision: 'a36b8b1', time: '2016-06-30 17:37:03'
System info: host: 'CON0722', ip: '192.168.168.66', os.name: 'Windows 10', os.arch: 'amd64', os.version: '10.0', java.version: '1.8.0_181'
Driver info: driver.version: EventFiringWebDriver
Capabilities [{applicationCacheEnabled=true, rotatable=false, handlesAlerts=true, databaseEnabled=true, version=47.0.2, platform=WINDOWS, nativeEvents=false, acceptSslCerts=true, webStorageEnabled=true, locationContextEnabled=true, browserName=firefox, takesScreenshot=true, javascriptEnabled=true, cssSelectorsEnabled=true}]
Session ID: 37ebecb1-a308-4487-a556-deeaba26567b
Command duration or timeout: 1.38 seconds
Build info: version: '2.53.1', revision: 'a36b8b1', time: '2016-06-30 17:37:03'
System info: host: 'CON0722', ip: '192.168.168.66', os.name: 'Windows 10', os.arch: 'amd64', os.version: '10.0', java.version: '1.8.0_181'
Driver info: org.openqa.selenium.remote.RemoteWebDriver
Capabilities [{applicationCacheEnabled=true, rotatable=false, handlesAlerts=true, databaseEnabled=true, version=47.0.2, platform=WINDOWS, nativeEvents=false, acceptSslCerts=true, webdriver.remote.sessionid=ace0d6a6-1e82-4be4-b132-8e4b940aa4fa, webStorageEnabled=true, locationContextEnabled=true, browserName=firefox, takesScreenshot=true, javascriptEnabled=true, cssSelectorsEnabled=true}]
Session ID: ace0d6a6-1e82-4be4-b132-8e4b940aa4fa
	at org.openqa.selenium.remote.ErrorHandler.createThrowable(ErrorHandler.java:206)
	at org.openqa.selenium.remote.ErrorHandler.throwIfResponseFailed(ErrorHandler.java:158)
	at org.openqa.selenium.remote.RemoteWebDriver.execute(RemoteWebDriver.java:678)
	at org.openqa.selenium.remote.RemoteWebDriver.execute(RemoteWebDriver.java:701)
	at org.openqa.selenium.remote.RemoteWebDriver.close(RemoteWebDriver.java:521)
	at concep.selenium.core.GenericSeleniumWebDriver.stopSelenium(GenericSeleniumWebDriver.java:491)
	at concep.selenium.iaConnector.BaseIAconnector.cleanup(BaseIAconnector.java:190)
Caused by: org.openqa.selenium.remote.UnreachableBrowserException: Error communicating with the remote browser. It may have died.
Build info: version: '2.53.1', revision: 'a36b8b1', time: '2016-06-30 17:37:03'
System info: host: 'CON0722', ip: '192.168.168.66', os.name: 'Windows 10', os.arch: 'amd64', os.version: '10.0', java.version: '1.8.0_181'
Driver info: driver.version: EventFiringWebDriver
Capabilities [{applicationCacheEnabled=true, rotatable=false, handlesAlerts=true, databaseEnabled=true, version=47.0.2, platform=WINDOWS, nativeEvents=false, acceptSslCerts=true, webStorageEnabled=true, locationContextEnabled=true, browserName=firefox, takesScreenshot=true, javascriptEnabled=true, cssSelectorsEnabled=true}]
Session ID: 37ebecb1-a308-4487-a556-deeaba26567b
Build info: version: '2.53.1', revision: 'a36b8b1', time: '2016-06-30 17:37:03'
System info: host: 'CON0722', ip: '192.168.168.66', os.name: 'Windows 10', os.arch: 'amd64', os.version: '10.0', java.version: '1.8.0_181'
Driver info: driver.version: unknown
... Removed 30 stack frames]]>
    </failure>
  </testcase> <!-- @AfterMethod cleanup -->
  <testcase name="@BeforeMethod startSelenium" time="0.0" classname="concep.selenium.iaConnector.CampaignCreation">
    <skipped/>
  </testcase> <!-- @BeforeMethod startSelenium -->
  <testcase name="@AfterMethod cleanup" time="0.0" classname="concep.selenium.iaConnector.CampaignCreation">
    <failure type="org.openqa.selenium.WebDriverException" message="Error communicating with the remote browser. It may have died.
Build info: version: &amp;apos;2.53.1&amp;apos;, revision: &amp;apos;a36b8b1&amp;apos;, time: &amp;apos;2016-06-30 17:37:03&amp;apos;
System info: host: &amp;apos;CON0722&amp;apos;, ip: &amp;apos;192.168.168.66&amp;apos;, os.name: &amp;apos;Windows 10&amp;apos;, os.arch: &amp;apos;amd64&amp;apos;, os.version: &amp;apos;10.0&amp;apos;, java.version: &amp;apos;1.8.0_181&amp;apos;
Driver info: driver.version: EventFiringWebDriver
Capabilities [{applicationCacheEnabled=true, rotatable=false, handlesAlerts=true, databaseEnabled=true, version=47.0.2, platform=WINDOWS, nativeEvents=false, acceptSslCerts=true, webStorageEnabled=true, locationContextEnabled=true, browserName=firefox, takesScreenshot=true, javascriptEnabled=true, cssSelectorsEnabled=true}]
Session ID: 37ebecb1-a308-4487-a556-deeaba26567b
Command duration or timeout: 1.43 seconds
Build info: version: &amp;apos;2.53.1&amp;apos;, revision: &amp;apos;a36b8b1&amp;apos;, time: &amp;apos;2016-06-30 17:37:03&amp;apos;
System info: host: &amp;apos;CON0722&amp;apos;, ip: &amp;apos;192.168.168.66&amp;apos;, os.name: &amp;apos;Windows 10&amp;apos;, os.arch: &amp;apos;amd64&amp;apos;, os.version: &amp;apos;10.0&amp;apos;, java.version: &amp;apos;1.8.0_181&amp;apos;
Driver info: org.openqa.selenium.remote.RemoteWebDriver
Capabilities [{applicationCacheEnabled=true, rotatable=false, handlesAlerts=true, databaseEnabled=true, version=47.0.2, platform=WINDOWS, nativeEvents=false, acceptSslCerts=true, webdriver.remote.sessionid=ace0d6a6-1e82-4be4-b132-8e4b940aa4fa, webStorageEnabled=true, locationContextEnabled=true, browserName=firefox, takesScreenshot=true, javascriptEnabled=true, cssSelectorsEnabled=true}]
Session ID: ace0d6a6-1e82-4be4-b132-8e4b940aa4fa">
      <![CDATA[org.openqa.selenium.WebDriverException: Error communicating with the remote browser. It may have died.
Build info: version: '2.53.1', revision: 'a36b8b1', time: '2016-06-30 17:37:03'
System info: host: 'CON0722', ip: '192.168.168.66', os.name: 'Windows 10', os.arch: 'amd64', os.version: '10.0', java.version: '1.8.0_181'
Driver info: driver.version: EventFiringWebDriver
Capabilities [{applicationCacheEnabled=true, rotatable=false, handlesAlerts=true, databaseEnabled=true, version=47.0.2, platform=WINDOWS, nativeEvents=false, acceptSslCerts=true, webStorageEnabled=true, locationContextEnabled=true, browserName=firefox, takesScreenshot=true, javascriptEnabled=true, cssSelectorsEnabled=true}]
Session ID: 37ebecb1-a308-4487-a556-deeaba26567b
Command duration or timeout: 1.43 seconds
Build info: version: '2.53.1', revision: 'a36b8b1', time: '2016-06-30 17:37:03'
System info: host: 'CON0722', ip: '192.168.168.66', os.name: 'Windows 10', os.arch: 'amd64', os.version: '10.0', java.version: '1.8.0_181'
Driver info: org.openqa.selenium.remote.RemoteWebDriver
Capabilities [{applicationCacheEnabled=true, rotatable=false, handlesAlerts=true, databaseEnabled=true, version=47.0.2, platform=WINDOWS, nativeEvents=false, acceptSslCerts=true, webdriver.remote.sessionid=ace0d6a6-1e82-4be4-b132-8e4b940aa4fa, webStorageEnabled=true, locationContextEnabled=true, browserName=firefox, takesScreenshot=true, javascriptEnabled=true, cssSelectorsEnabled=true}]
Session ID: ace0d6a6-1e82-4be4-b132-8e4b940aa4fa
	at org.openqa.selenium.remote.ErrorHandler.createThrowable(ErrorHandler.java:206)
	at org.openqa.selenium.remote.ErrorHandler.throwIfResponseFailed(ErrorHandler.java:158)
	at org.openqa.selenium.remote.RemoteWebDriver.execute(RemoteWebDriver.java:678)
	at org.openqa.selenium.remote.RemoteWebDriver.execute(RemoteWebDriver.java:701)
	at org.openqa.selenium.remote.RemoteWebDriver.close(RemoteWebDriver.java:521)
	at concep.selenium.core.GenericSeleniumWebDriver.stopSelenium(GenericSeleniumWebDriver.java:491)
	at concep.selenium.iaConnector.BaseIAconnector.cleanup(BaseIAconnector.java:190)
Caused by: org.openqa.selenium.remote.UnreachableBrowserException: Error communicating with the remote browser. It may have died.
Build info: version: '2.53.1', revision: 'a36b8b1', time: '2016-06-30 17:37:03'
System info: host: 'CON0722', ip: '192.168.168.66', os.name: 'Windows 10', os.arch: 'amd64', os.version: '10.0', java.version: '1.8.0_181'
Driver info: driver.version: EventFiringWebDriver
Capabilities [{applicationCacheEnabled=true, rotatable=false, handlesAlerts=true, databaseEnabled=true, version=47.0.2, platform=WINDOWS, nativeEvents=false, acceptSslCerts=true, webStorageEnabled=true, locationContextEnabled=true, browserName=firefox, takesScreenshot=true, javascriptEnabled=true, cssSelectorsEnabled=true}]
Session ID: 37ebecb1-a308-4487-a556-deeaba26567b
Build info: version: '2.53.1', revision: 'a36b8b1', time: '2016-06-30 17:37:03'
System info: host: 'CON0722', ip: '192.168.168.66', os.name: 'Windows 10', os.arch: 'amd64', os.version: '10.0', java.version: '1.8.0_181'
Driver info: driver.version: unknown
... Removed 30 stack frames]]>
    </failure>
  </testcase> <!-- @AfterMethod cleanup -->
  <testcase name="@BeforeMethod startSelenium" time="0.0" classname="concep.selenium.iaConnector.CampaignCreation">
    <skipped/>
  </testcase> <!-- @BeforeMethod startSelenium -->
  <testcase name="@AfterMethod cleanup" time="0.0" classname="concep.selenium.iaConnector.CampaignCreation">
    <failure type="org.openqa.selenium.WebDriverException" message="Error communicating with the remote browser. It may have died.
Build info: version: &amp;apos;2.53.1&amp;apos;, revision: &amp;apos;a36b8b1&amp;apos;, time: &amp;apos;2016-06-30 17:37:03&amp;apos;
System info: host: &amp;apos;CON0722&amp;apos;, ip: &amp;apos;192.168.168.66&amp;apos;, os.name: &amp;apos;Windows 10&amp;apos;, os.arch: &amp;apos;amd64&amp;apos;, os.version: &amp;apos;10.0&amp;apos;, java.version: &amp;apos;1.8.0_181&amp;apos;
Driver info: driver.version: EventFiringWebDriver
Capabilities [{applicationCacheEnabled=true, rotatable=false, handlesAlerts=true, databaseEnabled=true, version=47.0.2, platform=WINDOWS, nativeEvents=false, acceptSslCerts=true, webStorageEnabled=true, locationContextEnabled=true, browserName=firefox, takesScreenshot=true, javascriptEnabled=true, cssSelectorsEnabled=true}]
Session ID: 37ebecb1-a308-4487-a556-deeaba26567b
Command duration or timeout: 1.44 seconds
Build info: version: &amp;apos;2.53.1&amp;apos;, revision: &amp;apos;a36b8b1&amp;apos;, time: &amp;apos;2016-06-30 17:37:03&amp;apos;
System info: host: &amp;apos;CON0722&amp;apos;, ip: &amp;apos;192.168.168.66&amp;apos;, os.name: &amp;apos;Windows 10&amp;apos;, os.arch: &amp;apos;amd64&amp;apos;, os.version: &amp;apos;10.0&amp;apos;, java.version: &amp;apos;1.8.0_181&amp;apos;
Driver info: org.openqa.selenium.remote.RemoteWebDriver
Capabilities [{applicationCacheEnabled=true, rotatable=false, handlesAlerts=true, databaseEnabled=true, version=47.0.2, platform=WINDOWS, nativeEvents=false, acceptSslCerts=true, webdriver.remote.sessionid=ace0d6a6-1e82-4be4-b132-8e4b940aa4fa, webStorageEnabled=true, locationContextEnabled=true, browserName=firefox, takesScreenshot=true, javascriptEnabled=true, cssSelectorsEnabled=true}]
Session ID: ace0d6a6-1e82-4be4-b132-8e4b940aa4fa">
      <![CDATA[org.openqa.selenium.WebDriverException: Error communicating with the remote browser. It may have died.
Build info: version: '2.53.1', revision: 'a36b8b1', time: '2016-06-30 17:37:03'
System info: host: 'CON0722', ip: '192.168.168.66', os.name: 'Windows 10', os.arch: 'amd64', os.version: '10.0', java.version: '1.8.0_181'
Driver info: driver.version: EventFiringWebDriver
Capabilities [{applicationCacheEnabled=true, rotatable=false, handlesAlerts=true, databaseEnabled=true, version=47.0.2, platform=WINDOWS, nativeEvents=false, acceptSslCerts=true, webStorageEnabled=true, locationContextEnabled=true, browserName=firefox, takesScreenshot=true, javascriptEnabled=true, cssSelectorsEnabled=true}]
Session ID: 37ebecb1-a308-4487-a556-deeaba26567b
Command duration or timeout: 1.44 seconds
Build info: version: '2.53.1', revision: 'a36b8b1', time: '2016-06-30 17:37:03'
System info: host: 'CON0722', ip: '192.168.168.66', os.name: 'Windows 10', os.arch: 'amd64', os.version: '10.0', java.version: '1.8.0_181'
Driver info: org.openqa.selenium.remote.RemoteWebDriver
Capabilities [{applicationCacheEnabled=true, rotatable=false, handlesAlerts=true, databaseEnabled=true, version=47.0.2, platform=WINDOWS, nativeEvents=false, acceptSslCerts=true, webdriver.remote.sessionid=ace0d6a6-1e82-4be4-b132-8e4b940aa4fa, webStorageEnabled=true, locationContextEnabled=true, browserName=firefox, takesScreenshot=true, javascriptEnabled=true, cssSelectorsEnabled=true}]
Session ID: ace0d6a6-1e82-4be4-b132-8e4b940aa4fa
	at org.openqa.selenium.remote.ErrorHandler.createThrowable(ErrorHandler.java:206)
	at org.openqa.selenium.remote.ErrorHandler.throwIfResponseFailed(ErrorHandler.java:158)
	at org.openqa.selenium.remote.RemoteWebDriver.execute(RemoteWebDriver.java:678)
	at org.openqa.selenium.remote.RemoteWebDriver.execute(RemoteWebDriver.java:701)
	at org.openqa.selenium.remote.RemoteWebDriver.close(RemoteWebDriver.java:521)
	at concep.selenium.core.GenericSeleniumWebDriver.stopSelenium(GenericSeleniumWebDriver.java:491)
	at concep.selenium.iaConnector.BaseIAconnector.cleanup(BaseIAconnector.java:190)
Caused by: org.openqa.selenium.remote.UnreachableBrowserException: Error communicating with the remote browser. It may have died.
Build info: version: '2.53.1', revision: 'a36b8b1', time: '2016-06-30 17:37:03'
System info: host: 'CON0722', ip: '192.168.168.66', os.name: 'Windows 10', os.arch: 'amd64', os.version: '10.0', java.version: '1.8.0_181'
Driver info: driver.version: EventFiringWebDriver
Capabilities [{applicationCacheEnabled=true, rotatable=false, handlesAlerts=true, databaseEnabled=true, version=47.0.2, platform=WINDOWS, nativeEvents=false, acceptSslCerts=true, webStorageEnabled=true, locationContextEnabled=true, browserName=firefox, takesScreenshot=true, javascriptEnabled=true, cssSelectorsEnabled=true}]
Session ID: 37ebecb1-a308-4487-a556-deeaba26567b
Build info: version: '2.53.1', revision: 'a36b8b1', time: '2016-06-30 17:37:03'
System info: host: 'CON0722', ip: '192.168.168.66', os.name: 'Windows 10', os.arch: 'amd64', os.version: '10.0', java.version: '1.8.0_181'
Driver info: driver.version: unknown
... Removed 30 stack frames]]>
    </failure>
  </testcase> <!-- @AfterMethod cleanup -->
  <testcase name="@BeforeMethod startSelenium" time="0.0" classname="concep.selenium.iaConnector.CampaignCreation">
    <skipped/>
  </testcase> <!-- @BeforeMethod startSelenium -->
  <testcase name="@AfterMethod cleanup" time="0.0" classname="concep.selenium.iaConnector.CampaignCreation">
    <failure type="org.openqa.selenium.WebDriverException" message="Error communicating with the remote browser. It may have died.
Build info: version: &amp;apos;2.53.1&amp;apos;, revision: &amp;apos;a36b8b1&amp;apos;, time: &amp;apos;2016-06-30 17:37:03&amp;apos;
System info: host: &amp;apos;CON0722&amp;apos;, ip: &amp;apos;192.168.168.66&amp;apos;, os.name: &amp;apos;Windows 10&amp;apos;, os.arch: &amp;apos;amd64&amp;apos;, os.version: &amp;apos;10.0&amp;apos;, java.version: &amp;apos;1.8.0_181&amp;apos;
Driver info: driver.version: EventFiringWebDriver
Capabilities [{applicationCacheEnabled=true, rotatable=false, handlesAlerts=true, databaseEnabled=true, version=47.0.2, platform=WINDOWS, nativeEvents=false, acceptSslCerts=true, webStorageEnabled=true, locationContextEnabled=true, browserName=firefox, takesScreenshot=true, javascriptEnabled=true, cssSelectorsEnabled=true}]
Session ID: 37ebecb1-a308-4487-a556-deeaba26567b
Command duration or timeout: 1.38 seconds
Build info: version: &amp;apos;2.53.1&amp;apos;, revision: &amp;apos;a36b8b1&amp;apos;, time: &amp;apos;2016-06-30 17:37:03&amp;apos;
System info: host: &amp;apos;CON0722&amp;apos;, ip: &amp;apos;192.168.168.66&amp;apos;, os.name: &amp;apos;Windows 10&amp;apos;, os.arch: &amp;apos;amd64&amp;apos;, os.version: &amp;apos;10.0&amp;apos;, java.version: &amp;apos;1.8.0_181&amp;apos;
Driver info: org.openqa.selenium.remote.RemoteWebDriver
Capabilities [{applicationCacheEnabled=true, rotatable=false, handlesAlerts=true, databaseEnabled=true, version=47.0.2, platform=WINDOWS, nativeEvents=false, acceptSslCerts=true, webdriver.remote.sessionid=ace0d6a6-1e82-4be4-b132-8e4b940aa4fa, webStorageEnabled=true, locationContextEnabled=true, browserName=firefox, takesScreenshot=true, javascriptEnabled=true, cssSelectorsEnabled=true}]
Session ID: ace0d6a6-1e82-4be4-b132-8e4b940aa4fa">
      <![CDATA[org.openqa.selenium.WebDriverException: Error communicating with the remote browser. It may have died.
Build info: version: '2.53.1', revision: 'a36b8b1', time: '2016-06-30 17:37:03'
System info: host: 'CON0722', ip: '192.168.168.66', os.name: 'Windows 10', os.arch: 'amd64', os.version: '10.0', java.version: '1.8.0_181'
Driver info: driver.version: EventFiringWebDriver
Capabilities [{applicationCacheEnabled=true, rotatable=false, handlesAlerts=true, databaseEnabled=true, version=47.0.2, platform=WINDOWS, nativeEvents=false, acceptSslCerts=true, webStorageEnabled=true, locationContextEnabled=true, browserName=firefox, takesScreenshot=true, javascriptEnabled=true, cssSelectorsEnabled=true}]
Session ID: 37ebecb1-a308-4487-a556-deeaba26567b
Command duration or timeout: 1.38 seconds
Build info: version: '2.53.1', revision: 'a36b8b1', time: '2016-06-30 17:37:03'
System info: host: 'CON0722', ip: '192.168.168.66', os.name: 'Windows 10', os.arch: 'amd64', os.version: '10.0', java.version: '1.8.0_181'
Driver info: org.openqa.selenium.remote.RemoteWebDriver
Capabilities [{applicationCacheEnabled=true, rotatable=false, handlesAlerts=true, databaseEnabled=true, version=47.0.2, platform=WINDOWS, nativeEvents=false, acceptSslCerts=true, webdriver.remote.sessionid=ace0d6a6-1e82-4be4-b132-8e4b940aa4fa, webStorageEnabled=true, locationContextEnabled=true, browserName=firefox, takesScreenshot=true, javascriptEnabled=true, cssSelectorsEnabled=true}]
Session ID: ace0d6a6-1e82-4be4-b132-8e4b940aa4fa
	at org.openqa.selenium.remote.ErrorHandler.createThrowable(ErrorHandler.java:206)
	at org.openqa.selenium.remote.ErrorHandler.throwIfResponseFailed(ErrorHandler.java:158)
	at org.openqa.selenium.remote.RemoteWebDriver.execute(RemoteWebDriver.java:678)
	at org.openqa.selenium.remote.RemoteWebDriver.execute(RemoteWebDriver.java:701)
	at org.openqa.selenium.remote.RemoteWebDriver.close(RemoteWebDriver.java:521)
	at concep.selenium.core.GenericSeleniumWebDriver.stopSelenium(GenericSeleniumWebDriver.java:491)
	at concep.selenium.iaConnector.BaseIAconnector.cleanup(BaseIAconnector.java:190)
Caused by: org.openqa.selenium.remote.UnreachableBrowserException: Error communicating with the remote browser. It may have died.
Build info: version: '2.53.1', revision: 'a36b8b1', time: '2016-06-30 17:37:03'
System info: host: 'CON0722', ip: '192.168.168.66', os.name: 'Windows 10', os.arch: 'amd64', os.version: '10.0', java.version: '1.8.0_181'
Driver info: driver.version: EventFiringWebDriver
Capabilities [{applicationCacheEnabled=true, rotatable=false, handlesAlerts=true, databaseEnabled=true, version=47.0.2, platform=WINDOWS, nativeEvents=false, acceptSslCerts=true, webStorageEnabled=true, locationContextEnabled=true, browserName=firefox, takesScreenshot=true, javascriptEnabled=true, cssSelectorsEnabled=true}]
Session ID: 37ebecb1-a308-4487-a556-deeaba26567b
Build info: version: '2.53.1', revision: 'a36b8b1', time: '2016-06-30 17:37:03'
System info: host: 'CON0722', ip: '192.168.168.66', os.name: 'Windows 10', os.arch: 'amd64', os.version: '10.0', java.version: '1.8.0_181'
Driver info: driver.version: unknown
... Removed 30 stack frames]]>
    </failure>
  </testcase> <!-- @AfterMethod cleanup -->
  <testcase name="@BeforeMethod startSelenium" time="0.0" classname="concep.selenium.iaConnector.CampaignCreation">
    <skipped/>
  </testcase> <!-- @BeforeMethod startSelenium -->
  <testcase name="@AfterMethod cleanup" time="0.0" classname="concep.selenium.iaConnector.CampaignCreation">
    <failure type="org.openqa.selenium.WebDriverException" message="Error communicating with the remote browser. It may have died.
Build info: version: &amp;apos;2.53.1&amp;apos;, revision: &amp;apos;a36b8b1&amp;apos;, time: &amp;apos;2016-06-30 17:37:03&amp;apos;
System info: host: &amp;apos;CON0722&amp;apos;, ip: &amp;apos;192.168.168.66&amp;apos;, os.name: &amp;apos;Windows 10&amp;apos;, os.arch: &amp;apos;amd64&amp;apos;, os.version: &amp;apos;10.0&amp;apos;, java.version: &amp;apos;1.8.0_181&amp;apos;
Driver info: driver.version: EventFiringWebDriver
Capabilities [{applicationCacheEnabled=true, rotatable=false, handlesAlerts=true, databaseEnabled=true, version=47.0.2, platform=WINDOWS, nativeEvents=false, acceptSslCerts=true, webStorageEnabled=true, locationContextEnabled=true, browserName=firefox, takesScreenshot=true, javascriptEnabled=true, cssSelectorsEnabled=true}]
Session ID: 37ebecb1-a308-4487-a556-deeaba26567b
Command duration or timeout: 1.40 seconds
Build info: version: &amp;apos;2.53.1&amp;apos;, revision: &amp;apos;a36b8b1&amp;apos;, time: &amp;apos;2016-06-30 17:37:03&amp;apos;
System info: host: &amp;apos;CON0722&amp;apos;, ip: &amp;apos;192.168.168.66&amp;apos;, os.name: &amp;apos;Windows 10&amp;apos;, os.arch: &amp;apos;amd64&amp;apos;, os.version: &amp;apos;10.0&amp;apos;, java.version: &amp;apos;1.8.0_181&amp;apos;
Driver info: org.openqa.selenium.remote.RemoteWebDriver
Capabilities [{applicationCacheEnabled=true, rotatable=false, handlesAlerts=true, databaseEnabled=true, version=47.0.2, platform=WINDOWS, nativeEvents=false, acceptSslCerts=true, webdriver.remote.sessionid=ace0d6a6-1e82-4be4-b132-8e4b940aa4fa, webStorageEnabled=true, locationContextEnabled=true, browserName=firefox, takesScreenshot=true, javascriptEnabled=true, cssSelectorsEnabled=true}]
Session ID: ace0d6a6-1e82-4be4-b132-8e4b940aa4fa">
      <![CDATA[org.openqa.selenium.WebDriverException: Error communicating with the remote browser. It may have died.
Build info: version: '2.53.1', revision: 'a36b8b1', time: '2016-06-30 17:37:03'
System info: host: 'CON0722', ip: '192.168.168.66', os.name: 'Windows 10', os.arch: 'amd64', os.version: '10.0', java.version: '1.8.0_181'
Driver info: driver.version: EventFiringWebDriver
Capabilities [{applicationCacheEnabled=true, rotatable=false, handlesAlerts=true, databaseEnabled=true, version=47.0.2, platform=WINDOWS, nativeEvents=false, acceptSslCerts=true, webStorageEnabled=true, locationContextEnabled=true, browserName=firefox, takesScreenshot=true, javascriptEnabled=true, cssSelectorsEnabled=true}]
Session ID: 37ebecb1-a308-4487-a556-deeaba26567b
Command duration or timeout: 1.40 seconds
Build info: version: '2.53.1', revision: 'a36b8b1', time: '2016-06-30 17:37:03'
System info: host: 'CON0722', ip: '192.168.168.66', os.name: 'Windows 10', os.arch: 'amd64', os.version: '10.0', java.version: '1.8.0_181'
Driver info: org.openqa.selenium.remote.RemoteWebDriver
Capabilities [{applicationCacheEnabled=true, rotatable=false, handlesAlerts=true, databaseEnabled=true, version=47.0.2, platform=WINDOWS, nativeEvents=false, acceptSslCerts=true, webdriver.remote.sessionid=ace0d6a6-1e82-4be4-b132-8e4b940aa4fa, webStorageEnabled=true, locationContextEnabled=true, browserName=firefox, takesScreenshot=true, javascriptEnabled=true, cssSelectorsEnabled=true}]
Session ID: ace0d6a6-1e82-4be4-b132-8e4b940aa4fa
	at org.openqa.selenium.remote.ErrorHandler.createThrowable(ErrorHandler.java:206)
	at org.openqa.selenium.remote.ErrorHandler.throwIfResponseFailed(ErrorHandler.java:158)
	at org.openqa.selenium.remote.RemoteWebDriver.execute(RemoteWebDriver.java:678)
	at org.openqa.selenium.remote.RemoteWebDriver.execute(RemoteWebDriver.java:701)
	at org.openqa.selenium.remote.RemoteWebDriver.close(RemoteWebDriver.java:521)
	at concep.selenium.core.GenericSeleniumWebDriver.stopSelenium(GenericSeleniumWebDriver.java:491)
	at concep.selenium.iaConnector.BaseIAconnector.cleanup(BaseIAconnector.java:190)
Caused by: org.openqa.selenium.remote.UnreachableBrowserException: Error communicating with the remote browser. It may have died.
Build info: version: '2.53.1', revision: 'a36b8b1', time: '2016-06-30 17:37:03'
System info: host: 'CON0722', ip: '192.168.168.66', os.name: 'Windows 10', os.arch: 'amd64', os.version: '10.0', java.version: '1.8.0_181'
Driver info: driver.version: EventFiringWebDriver
Capabilities [{applicationCacheEnabled=true, rotatable=false, handlesAlerts=true, databaseEnabled=true, version=47.0.2, platform=WINDOWS, nativeEvents=false, acceptSslCerts=true, webStorageEnabled=true, locationContextEnabled=true, browserName=firefox, takesScreenshot=true, javascriptEnabled=true, cssSelectorsEnabled=true}]
Session ID: 37ebecb1-a308-4487-a556-deeaba26567b
Build info: version: '2.53.1', revision: 'a36b8b1', time: '2016-06-30 17:37:03'
System info: host: 'CON0722', ip: '192.168.168.66', os.name: 'Windows 10', os.arch: 'amd64', os.version: '10.0', java.version: '1.8.0_181'
Driver info: driver.version: unknown
... Removed 30 stack frames]]>
    </failure>
  </testcase> <!-- @AfterMethod cleanup -->
  <testcase name="@BeforeMethod startSelenium" time="0.0" classname="concep.selenium.iaConnector.CampaignCreation">
    <skipped/>
  </testcase> <!-- @BeforeMethod startSelenium -->
  <testcase name="@AfterMethod cleanup" time="0.0" classname="concep.selenium.iaConnector.CampaignCreation">
    <failure type="org.openqa.selenium.WebDriverException" message="Error communicating with the remote browser. It may have died.
Build info: version: &amp;apos;2.53.1&amp;apos;, revision: &amp;apos;a36b8b1&amp;apos;, time: &amp;apos;2016-06-30 17:37:03&amp;apos;
System info: host: &amp;apos;CON0722&amp;apos;, ip: &amp;apos;192.168.168.66&amp;apos;, os.name: &amp;apos;Windows 10&amp;apos;, os.arch: &amp;apos;amd64&amp;apos;, os.version: &amp;apos;10.0&amp;apos;, java.version: &amp;apos;1.8.0_181&amp;apos;
Driver info: driver.version: EventFiringWebDriver
Capabilities [{applicationCacheEnabled=true, rotatable=false, handlesAlerts=true, databaseEnabled=true, version=47.0.2, platform=WINDOWS, nativeEvents=false, acceptSslCerts=true, webStorageEnabled=true, locationContextEnabled=true, browserName=firefox, takesScreenshot=true, javascriptEnabled=true, cssSelectorsEnabled=true}]
Session ID: 37ebecb1-a308-4487-a556-deeaba26567b
Command duration or timeout: 1.39 seconds
Build info: version: &amp;apos;2.53.1&amp;apos;, revision: &amp;apos;a36b8b1&amp;apos;, time: &amp;apos;2016-06-30 17:37:03&amp;apos;
System info: host: &amp;apos;CON0722&amp;apos;, ip: &amp;apos;192.168.168.66&amp;apos;, os.name: &amp;apos;Windows 10&amp;apos;, os.arch: &amp;apos;amd64&amp;apos;, os.version: &amp;apos;10.0&amp;apos;, java.version: &amp;apos;1.8.0_181&amp;apos;
Driver info: org.openqa.selenium.remote.RemoteWebDriver
Capabilities [{applicationCacheEnabled=true, rotatable=false, handlesAlerts=true, databaseEnabled=true, version=47.0.2, platform=WINDOWS, nativeEvents=false, acceptSslCerts=true, webdriver.remote.sessionid=ace0d6a6-1e82-4be4-b132-8e4b940aa4fa, webStorageEnabled=true, locationContextEnabled=true, browserName=firefox, takesScreenshot=true, javascriptEnabled=true, cssSelectorsEnabled=true}]
Session ID: ace0d6a6-1e82-4be4-b132-8e4b940aa4fa">
      <![CDATA[org.openqa.selenium.WebDriverException: Error communicating with the remote browser. It may have died.
Build info: version: '2.53.1', revision: 'a36b8b1', time: '2016-06-30 17:37:03'
System info: host: 'CON0722', ip: '192.168.168.66', os.name: 'Windows 10', os.arch: 'amd64', os.version: '10.0', java.version: '1.8.0_181'
Driver info: driver.version: EventFiringWebDriver
Capabilities [{applicationCacheEnabled=true, rotatable=false, handlesAlerts=true, databaseEnabled=true, version=47.0.2, platform=WINDOWS, nativeEvents=false, acceptSslCerts=true, webStorageEnabled=true, locationContextEnabled=true, browserName=firefox, takesScreenshot=true, javascriptEnabled=true, cssSelectorsEnabled=true}]
Session ID: 37ebecb1-a308-4487-a556-deeaba26567b
Command duration or timeout: 1.39 seconds
Build info: version: '2.53.1', revision: 'a36b8b1', time: '2016-06-30 17:37:03'
System info: host: 'CON0722', ip: '192.168.168.66', os.name: 'Windows 10', os.arch: 'amd64', os.version: '10.0', java.version: '1.8.0_181'
Driver info: org.openqa.selenium.remote.RemoteWebDriver
Capabilities [{applicationCacheEnabled=true, rotatable=false, handlesAlerts=true, databaseEnabled=true, version=47.0.2, platform=WINDOWS, nativeEvents=false, acceptSslCerts=true, webdriver.remote.sessionid=ace0d6a6-1e82-4be4-b132-8e4b940aa4fa, webStorageEnabled=true, locationContextEnabled=true, browserName=firefox, takesScreenshot=true, javascriptEnabled=true, cssSelectorsEnabled=true}]
Session ID: ace0d6a6-1e82-4be4-b132-8e4b940aa4fa
	at org.openqa.selenium.remote.ErrorHandler.createThrowable(ErrorHandler.java:206)
	at org.openqa.selenium.remote.ErrorHandler.throwIfResponseFailed(ErrorHandler.java:158)
	at org.openqa.selenium.remote.RemoteWebDriver.execute(RemoteWebDriver.java:678)
	at org.openqa.selenium.remote.RemoteWebDriver.execute(RemoteWebDriver.java:701)
	at org.openqa.selenium.remote.RemoteWebDriver.close(RemoteWebDriver.java:521)
	at concep.selenium.core.GenericSeleniumWebDriver.stopSelenium(GenericSeleniumWebDriver.java:491)
	at concep.selenium.iaConnector.BaseIAconnector.cleanup(BaseIAconnector.java:190)
Caused by: org.openqa.selenium.remote.UnreachableBrowserException: Error communicating with the remote browser. It may have died.
Build info: version: '2.53.1', revision: 'a36b8b1', time: '2016-06-30 17:37:03'
System info: host: 'CON0722', ip: '192.168.168.66', os.name: 'Windows 10', os.arch: 'amd64', os.version: '10.0', java.version: '1.8.0_181'
Driver info: driver.version: EventFiringWebDriver
Capabilities [{applicationCacheEnabled=true, rotatable=false, handlesAlerts=true, databaseEnabled=true, version=47.0.2, platform=WINDOWS, nativeEvents=false, acceptSslCerts=true, webStorageEnabled=true, locationContextEnabled=true, browserName=firefox, takesScreenshot=true, javascriptEnabled=true, cssSelectorsEnabled=true}]
Session ID: 37ebecb1-a308-4487-a556-deeaba26567b
Build info: version: '2.53.1', revision: 'a36b8b1', time: '2016-06-30 17:37:03'
System info: host: 'CON0722', ip: '192.168.168.66', os.name: 'Windows 10', os.arch: 'amd64', os.version: '10.0', java.version: '1.8.0_181'
Driver info: driver.version: unknown
... Removed 30 stack frames]]>
    </failure>
  </testcase> <!-- @AfterMethod cleanup -->
  <testcase name="@BeforeMethod startSelenium" time="0.0" classname="concep.selenium.iaConnector.CampaignCreation">
    <skipped/>
  </testcase> <!-- @BeforeMethod startSelenium -->
  <testcase name="@AfterMethod cleanup" time="0.0" classname="concep.selenium.iaConnector.CampaignCreation">
    <failure type="org.openqa.selenium.WebDriverException" message="Error communicating with the remote browser. It may have died.
Build info: version: &amp;apos;2.53.1&amp;apos;, revision: &amp;apos;a36b8b1&amp;apos;, time: &amp;apos;2016-06-30 17:37:03&amp;apos;
System info: host: &amp;apos;CON0722&amp;apos;, ip: &amp;apos;192.168.168.66&amp;apos;, os.name: &amp;apos;Windows 10&amp;apos;, os.arch: &amp;apos;amd64&amp;apos;, os.version: &amp;apos;10.0&amp;apos;, java.version: &amp;apos;1.8.0_181&amp;apos;
Driver info: driver.version: EventFiringWebDriver
Capabilities [{applicationCacheEnabled=true, rotatable=false, handlesAlerts=true, databaseEnabled=true, version=47.0.2, platform=WINDOWS, nativeEvents=false, acceptSslCerts=true, webStorageEnabled=true, locationContextEnabled=true, browserName=firefox, takesScreenshot=true, javascriptEnabled=true, cssSelectorsEnabled=true}]
Session ID: 37ebecb1-a308-4487-a556-deeaba26567b
Command duration or timeout: 1.36 seconds
Build info: version: &amp;apos;2.53.1&amp;apos;, revision: &amp;apos;a36b8b1&amp;apos;, time: &amp;apos;2016-06-30 17:37:03&amp;apos;
System info: host: &amp;apos;CON0722&amp;apos;, ip: &amp;apos;192.168.168.66&amp;apos;, os.name: &amp;apos;Windows 10&amp;apos;, os.arch: &amp;apos;amd64&amp;apos;, os.version: &amp;apos;10.0&amp;apos;, java.version: &amp;apos;1.8.0_181&amp;apos;
Driver info: org.openqa.selenium.remote.RemoteWebDriver
Capabilities [{applicationCacheEnabled=true, rotatable=false, handlesAlerts=true, databaseEnabled=true, version=47.0.2, platform=WINDOWS, nativeEvents=false, acceptSslCerts=true, webdriver.remote.sessionid=ace0d6a6-1e82-4be4-b132-8e4b940aa4fa, webStorageEnabled=true, locationContextEnabled=true, browserName=firefox, takesScreenshot=true, javascriptEnabled=true, cssSelectorsEnabled=true}]
Session ID: ace0d6a6-1e82-4be4-b132-8e4b940aa4fa">
      <![CDATA[org.openqa.selenium.WebDriverException: Error communicating with the remote browser. It may have died.
Build info: version: '2.53.1', revision: 'a36b8b1', time: '2016-06-30 17:37:03'
System info: host: 'CON0722', ip: '192.168.168.66', os.name: 'Windows 10', os.arch: 'amd64', os.version: '10.0', java.version: '1.8.0_181'
Driver info: driver.version: EventFiringWebDriver
Capabilities [{applicationCacheEnabled=true, rotatable=false, handlesAlerts=true, databaseEnabled=true, version=47.0.2, platform=WINDOWS, nativeEvents=false, acceptSslCerts=true, webStorageEnabled=true, locationContextEnabled=true, browserName=firefox, takesScreenshot=true, javascriptEnabled=true, cssSelectorsEnabled=true}]
Session ID: 37ebecb1-a308-4487-a556-deeaba26567b
Command duration or timeout: 1.36 seconds
Build info: version: '2.53.1', revision: 'a36b8b1', time: '2016-06-30 17:37:03'
System info: host: 'CON0722', ip: '192.168.168.66', os.name: 'Windows 10', os.arch: 'amd64', os.version: '10.0', java.version: '1.8.0_181'
Driver info: org.openqa.selenium.remote.RemoteWebDriver
Capabilities [{applicationCacheEnabled=true, rotatable=false, handlesAlerts=true, databaseEnabled=true, version=47.0.2, platform=WINDOWS, nativeEvents=false, acceptSslCerts=true, webdriver.remote.sessionid=ace0d6a6-1e82-4be4-b132-8e4b940aa4fa, webStorageEnabled=true, locationContextEnabled=true, browserName=firefox, takesScreenshot=true, javascriptEnabled=true, cssSelectorsEnabled=true}]
Session ID: ace0d6a6-1e82-4be4-b132-8e4b940aa4fa
	at org.openqa.selenium.remote.ErrorHandler.createThrowable(ErrorHandler.java:206)
	at org.openqa.selenium.remote.ErrorHandler.throwIfResponseFailed(ErrorHandler.java:158)
	at org.openqa.selenium.remote.RemoteWebDriver.execute(RemoteWebDriver.java:678)
	at org.openqa.selenium.remote.RemoteWebDriver.execute(RemoteWebDriver.java:701)
	at org.openqa.selenium.remote.RemoteWebDriver.close(RemoteWebDriver.java:521)
	at concep.selenium.core.GenericSeleniumWebDriver.stopSelenium(GenericSeleniumWebDriver.java:491)
	at concep.selenium.iaConnector.BaseIAconnector.cleanup(BaseIAconnector.java:190)
Caused by: org.openqa.selenium.remote.UnreachableBrowserException: Error communicating with the remote browser. It may have died.
Build info: version: '2.53.1', revision: 'a36b8b1', time: '2016-06-30 17:37:03'
System info: host: 'CON0722', ip: '192.168.168.66', os.name: 'Windows 10', os.arch: 'amd64', os.version: '10.0', java.version: '1.8.0_181'
Driver info: driver.version: EventFiringWebDriver
Capabilities [{applicationCacheEnabled=true, rotatable=false, handlesAlerts=true, databaseEnabled=true, version=47.0.2, platform=WINDOWS, nativeEvents=false, acceptSslCerts=true, webStorageEnabled=true, locationContextEnabled=true, browserName=firefox, takesScreenshot=true, javascriptEnabled=true, cssSelectorsEnabled=true}]
Session ID: 37ebecb1-a308-4487-a556-deeaba26567b
Build info: version: '2.53.1', revision: 'a36b8b1', time: '2016-06-30 17:37:03'
System info: host: 'CON0722', ip: '192.168.168.66', os.name: 'Windows 10', os.arch: 'amd64', os.version: '10.0', java.version: '1.8.0_181'
Driver info: driver.version: unknown
... Removed 30 stack frames]]>
    </failure>
  </testcase> <!-- @AfterMethod cleanup -->
  <testcase name="@BeforeMethod startSelenium" time="0.0" classname="concep.selenium.iaConnector.CampaignCreation">
    <skipped/>
  </testcase> <!-- @BeforeMethod startSelenium -->
  <testcase name="@AfterMethod cleanup" time="0.0" classname="concep.selenium.iaConnector.CampaignCreation">
    <failure type="org.openqa.selenium.WebDriverException" message="Error communicating with the remote browser. It may have died.
Build info: version: &amp;apos;2.53.1&amp;apos;, revision: &amp;apos;a36b8b1&amp;apos;, time: &amp;apos;2016-06-30 17:37:03&amp;apos;
System info: host: &amp;apos;CON0722&amp;apos;, ip: &amp;apos;192.168.168.66&amp;apos;, os.name: &amp;apos;Windows 10&amp;apos;, os.arch: &amp;apos;amd64&amp;apos;, os.version: &amp;apos;10.0&amp;apos;, java.version: &amp;apos;1.8.0_181&amp;apos;
Driver info: driver.version: EventFiringWebDriver
Capabilities [{applicationCacheEnabled=true, rotatable=false, handlesAlerts=true, databaseEnabled=true, version=47.0.2, platform=WINDOWS, nativeEvents=false, acceptSslCerts=true, webStorageEnabled=true, locationContextEnabled=true, browserName=firefox, takesScreenshot=true, javascriptEnabled=true, cssSelectorsEnabled=true}]
Session ID: 37ebecb1-a308-4487-a556-deeaba26567b
Command duration or timeout: 1.42 seconds
Build info: version: &amp;apos;2.53.1&amp;apos;, revision: &amp;apos;a36b8b1&amp;apos;, time: &amp;apos;2016-06-30 17:37:03&amp;apos;
System info: host: &amp;apos;CON0722&amp;apos;, ip: &amp;apos;192.168.168.66&amp;apos;, os.name: &amp;apos;Windows 10&amp;apos;, os.arch: &amp;apos;amd64&amp;apos;, os.version: &amp;apos;10.0&amp;apos;, java.version: &amp;apos;1.8.0_181&amp;apos;
Driver info: org.openqa.selenium.remote.RemoteWebDriver
Capabilities [{applicationCacheEnabled=true, rotatable=false, handlesAlerts=true, databaseEnabled=true, version=47.0.2, platform=WINDOWS, nativeEvents=false, acceptSslCerts=true, webdriver.remote.sessionid=ace0d6a6-1e82-4be4-b132-8e4b940aa4fa, webStorageEnabled=true, locationContextEnabled=true, browserName=firefox, takesScreenshot=true, javascriptEnabled=true, cssSelectorsEnabled=true}]
Session ID: ace0d6a6-1e82-4be4-b132-8e4b940aa4fa">
      <![CDATA[org.openqa.selenium.WebDriverException: Error communicating with the remote browser. It may have died.
Build info: version: '2.53.1', revision: 'a36b8b1', time: '2016-06-30 17:37:03'
System info: host: 'CON0722', ip: '192.168.168.66', os.name: 'Windows 10', os.arch: 'amd64', os.version: '10.0', java.version: '1.8.0_181'
Driver info: driver.version: EventFiringWebDriver
Capabilities [{applicationCacheEnabled=true, rotatable=false, handlesAlerts=true, databaseEnabled=true, version=47.0.2, platform=WINDOWS, nativeEvents=false, acceptSslCerts=true, webStorageEnabled=true, locationContextEnabled=true, browserName=firefox, takesScreenshot=true, javascriptEnabled=true, cssSelectorsEnabled=true}]
Session ID: 37ebecb1-a308-4487-a556-deeaba26567b
Command duration or timeout: 1.42 seconds
Build info: version: '2.53.1', revision: 'a36b8b1', time: '2016-06-30 17:37:03'
System info: host: 'CON0722', ip: '192.168.168.66', os.name: 'Windows 10', os.arch: 'amd64', os.version: '10.0', java.version: '1.8.0_181'
Driver info: org.openqa.selenium.remote.RemoteWebDriver
Capabilities [{applicationCacheEnabled=true, rotatable=false, handlesAlerts=true, databaseEnabled=true, version=47.0.2, platform=WINDOWS, nativeEvents=false, acceptSslCerts=true, webdriver.remote.sessionid=ace0d6a6-1e82-4be4-b132-8e4b940aa4fa, webStorageEnabled=true, locationContextEnabled=true, browserName=firefox, takesScreenshot=true, javascriptEnabled=true, cssSelectorsEnabled=true}]
Session ID: ace0d6a6-1e82-4be4-b132-8e4b940aa4fa
	at org.openqa.selenium.remote.ErrorHandler.createThrowable(ErrorHandler.java:206)
	at org.openqa.selenium.remote.ErrorHandler.throwIfResponseFailed(ErrorHandler.java:158)
	at org.openqa.selenium.remote.RemoteWebDriver.execute(RemoteWebDriver.java:678)
	at org.openqa.selenium.remote.RemoteWebDriver.execute(RemoteWebDriver.java:701)
	at org.openqa.selenium.remote.RemoteWebDriver.close(RemoteWebDriver.java:521)
	at concep.selenium.core.GenericSeleniumWebDriver.stopSelenium(GenericSeleniumWebDriver.java:491)
	at concep.selenium.iaConnector.BaseIAconnector.cleanup(BaseIAconnector.java:190)
Caused by: org.openqa.selenium.remote.UnreachableBrowserException: Error communicating with the remote browser. It may have died.
Build info: version: '2.53.1', revision: 'a36b8b1', time: '2016-06-30 17:37:03'
System info: host: 'CON0722', ip: '192.168.168.66', os.name: 'Windows 10', os.arch: 'amd64', os.version: '10.0', java.version: '1.8.0_181'
Driver info: driver.version: EventFiringWebDriver
Capabilities [{applicationCacheEnabled=true, rotatable=false, handlesAlerts=true, databaseEnabled=true, version=47.0.2, platform=WINDOWS, nativeEvents=false, acceptSslCerts=true, webStorageEnabled=true, locationContextEnabled=true, browserName=firefox, takesScreenshot=true, javascriptEnabled=true, cssSelectorsEnabled=true}]
Session ID: 37ebecb1-a308-4487-a556-deeaba26567b
Build info: version: '2.53.1', revision: 'a36b8b1', time: '2016-06-30 17:37:03'
System info: host: 'CON0722', ip: '192.168.168.66', os.name: 'Windows 10', os.arch: 'amd64', os.version: '10.0', java.version: '1.8.0_181'
Driver info: driver.version: unknown
... Removed 29 stack frames]]>
    </failure>
  </testcase> <!-- @AfterMethod cleanup -->
  <testcase name="@BeforeMethod startSelenium" time="0.0" classname="concep.selenium.iaConnector.CampaignCreation">
    <skipped/>
  </testcase> <!-- @BeforeMethod startSelenium -->
  <testcase name="@AfterMethod cleanup" time="0.0" classname="concep.selenium.iaConnector.CampaignCreation">
    <failure type="org.openqa.selenium.WebDriverException" message="Error communicating with the remote browser. It may have died.
Build info: version: &amp;apos;2.53.1&amp;apos;, revision: &amp;apos;a36b8b1&amp;apos;, time: &amp;apos;2016-06-30 17:37:03&amp;apos;
System info: host: &amp;apos;CON0722&amp;apos;, ip: &amp;apos;192.168.168.66&amp;apos;, os.name: &amp;apos;Windows 10&amp;apos;, os.arch: &amp;apos;amd64&amp;apos;, os.version: &amp;apos;10.0&amp;apos;, java.version: &amp;apos;1.8.0_181&amp;apos;
Driver info: driver.version: EventFiringWebDriver
Capabilities [{applicationCacheEnabled=true, rotatable=false, handlesAlerts=true, databaseEnabled=true, version=47.0.2, platform=WINDOWS, nativeEvents=false, acceptSslCerts=true, webStorageEnabled=true, locationContextEnabled=true, browserName=firefox, takesScreenshot=true, javascriptEnabled=true, cssSelectorsEnabled=true}]
Session ID: 37ebecb1-a308-4487-a556-deeaba26567b
Command duration or timeout: 1.40 seconds
Build info: version: &amp;apos;2.53.1&amp;apos;, revision: &amp;apos;a36b8b1&amp;apos;, time: &amp;apos;2016-06-30 17:37:03&amp;apos;
System info: host: &amp;apos;CON0722&amp;apos;, ip: &amp;apos;192.168.168.66&amp;apos;, os.name: &amp;apos;Windows 10&amp;apos;, os.arch: &amp;apos;amd64&amp;apos;, os.version: &amp;apos;10.0&amp;apos;, java.version: &amp;apos;1.8.0_181&amp;apos;
Driver info: org.openqa.selenium.remote.RemoteWebDriver
Capabilities [{applicationCacheEnabled=true, rotatable=false, handlesAlerts=true, databaseEnabled=true, version=47.0.2, platform=WINDOWS, nativeEvents=false, acceptSslCerts=true, webdriver.remote.sessionid=ace0d6a6-1e82-4be4-b132-8e4b940aa4fa, webStorageEnabled=true, locationContextEnabled=true, browserName=firefox, takesScreenshot=true, javascriptEnabled=true, cssSelectorsEnabled=true}]
Session ID: ace0d6a6-1e82-4be4-b132-8e4b940aa4fa">
      <![CDATA[org.openqa.selenium.WebDriverException: Error communicating with the remote browser. It may have died.
Build info: version: '2.53.1', revision: 'a36b8b1', time: '2016-06-30 17:37:03'
System info: host: 'CON0722', ip: '192.168.168.66', os.name: 'Windows 10', os.arch: 'amd64', os.version: '10.0', java.version: '1.8.0_181'
Driver info: driver.version: EventFiringWebDriver
Capabilities [{applicationCacheEnabled=true, rotatable=false, handlesAlerts=true, databaseEnabled=true, version=47.0.2, platform=WINDOWS, nativeEvents=false, acceptSslCerts=true, webStorageEnabled=true, locationContextEnabled=true, browserName=firefox, takesScreenshot=true, javascriptEnabled=true, cssSelectorsEnabled=true}]
Session ID: 37ebecb1-a308-4487-a556-deeaba26567b
Command duration or timeout: 1.40 seconds
Build info: version: '2.53.1', revision: 'a36b8b1', time: '2016-06-30 17:37:03'
System info: host: 'CON0722', ip: '192.168.168.66', os.name: 'Windows 10', os.arch: 'amd64', os.version: '10.0', java.version: '1.8.0_181'
Driver info: org.openqa.selenium.remote.RemoteWebDriver
Capabilities [{applicationCacheEnabled=true, rotatable=false, handlesAlerts=true, databaseEnabled=true, version=47.0.2, platform=WINDOWS, nativeEvents=false, acceptSslCerts=true, webdriver.remote.sessionid=ace0d6a6-1e82-4be4-b132-8e4b940aa4fa, webStorageEnabled=true, locationContextEnabled=true, browserName=firefox, takesScreenshot=true, javascriptEnabled=true, cssSelectorsEnabled=true}]
Session ID: ace0d6a6-1e82-4be4-b132-8e4b940aa4fa
	at org.openqa.selenium.remote.ErrorHandler.createThrowable(ErrorHandler.java:206)
	at org.openqa.selenium.remote.ErrorHandler.throwIfResponseFailed(ErrorHandler.java:158)
	at org.openqa.selenium.remote.RemoteWebDriver.execute(RemoteWebDriver.java:678)
	at org.openqa.selenium.remote.RemoteWebDriver.execute(RemoteWebDriver.java:701)
	at org.openqa.selenium.remote.RemoteWebDriver.close(RemoteWebDriver.java:521)
	at concep.selenium.core.GenericSeleniumWebDriver.stopSelenium(GenericSeleniumWebDriver.java:491)
	at concep.selenium.iaConnector.BaseIAconnector.cleanup(BaseIAconnector.java:190)
Caused by: org.openqa.selenium.remote.UnreachableBrowserException: Error communicating with the remote browser. It may have died.
Build info: version: '2.53.1', revision: 'a36b8b1', time: '2016-06-30 17:37:03'
System info: host: 'CON0722', ip: '192.168.168.66', os.name: 'Windows 10', os.arch: 'amd64', os.version: '10.0', java.version: '1.8.0_181'
Driver info: driver.version: EventFiringWebDriver
Capabilities [{applicationCacheEnabled=true, rotatable=false, handlesAlerts=true, databaseEnabled=true, version=47.0.2, platform=WINDOWS, nativeEvents=false, acceptSslCerts=true, webStorageEnabled=true, locationContextEnabled=true, browserName=firefox, takesScreenshot=true, javascriptEnabled=true, cssSelectorsEnabled=true}]
Session ID: 37ebecb1-a308-4487-a556-deeaba26567b
Build info: version: '2.53.1', revision: 'a36b8b1', time: '2016-06-30 17:37:03'
System info: host: 'CON0722', ip: '192.168.168.66', os.name: 'Windows 10', os.arch: 'amd64', os.version: '10.0', java.version: '1.8.0_181'
Driver info: driver.version: unknown
... Removed 29 stack frames]]>
    </failure>
  </testcase> <!-- @AfterMethod cleanup -->
  <testcase name="@BeforeClass beforeClassSetUp" time="0.0" classname="concep.selenium.iaConnector.CampaignSending">
    <skipped/>
  </testcase> <!-- @BeforeClass beforeClassSetUp -->
  <testcase name="@BeforeMethod startSelenium" time="0.0" classname="concep.selenium.iaConnector.CampaignSending">
    <skipped/>
  </testcase> <!-- @BeforeMethod startSelenium -->
  <testcase name="@BeforeMethod initiateTestData" time="0.0" classname="concep.selenium.iaConnector.CampaignSending">
    <skipped/>
  </testcase> <!-- @BeforeMethod initiateTestData -->
  <testcase name="@AfterMethod cleanup" time="0.0" classname="concep.selenium.iaConnector.CampaignSending">
    <failure type="org.openqa.selenium.WebDriverException" message="Error communicating with the remote browser. It may have died.
Build info: version: &amp;apos;2.53.1&amp;apos;, revision: &amp;apos;a36b8b1&amp;apos;, time: &amp;apos;2016-06-30 17:37:03&amp;apos;
System info: host: &amp;apos;CON0722&amp;apos;, ip: &amp;apos;192.168.168.66&amp;apos;, os.name: &amp;apos;Windows 10&amp;apos;, os.arch: &amp;apos;amd64&amp;apos;, os.version: &amp;apos;10.0&amp;apos;, java.version: &amp;apos;1.8.0_181&amp;apos;
Driver info: driver.version: EventFiringWebDriver
Capabilities [{applicationCacheEnabled=true, rotatable=false, handlesAlerts=true, databaseEnabled=true, version=47.0.2, platform=WINDOWS, nativeEvents=false, acceptSslCerts=true, webStorageEnabled=true, locationContextEnabled=true, browserName=firefox, takesScreenshot=true, javascriptEnabled=true, cssSelectorsEnabled=true}]
Session ID: 37ebecb1-a308-4487-a556-deeaba26567b
Command duration or timeout: 1.38 seconds
Build info: version: &amp;apos;2.53.1&amp;apos;, revision: &amp;apos;a36b8b1&amp;apos;, time: &amp;apos;2016-06-30 17:37:03&amp;apos;
System info: host: &amp;apos;CON0722&amp;apos;, ip: &amp;apos;192.168.168.66&amp;apos;, os.name: &amp;apos;Windows 10&amp;apos;, os.arch: &amp;apos;amd64&amp;apos;, os.version: &amp;apos;10.0&amp;apos;, java.version: &amp;apos;1.8.0_181&amp;apos;
Driver info: org.openqa.selenium.remote.RemoteWebDriver
Capabilities [{applicationCacheEnabled=true, rotatable=false, handlesAlerts=true, databaseEnabled=true, version=47.0.2, platform=WINDOWS, nativeEvents=false, acceptSslCerts=true, webdriver.remote.sessionid=ace0d6a6-1e82-4be4-b132-8e4b940aa4fa, webStorageEnabled=true, locationContextEnabled=true, browserName=firefox, takesScreenshot=true, javascriptEnabled=true, cssSelectorsEnabled=true}]
Session ID: ace0d6a6-1e82-4be4-b132-8e4b940aa4fa">
      <![CDATA[org.openqa.selenium.WebDriverException: Error communicating with the remote browser. It may have died.
Build info: version: '2.53.1', revision: 'a36b8b1', time: '2016-06-30 17:37:03'
System info: host: 'CON0722', ip: '192.168.168.66', os.name: 'Windows 10', os.arch: 'amd64', os.version: '10.0', java.version: '1.8.0_181'
Driver info: driver.version: EventFiringWebDriver
Capabilities [{applicationCacheEnabled=true, rotatable=false, handlesAlerts=true, databaseEnabled=true, version=47.0.2, platform=WINDOWS, nativeEvents=false, acceptSslCerts=true, webStorageEnabled=true, locationContextEnabled=true, browserName=firefox, takesScreenshot=true, javascriptEnabled=true, cssSelectorsEnabled=true}]
Session ID: 37ebecb1-a308-4487-a556-deeaba26567b
Command duration or timeout: 1.38 seconds
Build info: version: '2.53.1', revision: 'a36b8b1', time: '2016-06-30 17:37:03'
System info: host: 'CON0722', ip: '192.168.168.66', os.name: 'Windows 10', os.arch: 'amd64', os.version: '10.0', java.version: '1.8.0_181'
Driver info: org.openqa.selenium.remote.RemoteWebDriver
Capabilities [{applicationCacheEnabled=true, rotatable=false, handlesAlerts=true, databaseEnabled=true, version=47.0.2, platform=WINDOWS, nativeEvents=false, acceptSslCerts=true, webdriver.remote.sessionid=ace0d6a6-1e82-4be4-b132-8e4b940aa4fa, webStorageEnabled=true, locationContextEnabled=true, browserName=firefox, takesScreenshot=true, javascriptEnabled=true, cssSelectorsEnabled=true}]
Session ID: ace0d6a6-1e82-4be4-b132-8e4b940aa4fa
	at org.openqa.selenium.remote.ErrorHandler.createThrowable(ErrorHandler.java:206)
	at org.openqa.selenium.remote.ErrorHandler.throwIfResponseFailed(ErrorHandler.java:158)
	at org.openqa.selenium.remote.RemoteWebDriver.execute(RemoteWebDriver.java:678)
	at org.openqa.selenium.remote.RemoteWebDriver.execute(RemoteWebDriver.java:701)
	at org.openqa.selenium.remote.RemoteWebDriver.close(RemoteWebDriver.java:521)
	at concep.selenium.core.GenericSeleniumWebDriver.stopSelenium(GenericSeleniumWebDriver.java:491)
	at concep.selenium.iaConnector.BaseIAconnector.cleanup(BaseIAconnector.java:190)
Caused by: org.openqa.selenium.remote.UnreachableBrowserException: Error communicating with the remote browser. It may have died.
Build info: version: '2.53.1', revision: 'a36b8b1', time: '2016-06-30 17:37:03'
System info: host: 'CON0722', ip: '192.168.168.66', os.name: 'Windows 10', os.arch: 'amd64', os.version: '10.0', java.version: '1.8.0_181'
Driver info: driver.version: EventFiringWebDriver
Capabilities [{applicationCacheEnabled=true, rotatable=false, handlesAlerts=true, databaseEnabled=true, version=47.0.2, platform=WINDOWS, nativeEvents=false, acceptSslCerts=true, webStorageEnabled=true, locationContextEnabled=true, browserName=firefox, takesScreenshot=true, javascriptEnabled=true, cssSelectorsEnabled=true}]
Session ID: 37ebecb1-a308-4487-a556-deeaba26567b
Build info: version: '2.53.1', revision: 'a36b8b1', time: '2016-06-30 17:37:03'
System info: host: 'CON0722', ip: '192.168.168.66', os.name: 'Windows 10', os.arch: 'amd64', os.version: '10.0', java.version: '1.8.0_181'
Driver info: driver.version: unknown
... Removed 28 stack frames]]>
    </failure>
  </testcase> <!-- @AfterMethod cleanup -->
  <testcase name="@BeforeMethod startSelenium" time="0.0" classname="concep.selenium.iaConnector.CampaignSending">
    <skipped/>
  </testcase> <!-- @BeforeMethod startSelenium -->
  <testcase name="@BeforeMethod initiateTestData" time="0.0" classname="concep.selenium.iaConnector.CampaignSending">
    <skipped/>
  </testcase> <!-- @BeforeMethod initiateTestData -->
  <testcase name="@AfterMethod cleanup" time="0.0" classname="concep.selenium.iaConnector.CampaignSending">
    <failure type="org.openqa.selenium.WebDriverException" message="Error communicating with the remote browser. It may have died.
Build info: version: &amp;apos;2.53.1&amp;apos;, revision: &amp;apos;a36b8b1&amp;apos;, time: &amp;apos;2016-06-30 17:37:03&amp;apos;
System info: host: &amp;apos;CON0722&amp;apos;, ip: &amp;apos;192.168.168.66&amp;apos;, os.name: &amp;apos;Windows 10&amp;apos;, os.arch: &amp;apos;amd64&amp;apos;, os.version: &amp;apos;10.0&amp;apos;, java.version: &amp;apos;1.8.0_181&amp;apos;
Driver info: driver.version: EventFiringWebDriver
Capabilities [{applicationCacheEnabled=true, rotatable=false, handlesAlerts=true, databaseEnabled=true, version=47.0.2, platform=WINDOWS, nativeEvents=false, acceptSslCerts=true, webStorageEnabled=true, locationContextEnabled=true, browserName=firefox, takesScreenshot=true, javascriptEnabled=true, cssSelectorsEnabled=true}]
Session ID: 37ebecb1-a308-4487-a556-deeaba26567b
Command duration or timeout: 1.42 seconds
Build info: version: &amp;apos;2.53.1&amp;apos;, revision: &amp;apos;a36b8b1&amp;apos;, time: &amp;apos;2016-06-30 17:37:03&amp;apos;
System info: host: &amp;apos;CON0722&amp;apos;, ip: &amp;apos;192.168.168.66&amp;apos;, os.name: &amp;apos;Windows 10&amp;apos;, os.arch: &amp;apos;amd64&amp;apos;, os.version: &amp;apos;10.0&amp;apos;, java.version: &amp;apos;1.8.0_181&amp;apos;
Driver info: org.openqa.selenium.remote.RemoteWebDriver
Capabilities [{applicationCacheEnabled=true, rotatable=false, handlesAlerts=true, databaseEnabled=true, version=47.0.2, platform=WINDOWS, nativeEvents=false, acceptSslCerts=true, webdriver.remote.sessionid=ace0d6a6-1e82-4be4-b132-8e4b940aa4fa, webStorageEnabled=true, locationContextEnabled=true, browserName=firefox, takesScreenshot=true, javascriptEnabled=true, cssSelectorsEnabled=true}]
Session ID: ace0d6a6-1e82-4be4-b132-8e4b940aa4fa">
      <![CDATA[org.openqa.selenium.WebDriverException: Error communicating with the remote browser. It may have died.
Build info: version: '2.53.1', revision: 'a36b8b1', time: '2016-06-30 17:37:03'
System info: host: 'CON0722', ip: '192.168.168.66', os.name: 'Windows 10', os.arch: 'amd64', os.version: '10.0', java.version: '1.8.0_181'
Driver info: driver.version: EventFiringWebDriver
Capabilities [{applicationCacheEnabled=true, rotatable=false, handlesAlerts=true, databaseEnabled=true, version=47.0.2, platform=WINDOWS, nativeEvents=false, acceptSslCerts=true, webStorageEnabled=true, locationContextEnabled=true, browserName=firefox, takesScreenshot=true, javascriptEnabled=true, cssSelectorsEnabled=true}]
Session ID: 37ebecb1-a308-4487-a556-deeaba26567b
Command duration or timeout: 1.42 seconds
Build info: version: '2.53.1', revision: 'a36b8b1', time: '2016-06-30 17:37:03'
System info: host: 'CON0722', ip: '192.168.168.66', os.name: 'Windows 10', os.arch: 'amd64', os.version: '10.0', java.version: '1.8.0_181'
Driver info: org.openqa.selenium.remote.RemoteWebDriver
Capabilities [{applicationCacheEnabled=true, rotatable=false, handlesAlerts=true, databaseEnabled=true, version=47.0.2, platform=WINDOWS, nativeEvents=false, acceptSslCerts=true, webdriver.remote.sessionid=ace0d6a6-1e82-4be4-b132-8e4b940aa4fa, webStorageEnabled=true, locationContextEnabled=true, browserName=firefox, takesScreenshot=true, javascriptEnabled=true, cssSelectorsEnabled=true}]
Session ID: ace0d6a6-1e82-4be4-b132-8e4b940aa4fa
	at org.openqa.selenium.remote.ErrorHandler.createThrowable(ErrorHandler.java:206)
	at org.openqa.selenium.remote.ErrorHandler.throwIfResponseFailed(ErrorHandler.java:158)
	at org.openqa.selenium.remote.RemoteWebDriver.execute(RemoteWebDriver.java:678)
	at org.openqa.selenium.remote.RemoteWebDriver.execute(RemoteWebDriver.java:701)
[...]
Build info: version: '2.53.1', revision: 'a36b8b1', time: '2016-06-30 17:37:03'
System info: host: 'CON0722', ip: '192.168.168.66', os.name: 'Windows 10', os.arch: 'amd64', os.version: '10.0', java.version: '1.8.0_181'
Driver info: driver.version: RemoteWebDriver
Capabilities [{applicationCacheEnabled=true, rotatable=false, handlesAlerts=true, databaseEnabled=true, version=47.0.2, platform=WINDOWS, nativeEvents=false, acceptSslCerts=true, webStorageEnabled=true, locationContextEnabled=true, browserName=firefox, takesScreenshot=true, javascriptEnabled=true, cssSelectorsEnabled=true}]
Session ID: 37ebecb1-a308-4487-a556-deeaba26567b
Command duration or timeout: 1.02 seconds
Build info: version: '2.53.1', revision: 'a36b8b1', time: '2016-06-30 17:37:03'
System info: host: 'CON0722', ip: '192.168.168.66', os.name: 'Windows 10', os.arch: 'amd64', os.version: '10.0', java.version: '1.8.0_181'
Driver info: org.openqa.selenium.remote.RemoteWebDriver
Capabilities [{applicationCacheEnabled=true, rotatable=false, handlesAlerts=true, databaseEnabled=true, version=47.0.2, platform=WINDOWS, nativeEvents=false, acceptSslCerts=true, webdriver.remote.sessionid=ace0d6a6-1e82-4be4-b132-8e4b940aa4fa, webStorageEnabled=true, locationContextEnabled=true, browserName=firefox, takesScreenshot=true, javascriptEnabled=true, cssSelectorsEnabled=true}]
Session ID: ace0d6a6-1e82-4be4-b132-8e4b940aa4fa
	at org.openqa.selenium.remote.ErrorHandler.createThrowable(ErrorHandler.java:206)
	at org.openqa.selenium.remote.ErrorHandler.throwIfResponseFailed(ErrorHandler.java:158)
	at org.openqa.selenium.remote.RemoteWebDriver.execute(RemoteWebDriver.java:678)
	at org.openqa.selenium.remote.RemoteWebDriver$RemoteWebDriverOptions$RemoteTimeouts.pageLoadTimeout(RemoteWebDriver.java:879)
	at concep.selenium.core.GenericSeleniumWebDriver.waitForPageToLoad(GenericSeleniumWebDriver.java:472)
	at concep.selenium.send.Campaign.saveCampaign(Campaign.java:169)
	at concep.selenium.iaConnector.CampaignCreation.successfullyDeleteNotMappedCampaignToRegardingFolder(CampaignCreation.java:684)
Caused by: org.openqa.selenium.remote.UnreachableBrowserException: Error communicating with the remote browser. It may have died.
Build info: version: '2.53.1', revision: 'a36b8b1', time: '2016-06-30 17:37:03'
System info: host: 'CON0722', ip: '192.168.168.66', os.name: 'Windows 10', os.arch: 'amd64', os.version: '10.0', java.version: '1.8.0_181'
Driver info: driver.version: RemoteWebDriver
Capabilities [{applicationCacheEnabled=true, rotatable=false, handlesAlerts=true, databaseEnabled=true, version=47.0.2, platform=WINDOWS, nativeEvents=false, acceptSslCerts=true, webStorageEnabled=true, locationContextEnabled=true, browserName=firefox, takesScreenshot=true, javascriptEnabled=true, cssSelectorsEnabled=true}]
Session ID: 37ebecb1-a308-4487-a556-deeaba26567b
Build info: version: '2.53.1', revision: 'a36b8b1', time: '2016-06-30 17:37:03'
System info: host: 'CON0722', ip: '192.168.168.66', os.name: 'Windows 10', os.arch: 'amd64', os.version: '10.0', java.version: '1.8.0_181'
Driver info: driver.version: unknown
... Removed 28 stack frames]]>
    </failure>
  </testcase> <!-- successfullyDeleteNotMappedCampaignToRegardingFolder -->
  <testcase name="successfullyDisplayRegardingDropdownOption" time="0.0" classname="concep.selenium.iaConnector.CampaignCreation">
    <skipped/>
  </testcase> <!-- successfullyDisplayRegardingDropdownOption -->
  <testcase name="successfullyEditCampaignByPressingSaveAndContinueToRecipients" time="0.001" classname="concep.selenium.iaConnector.CampaignCreation">
    <skipped/>
  </testcase> <!-- successfullyEditCampaignByPressingSaveAndContinueToRecipients -->
  <testcase name="successfullyEditCampaignByPressingSaveButton" time="0.0" classname="concep.selenium.iaConnector.CampaignCreation">
    <skipped/>
  </testcase> <!-- successfullyEditCampaignByPressingSaveButton -->
  <testcase name="successfullyRetainCampaignValuesByNavigatingBackToContentFromPreviewAndSendPage" time="0.0" classname="concep.selenium.iaConnector.CampaignCreation">
    <skipped/>
  </testcase> <!-- successfullyRetainCampaignValuesByNavigatingBackToContentFromPreviewAndSendPage -->
  <testcase name="successfullyRetainCampaignValuesByNavigatingBackToContentFromPreviewSendThroughRecipientsPage" time="0.001" classname="concep.selenium.iaConnector.CampaignCreation">
    <skipped/>
  </testcase> <!-- successfullyRetainCampaignValuesByNavigatingBackToContentFromPreviewSendThroughRecipientsPage -->
  <testcase name="successfullyRetainCampaignValuesByNavigatingBackToContentFromRecipientsPage" time="0.0" classname="concep.selenium.iaConnector.CampaignCreation">
    <skipped/>
  </testcase> <!-- successfullyRetainCampaignValuesByNavigatingBackToContentFromRecipientsPage -->
  <testcase name="successfullySaveCampaignWithDifferentRegardingDropdownOptionsSaveAndContinueButton" time="0.001" classname="concep.selenium.iaConnector.CampaignCreation">
    <skipped/>
  </testcase> <!-- successfullySaveCampaignWithDifferentRegardingDropdownOptionsSaveAndContinueButton -->
  <testcase name="successfullySaveCampaignWithDifferentRegardingDropdownOptionsSaveButton" time="0.0" classname="concep.selenium.iaConnector.CampaignCreation">
    <skipped/>
  </testcase> <!-- successfullySaveCampaignWithDifferentRegardingDropdownOptionsSaveButton -->
  <testcase name="successfullySaveRegardingDropdownValueWhenNoSubjectValidationTriggered" time="0.0" classname="concep.selenium.iaConnector.CampaignCreation">
    <skipped/>
  </testcase> <!-- successfullySaveRegardingDropdownValueWhenNoSubjectValidationTriggered -->
  <testcase name="successfullySelectCampaignTemplate" time="0.0" classname="concep.selenium.iaConnector.CampaignCreation">
    <skipped/>
  </testcase> <!-- successfullySelectCampaignTemplate -->
  <testcase name="successfullySelectDifferentRegardingDropdownOptions" time="0.001" classname="concep.selenium.iaConnector.CampaignCreation">
    <skipped/>
  </testcase> <!-- successfullySelectDifferentRegardingDropdownOptions -->
  <testcase name="unsuccessfullyAccessCampaignForEditingAfterSending" time="0.0" classname="concep.selenium.iaConnector.CampaignCreation">
    <skipped/>
  </testcase> <!-- unsuccessfullyAccessCampaignForEditingAfterSending -->
  <testcase name="successfullyLogActivitiesAgainstContactByExistingLongIDAndExistingEmail" time="0.001" classname="concep.selenium.iaConnector.CampaignSending">
    <skipped/>
  </testcase> <!-- successfullyLogActivitiesAgainstContactByExistingLongIDAndExistingEmail -->
  <testcase name="successfullyLogActivitiesAgainstContactByExistingLongIDAndExistingSameEmail" time="0.001" classname="concep.selenium.iaConnector.CampaignSending">
    <skipped/>
  </testcase> <!-- successfullyLogActivitiesAgainstContactByExistingLongIDAndExistingSameEmail -->
  <testcase name="successfullyLogActivitiesAgainstContactByExistingLongIDAndNotExistingEmail" time="0.0" classname="concep.selenium.iaConnector.CampaignSending">
    <skipped/>
  </testcase> <!-- successfullyLogActivitiesAgainstContactByExistingLongIDAndNotExistingEmail -->
  <testcase name="successfullyLogActivitiesAgainstContactByExistingShortIDAndExistingEmail" time="0.001" classname="concep.selenium.iaConnector.CampaignSending">
    <skipped/>
  </testcase> <!-- successfullyLogActivitiesAgainstContactByExistingShortIDAndExistingEmail -->
  <testcase name="successfullyLogActivitiesAgainstContactByExistingShortIDAndExistingSameEmail" time="0.0" classname="concep.selenium.iaConnector.CampaignSending">
    <skipped/>
  </testcase> <!-- successfullyLogActivitiesAgainstContactByExistingShortIDAndExistingSameEmail -->
  <testcase name="successfullyLogActivitiesAgainstContactByExistingShortIDAndNotExistingEmail" time="0.0" classname="concep.selenium.iaConnector.CampaignSending">
    <skipped/>
  </testcase> <!-- successfullyLogActivitiesAgainstContactByExistingShortIDAndNotExistingEmail -->
  <testcase name="successfullyLogActivitiesAgainstContactByExistingSplitLongIDAndExistingEmail" time="0.0" classname="concep.selenium.iaConnector.CampaignSending">
    <skipped/>
  </testcase> <!-- successfullyLogActivitiesAgainstContactByExistingSplitLongIDAndExistingEmail -->
  <testcase name="successfullyLogActivitiesAgainstContactByExistingSplitLongIDAndExistingSameEmail" time="0.0" classname="concep.selenium.iaConnector.CampaignSending">
    <skipped/>
  </testcase> <!-- successfullyLogActivitiesAgainstContactByExistingSplitLongIDAndExistingSameEmail -->
  <testcase name="successfullyLogActivitiesAgainstContactByExistingSplitLongIDAndNotExistingEmail" time="0.001" classname="concep.selenium.iaConnector.CampaignSending">
    <skipped/>
  </testcase> <!-- successfullyLogActivitiesAgainstContactByExistingSplitLongIDAndNotExistingEmail -->
  <testcase name="successfullyLogActivitiesAgainstContactByExistingSplitShortIDAndExistingEmail" time="0.0" classname="concep.selenium.iaConnector.CampaignSending">
    <skipped/>
  </testcase> <!-- successfullyLogActivitiesAgainstContactByExistingSplitShortIDAndExistingEmail -->
  <testcase name="successfullyLogActivitiesAgainstContactByExistingSplitShortIDAndExistingSameEmail" time="0.0" classname="concep.selenium.iaConnector.CampaignSending">
    <skipped/>
  </testcase> <!-- successfullyLogActivitiesAgainstContactByExistingSplitShortIDAndExistingSameEmail -->
  <testcase name="successfullyLogActivitiesAgainstContactByExistingSplitShortIDAndNotExistingEmail" time="0.0" classname="concep.selenium.iaConnector.CampaignSending">
    <skipped/>
  </testcase> <!-- successfullyLogActivitiesAgainstContactByExistingSplitShortIDAndNotExistingEmail -->
  <testcase name="successfullyLogActivitiesAgainstContactByInvalidIdButExistingEmail" time="0.001" classname="concep.selenium.iaConnector.CampaignSending">
    <skipped/>
  </testcase> <!-- successfullyLogActivitiesAgainstContactByInvalidIdButExistingEmail -->
  <testcase name="successfullyLogActivitiesAgainstContactByInvalidIdButExistingEmailTwice" time="0.0" classname="concep.selenium.iaConnector.CampaignSending">
    <skipped/>
  </testcase> <!-- successfullyLogActivitiesAgainstContactByInvalidIdButExistingEmailTwice -->
  <testcase name="successfullyLogActivitiesAgainstContactByNotExistingLongIdButExistingEmail" time="0.0" classname="concep.selenium.iaConnector.CampaignSending">
    <skipped/>
  </testcase> <!-- successfullyLogActivitiesAgainstContactByNotExistingLongIdButExistingEmail -->
  <testcase name="successfullyLogActivitiesAgainstContactByNotExistingLongIdButExistingEmailTwoTimes" time="0.001" classname="concep.selenium.iaConnector.CampaignSending">
    <skipped/>
  </testcase> <!-- successfullyLogActivitiesAgainstContactByNotExistingLongIdButExistingEmailTwoTimes -->
  <testcase name="successfullyLogActivitiesAgainstContactByNotExistingShortIdButExistingEmail" time="0.0" classname="concep.selenium.iaConnector.CampaignSending">
    <skipped/>
  </testcase> <!-- successfullyLogActivitiesAgainstContactByNotExistingShortIdButExistingEmail -->
  <testcase name="successfullyLogActivitiesAgainstContactByNotExistingShortIdButExistingEmailTwoTimes" time="0.0" classname="concep.selenium.iaConnector.CampaignSending">
    <skipped/>
  </testcase> <!-- successfullyLogActivitiesAgainstContactByNotExistingShortIdButExistingEmailTwoTimes -->
  <testcase name="successfullyLogActivitiesAgainstContactByNotExistingSplitLongIdButExistingEmail" time="0.0" classname="concep.selenium.iaConnector.CampaignSending">
    <skipped/>
  </testcase> <!-- successfullyLogActivitiesAgainstContactByNotExistingSplitLongIdButExistingEmail -->
  <testcase name="successfullyLogActivitiesAgainstContactByNotExistingSplitLongIdButExistingEmailTwoTimes" time="0.0" classname="concep.selenium.iaConnector.CampaignSending">
    <skipped/>
  </testcase> <!-- successfullyLogActivitiesAgainstContactByNotExistingSplitLongIdButExistingEmailTwoTimes -->
  <testcase name="successfullyLogActivitiesAgainstContactByNotExistingSplitShortIdButExistingEmail" time="0.0" classname="concep.selenium.iaConnector.CampaignSending">
    <skipped/>
  </testcase> <!-- successfullyLogActivitiesAgainstContactByNotExistingSplitShortIdButExistingEmail -->
  <testcase name="successfullyLogActivitiesAgainstContactByNotExistingSplitShortIdButExistingEmailTwoTimes" time="0.0" classname="concep.selenium.iaConnector.CampaignSending">
    <skipped/>
  </testcase> <!-- successfullyLogActivitiesAgainstContactByNotExistingSplitShortIdButExistingEmailTwoTimes -->
  <testcase name="successfullyLogActivitiesAgainstContactOnlyWhenRelatedCompanyNotSourcedInFirmCompaniesAndFeatureDisabled" time="0.0" classname="concep.selenium.iaConnector.CampaignSending">
    <skipped/>
  </testcase> <!-- successfullyLogActivitiesAgainstContactOnlyWhenRelatedCompanyNotSourcedInFirmCompaniesAndFeatureDisabled -->
  <testcase name="successfullyLogActivitiesAgainstContactOnlyWhenRelatedCompanySourcedInFirmCompaniesAndFeatureDisabled" time="0.0" classname="concep.selenium.iaConnector.CampaignSending">
    <skipped/>
  </testcase> <!-- successfullyLogActivitiesAgainstContactOnlyWhenRelatedCompanySourcedInFirmCompaniesAndFeatureDisabled -->
  <testcase name="successfullyLogActivitiesAgainstContactWhenDoesNotHaveRelatedCompanyAndFeatureDisabled" time="0.0" classname="concep.selenium.iaConnector.CampaignSending">
    <skipped/>
  </testcase> <!-- successfullyLogActivitiesAgainstContactWhenDoesNotHaveRelatedCompanyAndFeatureDisabled -->
  <testcase name="successfullyLogActivitiesAgainstContactWithBlankIdFieldButExistingEmail" time="0.0" classname="concep.selenium.iaConnector.CampaignSending">
    <skipped/>
  </testcase> <!-- successfullyLogActivitiesAgainstContactWithBlankIdFieldButExistingEmail -->
  <testcase name="successfullyLogActivitiesAgainstContactWithBlankIdFieldButExistingEmailTwoTimes" time="0.0" classname="concep.selenium.iaConnector.CampaignSending">
    <skipped/>
  </testcase> <!-- successfullyLogActivitiesAgainstContactWithBlankIdFieldButExistingEmailTwoTimes -->
  <testcase name="successfullyLogActivitiesRegardingContactQaAdminBothContactAndCompany" time="0.0" classname="concep.selenium.iaConnector.CampaignSending">
    <skipped/>
  </testcase> <!-- successfullyLogActivitiesRegardingContactQaAdminBothContactAndCompany -->
  <testcase name="successfullyLogActivitiesRegardingContactQaMListNoSponsorContactAndCompany" time="0.0" classname="concep.selenium.iaConnector.CampaignSending">
    <skipped/>
  </testcase> <!-- successfullyLogActivitiesRegardingContactQaMListNoSponsorContactAndCompany -->
  <testcase name="successfullyLogActivitiesRegardingContactQaMListSponsorContactAndCompany" time="0.0" classname="concep.selenium.iaConnector.CampaignSending">
    <skipped/>
  </testcase> <!-- successfullyLogActivitiesRegardingContactQaMListSponsorContactAndCompany -->
  <testcase name="successfullyLogActivitiesRegardingContactQaWorkingList" time="0.0" classname="concep.selenium.iaConnector.CampaignSending">
    <skipped/>
  </testcase> <!-- successfullyLogActivitiesRegardingContactQaWorkingList -->
  <testcase name="successfullyLogActivitiesRegardingFolderQaAdminBothContactAndCompany" time="0.0" classname="concep.selenium.iaConnector.CampaignSending">
    <skipped/>
  </testcase> <!-- successfullyLogActivitiesRegardingFolderQaAdminBothContactAndCompany -->
  <testcase name="successfullyLogActivitiesRegardingFolderQaAdminContactOnly" time="0.0" classname="concep.selenium.iaConnector.CampaignSending">
    <skipped/>
  </testcase> <!-- successfullyLogActivitiesRegardingFolderQaAdminContactOnly -->
  <testcase name="successfullyLogActivitiesRegardingFolderQaMListNoSponsorContactAndCompany" time="0.0" classname="concep.selenium.iaConnector.CampaignSending">
    <skipped/>
  </testcase> <!-- successfullyLogActivitiesRegardingFolderQaMListNoSponsorContactAndCompany -->
  <testcase name="successfullyLogActivitiesRegardingFolderQaMListSponsorContactAndCompany" time="0.0" classname="concep.selenium.iaConnector.CampaignSending">
    <skipped/>
  </testcase> <!-- successfullyLogActivitiesRegardingFolderQaMListSponsorContactAndCompany -->
  <testcase name="successfullyLogActivitiesRegardingFolderQaNoSponsorContactOnly" time="0.0" classname="concep.selenium.iaConnector.CampaignSending">
    <skipped/>
  </testcase> <!-- successfullyLogActivitiesRegardingFolderQaNoSponsorContactOnly -->
  <testcase name="successfullyLogActivitiesRegardingFolderQaSponsorContactOnly" time="0.001" classname="concep.selenium.iaConnector.CampaignSending">
    <skipped/>
  </testcase> <!-- successfullyLogActivitiesRegardingFolderQaSponsorContactOnly -->
  <testcase name="successfullyLogActivitiesRegardingFolderQaWorkingList" time="0.0" classname="concep.selenium.iaConnector.CampaignSending">
    <skipped/>
  </testcase> <!-- successfullyLogActivitiesRegardingFolderQaWorkingList -->
  <testcase name="successfullyLogActivitiesWhenSendingCampaignToMoreThanOneExistingContactAndManyNotExisting" time="0.0" classname="concep.selenium.iaConnector.CampaignSending">
    <skipped/>
  </testcase> <!-- successfullyLogActivitiesWhenSendingCampaignToMoreThanOneExistingContactAndManyNotExisting -->
  <testcase name="successfullyLogActivitiesWhenSendingCampaignToOneExistingContactAndManyNotExisting" time="0.001" classname="concep.selenium.iaConnector.CampaignSending">
    <skipped/>
  </testcase> <!-- successfullyLogActivitiesWhenSendingCampaignToOneExistingContactAndManyNotExisting -->
  <testcase name="successfullySentCampaignToMoreThanOneGroups" time="0.0" classname="concep.selenium.iaConnector.CampaignSending">
    <skipped/>
  </testcase> <!-- successfullySentCampaignToMoreThanOneGroups -->
  <testcase name="successfullySentCampaignToMoreThanOneRecipients" time="0.001" classname="concep.selenium.iaConnector.CampaignSending">
    <skipped/>
  </testcase> <!-- successfullySentCampaignToMoreThanOneRecipients -->
  <testcase name="successfullySentCampaignToOneGroup" time="0.001" classname="concep.selenium.iaConnector.CampaignSending">
    <skipped/>
  </testcase> <!-- successfullySentCampaignToOneGroup -->
  <testcase name="successfullySentCampaignToOneRecipient" time="0.001" classname="concep.selenium.iaConnector.CampaignSending">
    <skipped/>
  </testcase> <!-- successfullySentCampaignToOneRecipient -->
  <testcase name="unsuccessfullyLogActivitiesAgainstContactByInvalidIdAndNotExistingEmail" time="0.0" classname="concep.selenium.iaConnector.CampaignSending">
    <skipped/>
  </testcase> <!-- unsuccessfullyLogActivitiesAgainstContactByInvalidIdAndNotExistingEmail -->
  <testcase name="unsuccessfullyLogActivitiesAgainstContactByNotExistingLongIdAndEmail" time="0.0" classname="concep.selenium.iaConnector.CampaignSending">
    <skipped/>
  </testcase> <!-- unsuccessfullyLogActivitiesAgainstContactByNotExistingLongIdAndEmail -->
  <testcase name="unsuccessfullyLogActivitiesAgainstContactByNotExistingShortIdAndEmail" time="0.0" classname="concep.selenium.iaConnector.CampaignSending">
    <skipped/>
  </testcase> <!-- unsuccessfullyLogActivitiesAgainstContactByNotExistingShortIdAndEmail -->
  <testcase name="unsuccessfullyLogActivitiesAgainstContactByNotExistingSplitLongIdAndEmail" time="0.0" classname="concep.selenium.iaConnector.CampaignSending">
    <skipped/>
  </testcase> <!-- unsuccessfullyLogActivitiesAgainstContactByNotExistingSplitLongIdAndEmail -->
  <testcase name="unsuccessfullyLogActivitiesAgainstContactByNotExistingSplitShortIdAndEmail" time="0.0" classname="concep.selenium.iaConnector.CampaignSending">
    <skipped/>
  </testcase> <!-- unsuccessfullyLogActivitiesAgainstContactByNotExistingSplitShortIdAndEmail -->
  <testcase name="unsuccessfullyLogActivitiesAgainstContactWithBlankIdFieldAndNotExistingEmail" time="0.0" classname="concep.selenium.iaConnector.CampaignSending">
    <skipped/>
  </testcase> <!-- unsuccessfullyLogActivitiesAgainstContactWithBlankIdFieldAndNotExistingEmail -->
</testsuite> <!-- IA Connector v1.1 Campaigns - All Tests -->
