<?xml version="1.0" encoding="UTF-8"?>
<!-- Generated by org.testng.reporters.JUnitXMLReporter -->
<testsuite hostname="CON0722" name="IA Connector v1.1 Surveys - All Tests" tests="256" failures="8" timestamp="15 Oct 2018 14:16:56 GMT" time="5003.81" errors="0">
  <testcase name="@BeforeClass beforeClassSetUP" time="0.0" classname="concep.selenium.iaConnector.SurveyCreation">
    <failure type="org.openqa.selenium.TimeoutException" message="Timed out after 10 seconds waiting for visibility of element located by By.xpath: //div[@id=&amp;apos;usersAdd&amp;apos;]//tr//span[contains(text(), &amp;apos;TestAutomation_QA_IA_Connector_Plat2&amp;apos;)]/../../..//span/img[@title=&amp;apos;Add user&amp;apos;]
Build info: version: &amp;apos;2.53.1&amp;apos;, revision: &amp;apos;a36b8b1&amp;apos;, time: &amp;apos;2016-06-30 17:37:03&amp;apos;
System info: host: &amp;apos;CON0722&amp;apos;, ip: &amp;apos;192.168.168.66&amp;apos;, os.name: &amp;apos;Windows 10&amp;apos;, os.arch: &amp;apos;amd64&amp;apos;, os.version: &amp;apos;10.0&amp;apos;, java.version: &amp;apos;1.8.0_181&amp;apos;
Driver info: org.openqa.selenium.remote.RemoteWebDriver
Capabilities [{applicationCacheEnabled=true, rotatable=false, handlesAlerts=true, databaseEnabled=true, version=47.0.2, platform=WINDOWS, nativeEvents=false, acceptSslCerts=true, webdriver.remote.sessionid=57e48c62-35e1-4153-87cc-0032e8d5543d, webStorageEnabled=true, locationContextEnabled=true, browserName=firefox, takesScreenshot=true, javascriptEnabled=true, cssSelectorsEnabled=true}]
Session ID: 57e48c62-35e1-4153-87cc-0032e8d5543d">
      <![CDATA[org.openqa.selenium.TimeoutException: Timed out after 10 seconds waiting for visibility of element located by By.xpath: //div[@id='usersAdd']//tr//span[contains(text(), 'TestAutomation_QA_IA_Connector_Plat2')]/../../..//span/img[@title='Add user']
Build info: version: '2.53.1', revision: 'a36b8b1', time: '2016-06-30 17:37:03'
System info: host: 'CON0722', ip: '192.168.168.66', os.name: 'Windows 10', os.arch: 'amd64', os.version: '10.0', java.version: '1.8.0_181'
Driver info: org.openqa.selenium.remote.RemoteWebDriver
Capabilities [{applicationCacheEnabled=true, rotatable=false, handlesAlerts=true, databaseEnabled=true, version=47.0.2, platform=WINDOWS, nativeEvents=false, acceptSslCerts=true, webdriver.remote.sessionid=57e48c62-35e1-4153-87cc-0032e8d5543d, webStorageEnabled=true, locationContextEnabled=true, browserName=firefox, takesScreenshot=true, javascriptEnabled=true, cssSelectorsEnabled=true}]
Session ID: 57e48c62-35e1-4153-87cc-0032e8d5543d
	at org.openqa.selenium.support.ui.WebDriverWait.timeoutException(WebDriverWait.java:80)
	at org.openqa.selenium.support.ui.FluentWait.until(FluentWait.java:261)
	at concep.selenium.core.GenericSeleniumWebDriver.findElements(GenericSeleniumWebDriver.java:398)
	at concep.selenium.core.GenericSeleniumWebDriver.click(GenericSeleniumWebDriver.java:211)
	at concep.selenium.send.IAConnection.injectUserToken(IAConnection.java:764)
	at concep.selenium.send.IAConnection.addUsers(IAConnection.java:531)
	at concep.selenium.iaConnector.SurveyCreation.setConnectionConfiguration(SurveyCreation.java:55)
	at concep.selenium.iaConnector.SurveyCreation.beforeClassSetUP(SurveyCreation.java:46)
Caused by: org.openqa.selenium.NoSuchElementException: Unable to locate element: {"method":"xpath","selector":"//div[@id='usersAdd']//tr//span[contains(text(), 'TestAutomation_QA_IA_Connector_Plat2')]/../../..//span/img[@title='Add user']"}
For documentation on this error, please visit: http://seleniumhq.org/exceptions/no_such_element.html
Build info: version: '2.53.1', revision: 'a36b8b1', time: '2016-06-30 17:37:03'
System info: host: 'CON0722', ip: '192.168.168.66', os.name: 'Windows 10', os.arch: 'amd64', os.version: '10.0', java.version: '1.8.0_181'
Driver info: driver.version: unknown
Command duration or timeout: 332 milliseconds
For documentation on this error, please visit: http://seleniumhq.org/exceptions/no_such_element.html
Build info: version: '2.53.1', revision: 'a36b8b1', time: '2016-06-30 17:37:03'
System info: host: 'CON0722', ip: '192.168.168.66', os.name: 'Windows 10', os.arch: 'amd64', os.version: '10.0', java.version: '1.8.0_181'
Driver info: org.openqa.selenium.remote.RemoteWebDriver
Capabilities [{applicationCacheEnabled=true, rotatable=false, handlesAlerts=true, databaseEnabled=true, version=47.0.2, platform=WINDOWS, nativeEvents=false, acceptSslCerts=true, webdriver.remote.sessionid=57e48c62-35e1-4153-87cc-0032e8d5543d, webStorageEnabled=true, locationContextEnabled=true, browserName=firefox, takesScreenshot=true, javascriptEnabled=true, cssSelectorsEnabled=true}]
Session ID: 57e48c62-35e1-4153-87cc-0032e8d5543d
*** Element info: {Using=xpath, value=//div[@id='usersAdd']//tr//span[contains(text(), 'TestAutomation_QA_IA_Connector_Plat2')]/../../..//span/img[@title='Add user']}
	at org.openqa.selenium.remote.ErrorHandler.createThrowable(ErrorHandler.java:206)
	at org.openqa.selenium.remote.ErrorHandler.throwIfResponseFailed(ErrorHandler.java:158)
	at org.openqa.selenium.remote.RemoteWebDriver.execute(RemoteWebDriver.java:678)
	at org.openqa.selenium.remote.RemoteWebDriver.findElement(RemoteWebDriver.java:363)
	at org.openqa.selenium.remote.RemoteWebDriver.findElementByXPath(RemoteWebDriver.java:500)
	at org.openqa.selenium.By$ByXPath.findElement(By.java:361)
	at org.openqa.selenium.remote.RemoteWebDriver.findElement(RemoteWebDriver.java:355)
	at org.openqa.selenium.support.ui.ExpectedConditions.findElement(ExpectedConditions.java:899)
	at org.openqa.selenium.support.ui.ExpectedConditions.access$0(ExpectedConditions.java:897)
	at org.openqa.selenium.support.ui.ExpectedConditions$7.apply(ExpectedConditions.java:205)
	at org.openqa.selenium.support.ui.ExpectedConditions$7.apply(ExpectedConditions.java:1)
	at org.openqa.selenium.support.ui.FluentWait.until(FluentWait.java:238)
	... 30 more
Caused by: org.openqa.selenium.remote.ScreenshotException: Screen shot has been taken
Build info: version: '2.53.1', revision: 'a36b8b1', time: '2016-06-30 17:37:03'
System info: host: 'CON0722', ip: '192.168.168.66', os.name: 'Windows 10', os.arch: 'amd64', os.version: '10.0', java.version: '1.8.0_181'
Driver info: driver.version: GenericSeleniumWebDriver
	at org.openqa.selenium.remote.ErrorHandler.throwIfResponseFailed(ErrorHandler.java:138)
	... 40 more
Caused by: org.openqa.selenium.NoSuchElementException: Unable to locate element: {"method":"xpath","selector":"//div[@id='usersAdd']//tr//span[contains(text(), 'TestAutomation_QA_IA_Connector_Plat2')]/../../..//span/img[@title='Add user']"}
For documentation on this error, please visit: http://seleniumhq.org/exceptions/no_such_element.html
Build info: version: '2.53.1', revision: 'a36b8b1', time: '2016-06-30 17:37:03'
System info: host: 'CON0722', ip: '192.168.168.66', os.name: 'Windows 10', os.arch: 'amd64', os.version: '10.0', java.version: '1.8.0_181'
Driver info: driver.version: unknown
For documentation on this error, please visit: http://seleniumhq.org/exceptions/no_such_element.html
Build info: version: '2.53.1', revision: 'a36b8b1', time: '2016-06-30 17:37:03'
System info: host: 'CON0722', ip: '192.168.168.66', os.name: 'Windows 10', os.arch: 'amd64', os.version: '10.0', java.version: '1.8.0_181'
Driver info: driver.version: unknown
	at <anonymous class>.FirefoxDriver.prototype.findElementInternal_(file:///C:/Users/DENISL~1.DIM/AppData/Local/Temp/anonymous5694667911477760585webdriver-profile/extensions/fxdriver@googlecode.com/components/driver-component.js:10770)
	at <anonymous class>.FirefoxDriver.prototype.findElement(file:///C:/Users/DENISL~1.DIM/AppData/Local/Temp/anonymous5694667911477760585webdriver-profile/extensions/fxdriver@googlecode.com/components/driver-component.js:10779)
	at <anonymous class>.DelayedCommand.prototype.executeInternal_/h(file:///C:/Users/DENISL~1.DIM/AppData/Local/Temp/anonymous5694667911477760585webdriver-profile/extensions/fxdriver@googlecode.com/components/command-processor.js:12661)
	at <anonymous class>.DelayedCommand.prototype.executeInternal_(file:///C:/Users/DENISL~1.DIM/AppData/Local/Temp/anonymous5694667911477760585webdriver-profile/extensions/fxdriver@googlecode.com/components/command-processor.js:12666)
	at <anonymous class>.DelayedCommand.prototype.execute/<(file:///C:/Users/DENISL~1.DIM/AppData/Local/Temp/anonymous5694667911477760585webdriver-profile/extensions/fxdriver@googlecode.com/components/command-processor.js:12608)
... Removed 27 stack frames]]>
    </failure>
  </testcase> <!-- @BeforeClass beforeClassSetUP -->
  <testcase name="@BeforeMethod startSelenium" time="0.0" classname="concep.selenium.iaConnector.SurveyCreation">
    <skipped/>
  </testcase> <!-- @BeforeMethod startSelenium -->
  <testcase name="@BeforeMethod startSelenium" time="0.0" classname="concep.selenium.iaConnector.SurveyCreation">
    <skipped/>
  </testcase> <!-- @BeforeMethod startSelenium -->
  <testcase name="@AfterMethod cleanup" time="0.0" classname="concep.selenium.iaConnector.SurveyCreation">
    <failure type="org.openqa.selenium.remote.SessionNotFoundException" message="Session ID is null. Using WebDriver after calling quit()?
Build info: version: &amp;apos;2.53.1&amp;apos;, revision: &amp;apos;a36b8b1&amp;apos;, time: &amp;apos;2016-06-30 17:37:03&amp;apos;
System info: host: &amp;apos;CON0722&amp;apos;, ip: &amp;apos;192.168.168.66&amp;apos;, os.name: &amp;apos;Windows 10&amp;apos;, os.arch: &amp;apos;amd64&amp;apos;, os.version: &amp;apos;10.0&amp;apos;, java.version: &amp;apos;1.8.0_181&amp;apos;
Driver info: driver.version: GenericSeleniumWebDriver">
      <![CDATA[org.openqa.selenium.remote.SessionNotFoundException: Session ID is null. Using WebDriver after calling quit()?
Build info: version: '2.53.1', revision: 'a36b8b1', time: '2016-06-30 17:37:03'
System info: host: 'CON0722', ip: '192.168.168.66', os.name: 'Windows 10', os.arch: 'amd64', os.version: '10.0', java.version: '1.8.0_181'
Driver info: driver.version: GenericSeleniumWebDriver
	at org.openqa.selenium.remote.HttpCommandExecutor.execute(HttpCommandExecutor.java:134)
	at org.openqa.selenium.remote.RemoteWebDriver.execute(RemoteWebDriver.java:644)
	at org.openqa.selenium.remote.RemoteWebDriver.execute(RemoteWebDriver.java:701)
	at org.openqa.selenium.remote.RemoteWebDriver.close(RemoteWebDriver.java:521)
	at concep.selenium.core.GenericSeleniumWebDriver.stopSelenium(GenericSeleniumWebDriver.java:491)
	at concep.selenium.iaConnector.BaseIAconnector.cleanup(BaseIAconnector.java:190)
... Removed 25 stack frames]]>
    </failure>
  </testcase> <!-- @AfterMethod cleanup -->
  <testcase name="@BeforeMethod startSelenium" time="0.0" classname="concep.selenium.iaConnector.SurveyCreation">
    <skipped/>
  </testcase> <!-- @BeforeMethod startSelenium -->
  <testcase name="@AfterMethod cleanup" time="0.0" classname="concep.selenium.iaConnector.SurveyCreation">
    <failure type="org.openqa.selenium.remote.SessionNotFoundException" message="Session ID is null. Using WebDriver after calling quit()?
Build info: version: &amp;apos;2.53.1&amp;apos;, revision: &amp;apos;a36b8b1&amp;apos;, time: &amp;apos;2016-06-30 17:37:03&amp;apos;
System info: host: &amp;apos;CON0722&amp;apos;, ip: &amp;apos;192.168.168.66&amp;apos;, os.name: &amp;apos;Windows 10&amp;apos;, os.arch: &amp;apos;amd64&amp;apos;, os.version: &amp;apos;10.0&amp;apos;, java.version: &amp;apos;1.8.0_181&amp;apos;
Driver info: driver.version: GenericSeleniumWebDriver">
      <![CDATA[org.openqa.selenium.remote.SessionNotFoundException: Session ID is null. Using WebDriver after calling quit()?
Build info: version: '2.53.1', revision: 'a36b8b1', time: '2016-06-30 17:37:03'
System info: host: 'CON0722', ip: '192.168.168.66', os.name: 'Windows 10', os.arch: 'amd64', os.version: '10.0', java.version: '1.8.0_181'
Driver info: driver.version: GenericSeleniumWebDriver
	at org.openqa.selenium.remote.HttpCommandExecutor.execute(HttpCommandExecutor.java:134)
	at org.openqa.selenium.remote.RemoteWebDriver.execute(RemoteWebDriver.java:644)
	at org.openqa.selenium.remote.RemoteWebDriver.execute(RemoteWebDriver.java:701)
	at org.openqa.selenium.remote.RemoteWebDriver.close(RemoteWebDriver.java:521)
	at concep.selenium.core.GenericSeleniumWebDriver.stopSelenium(GenericSeleniumWebDriver.java:491)
	at concep.selenium.iaConnector.BaseIAconnector.cleanup(BaseIAconnector.java:190)
... Removed 25 stack frames]]>
    </failure>
  </testcase> <!-- @AfterMethod cleanup -->
  <testcase name="@BeforeMethod startSelenium" time="0.0" classname="concep.selenium.iaConnector.SurveyCreation">
    <skipped/>
  </testcase> <!-- @BeforeMethod startSelenium -->
  <testcase name="@AfterMethod cleanup" time="0.0" classname="concep.selenium.iaConnector.SurveyCreation">
    <failure type="org.openqa.selenium.remote.SessionNotFoundException" message="Session ID is null. Using WebDriver after calling quit()?
Build info: version: &amp;apos;2.53.1&amp;apos;, revision: &amp;apos;a36b8b1&amp;apos;, time: &amp;apos;2016-06-30 17:37:03&amp;apos;
System info: host: &amp;apos;CON0722&amp;apos;, ip: &amp;apos;192.168.168.66&amp;apos;, os.name: &amp;apos;Windows 10&amp;apos;, os.arch: &amp;apos;amd64&amp;apos;, os.version: &amp;apos;10.0&amp;apos;, java.version: &amp;apos;1.8.0_181&amp;apos;
Driver info: driver.version: GenericSeleniumWebDriver">
      <![CDATA[org.openqa.selenium.remote.SessionNotFoundException: Session ID is null. Using WebDriver after calling quit()?
Build info: version: '2.53.1', revision: 'a36b8b1', time: '2016-06-30 17:37:03'
System info: host: 'CON0722', ip: '192.168.168.66', os.name: 'Windows 10', os.arch: 'amd64', os.version: '10.0', java.version: '1.8.0_181'
Driver info: driver.version: GenericSeleniumWebDriver
	at org.openqa.selenium.remote.HttpCommandExecutor.execute(HttpCommandExecutor.java:134)
	at org.openqa.selenium.remote.RemoteWebDriver.execute(RemoteWebDriver.java:644)
	at org.openqa.selenium.remote.RemoteWebDriver.execute(RemoteWebDriver.java:701)
	at org.openqa.selenium.remote.RemoteWebDriver.close(RemoteWebDriver.java:521)
	at concep.selenium.core.GenericSeleniumWebDriver.stopSelenium(GenericSeleniumWebDriver.java:491)
	at concep.selenium.iaConnector.BaseIAconnector.cleanup(BaseIAconnector.java:190)
... Removed 25 stack frames]]>
    </failure>
  </testcase> <!-- @AfterMethod cleanup -->
  <testcase name="@BeforeMethod startSelenium" time="0.0" classname="concep.selenium.iaConnector.SurveyCreation">
    <skipped/>
  </testcase> <!-- @BeforeMethod startSelenium -->
  <testcase name="@AfterMethod cleanup" time="0.0" classname="concep.selenium.iaConnector.SurveyCreation">
    <failure type="org.openqa.selenium.remote.SessionNotFoundException" message="Session ID is null. Using WebDriver after calling quit()?
Build info: version: &amp;apos;2.53.1&amp;apos;, revision: &amp;apos;a36b8b1&amp;apos;, time: &amp;apos;2016-06-30 17:37:03&amp;apos;
System info: host: &amp;apos;CON0722&amp;apos;, ip: &amp;apos;192.168.168.66&amp;apos;, os.name: &amp;apos;Windows 10&amp;apos;, os.arch: &amp;apos;amd64&amp;apos;, os.version: &amp;apos;10.0&amp;apos;, java.version: &amp;apos;1.8.0_181&amp;apos;
Driver info: driver.version: GenericSeleniumWebDriver">
      <![CDATA[org.openqa.selenium.remote.SessionNotFoundException: Session ID is null. Using WebDriver after calling quit()?
Build info: version: '2.53.1', revision: 'a36b8b1', time: '2016-06-30 17:37:03'
System info: host: 'CON0722', ip: '192.168.168.66', os.name: 'Windows 10', os.arch: 'amd64', os.version: '10.0', java.version: '1.8.0_181'
Driver info: driver.version: GenericSeleniumWebDriver
	at org.openqa.selenium.remote.HttpCommandExecutor.execute(HttpCommandExecutor.java:134)
	at org.openqa.selenium.remote.RemoteWebDriver.execute(RemoteWebDriver.java:644)
	at org.openqa.selenium.remote.RemoteWebDriver.execute(RemoteWebDriver.java:701)
	at org.openqa.selenium.remote.RemoteWebDriver.close(RemoteWebDriver.java:521)
	at concep.selenium.core.GenericSeleniumWebDriver.stopSelenium(GenericSeleniumWebDriver.java:491)
	at concep.selenium.iaConnector.BaseIAconnector.cleanup(BaseIAconnector.java:190)
... Removed 25 stack frames]]>
    </failure>
  </testcase> <!-- @AfterMethod cleanup -->
  <testcase name="@BeforeMethod startSelenium" time="0.0" classname="concep.selenium.iaConnector.SurveyCreation">
    <skipped/>
  </testcase> <!-- @BeforeMethod startSelenium -->
  <testcase name="@AfterMethod cleanup" time="0.0" classname="concep.selenium.iaConnector.SurveyCreation">
    <failure type="org.openqa.selenium.remote.SessionNotFoundException" message="Session ID is null. Using WebDriver after calling quit()?
Build info: version: &amp;apos;2.53.1&amp;apos;, revision: &amp;apos;a36b8b1&amp;apos;, time: &amp;apos;2016-06-30 17:37:03&amp;apos;
System info: host: &amp;apos;CON0722&amp;apos;, ip: &amp;apos;192.168.168.66&amp;apos;, os.name: &amp;apos;Windows 10&amp;apos;, os.arch: &amp;apos;amd64&amp;apos;, os.version: &amp;apos;10.0&amp;apos;, java.version: &amp;apos;1.8.0_181&amp;apos;
Driver info: driver.version: GenericSeleniumWebDriver">
      <![CDATA[org.openqa.selenium.remote.SessionNotFoundException: Session ID is null. Using WebDriver after calling quit()?
Build info: version: '2.53.1', revision: 'a36b8b1', time: '2016-06-30 17:37:03'
System info: host: 'CON0722', ip: '192.168.168.66', os.name: 'Windows 10', os.arch: 'amd64', os.version: '10.0', java.version: '1.8.0_181'
Driver info: driver.version: GenericSeleniumWebDriver
	at org.openqa.selenium.remote.HttpCommandExecutor.execute(HttpCommandExecutor.java:134)
	at org.openqa.selenium.remote.RemoteWebDriver.execute(RemoteWebDriver.java:644)
	at org.openqa.selenium.remote.RemoteWebDriver.execute(RemoteWebDriver.java:701)
	at org.openqa.selenium.remote.RemoteWebDriver.close(RemoteWebDriver.java:521)
	at concep.selenium.core.GenericSeleniumWebDriver.stopSelenium(GenericSeleniumWebDriver.java:491)
	at concep.selenium.iaConnector.BaseIAconnector.cleanup(BaseIAconnector.java:190)
... Removed 25 stack frames]]>
    </failure>
  </testcase> <!-- @AfterMethod cleanup -->
  <testcase name="@BeforeMethod startSelenium" time="0.0" classname="concep.selenium.iaConnector.SurveyCreation">
    <skipped/>
  </testcase> <!-- @BeforeMethod startSelenium -->
  <testcase name="@AfterMethod cleanup" time="0.0" classname="concep.selenium.iaConnector.SurveyCreation">
    <failure type="org.openqa.selenium.remote.SessionNotFoundException" message="Session ID is null. Using WebDriver after calling quit()?
Build info: version: &amp;apos;2.53.1&amp;apos;, revision: &amp;apos;a36b8b1&amp;apos;, time: &amp;apos;2016-06-30 17:37:03&amp;apos;
System info: host: &amp;apos;CON0722&amp;apos;, ip: &amp;apos;192.168.168.66&amp;apos;, os.name: &amp;apos;Windows 10&amp;apos;, os.arch: &amp;apos;amd64&amp;apos;, os.version: &amp;apos;10.0&amp;apos;, java.version: &amp;apos;1.8.0_181&amp;apos;
Driver info: driver.version: GenericSeleniumWebDriver">
      <![CDATA[org.openqa.selenium.remote.SessionNotFoundException: Session ID is null. Using WebDriver after calling quit()?
Build info: version: '2.53.1', revision: 'a36b8b1', time: '2016-06-30 17:37:03'
System info: host: 'CON0722', ip: '192.168.168.66', os.name: 'Windows 10', os.arch: 'amd64', os.version: '10.0', java.version: '1.8.0_181'
Driver info: driver.version: GenericSeleniumWebDriver
	at org.openqa.selenium.remote.HttpCommandExecutor.execute(HttpCommandExecutor.java:134)
	at org.openqa.selenium.remote.RemoteWebDriver.execute(RemoteWebDriver.java:644)
	at org.openqa.selenium.remote.RemoteWebDriver.execute(RemoteWebDriver.java:701)
	at org.openqa.selenium.remote.RemoteWebDriver.close(RemoteWebDriver.java:521)
	at concep.selenium.core.GenericSeleniumWebDriver.stopSelenium(GenericSeleniumWebDriver.java:491)
	at concep.selenium.iaConnector.BaseIAconnector.cleanup(BaseIAconnector.java:190)
... Removed 25 stack frames]]>
    </failure>
  </testcase> <!-- @AfterMethod cleanup -->
  <testcase name="@BeforeMethod startSelenium" time="0.0" classname="concep.selenium.iaConnector.SurveyCreation">
    <skipped/>
  </testcase> <!-- @BeforeMethod startSelenium -->
  <testcase name="@AfterMethod cleanup" time="0.0" classname="concep.selenium.iaConnector.SurveyCreation">
    <failure type="org.openqa.selenium.remote.SessionNotFoundException" message="Session ID is null. Using WebDriver after calling quit()?
Build info: version: &amp;apos;2.53.1&amp;apos;, revision: &amp;apos;a36b8b1&amp;apos;, time: &amp;apos;2016-06-30 17:37:03&amp;apos;
System info: host: &amp;apos;CON0722&amp;apos;, ip: &amp;apos;192.168.168.66&amp;apos;, os.name: &amp;apos;Windows 10&amp;apos;, os.arch: &amp;apos;amd64&amp;apos;, os.version: &amp;apos;10.0&amp;apos;, java.version: &amp;apos;1.8.0_181&amp;apos;
Driver info: driver.version: GenericSeleniumWebDriver">
      <![CDATA[org.openqa.selenium.remote.SessionNotFoundException: Session ID is null. Using WebDriver after calling quit()?
Build info: version: '2.53.1', revision: 'a36b8b1', time: '2016-06-30 17:37:03'
System info: host: 'CON0722', ip: '192.168.168.66', os.name: 'Windows 10', os.arch: 'amd64', os.version: '10.0', java.version: '1.8.0_181'
Driver info: driver.version: GenericSeleniumWebDriver
	at org.openqa.selenium.remote.HttpCommandExecutor.execute(HttpCommandExecutor.java:134)
	at org.openqa.selenium.remote.RemoteWebDriver.execute(RemoteWebDriver.java:644)
	at org.openqa.selenium.remote.RemoteWebDriver.execute(RemoteWebDriver.java:701)
	at org.openqa.selenium.remote.RemoteWebDriver.close(RemoteWebDriver.java:521)
	at concep.selenium.core.GenericSeleniumWebDriver.stopSelenium(GenericSeleniumWebDriver.java:491)
	at concep.selenium.iaConnector.BaseIAconnector.cleanup(BaseIAconnector.java:190)
... Removed 25 stack frames]]>
    </failure>
  </testcase> <!-- @AfterMethod cleanup -->
  <testcase name="@BeforeMethod startSelenium" time="0.0" classname="concep.selenium.iaConnector.SurveyCreation">
    <skipped/>
  </testcase> <!-- @BeforeMethod startSelenium -->
  <testcase name="@AfterMethod cleanup" time="0.0" classname="concep.selenium.iaConnector.SurveyCreation">
    <failure type="org.openqa.selenium.remote.SessionNotFoundException" message="Session ID is null. Using WebDriver after calling quit()?
Build info: version: &amp;apos;2.53.1&amp;apos;, revision: &amp;apos;a36b8b1&amp;apos;, time: &amp;apos;2016-06-30 17:37:03&amp;apos;
System info: host: &amp;apos;CON0722&amp;apos;, ip: &amp;apos;192.168.168.66&amp;apos;, os.name: &amp;apos;Windows 10&amp;apos;, os.arch: &amp;apos;amd64&amp;apos;, os.version: &amp;apos;10.0&amp;apos;, java.version: &amp;apos;1.8.0_181&amp;apos;
Driver info: driver.version: GenericSeleniumWebDriver">
      <![CDATA[org.openqa.selenium.remote.SessionNotFoundException: Session ID is null. Using WebDriver after calling quit()?
Build info: version: '2.53.1', revision: 'a36b8b1', time: '2016-06-30 17:37:03'
System info: host: 'CON0722', ip: '192.168.168.66', os.name: 'Windows 10', os.arch: 'amd64', os.version: '10.0', java.version: '1.8.0_181'
Driver info: driver.version: GenericSeleniumWebDriver
	at org.openqa.selenium.remote.HttpCommandExecutor.execute(HttpCommandExecutor.java:134)
	at org.openqa.selenium.remote.RemoteWebDriver.execute(RemoteWebDriver.java:644)
	at org.openqa.selenium.remote.RemoteWebDriver.execute(RemoteWebDriver.java:701)
	at org.openqa.selenium.remote.RemoteWebDriver.close(RemoteWebDriver.java:521)
	at concep.selenium.core.GenericSeleniumWebDriver.stopSelenium(GenericSeleniumWebDriver.java:491)
	at concep.selenium.iaConnector.BaseIAconnector.cleanup(BaseIAconnector.java:190)
... Removed 25 stack frames]]>
    </failure>
  </testcase> <!-- @AfterMethod cleanup -->
  <testcase name="@BeforeMethod startSelenium" time="0.0" classname="concep.selenium.iaConnector.SurveyCreation">
    <skipped/>
  </testcase> <!-- @BeforeMethod startSelenium -->
  <testcase name="@AfterMethod cleanup" time="0.0" classname="concep.selenium.iaConnector.SurveyCreation">
    <failure type="org.openqa.selenium.remote.SessionNotFoundException" message="Session ID is null. Using WebDriver after calling quit()?
Build info: version: &amp;apos;2.53.1&amp;apos;, revision: &amp;apos;a36b8b1&amp;apos;, time: &amp;apos;2016-06-30 17:37:03&amp;apos;
System info: host: &amp;apos;CON0722&amp;apos;, ip: &amp;apos;192.168.168.66&amp;apos;, os.name: &amp;apos;Windows 10&amp;apos;, os.arch: &amp;apos;amd64&amp;apos;, os.version: &amp;apos;10.0&amp;apos;, java.version: &amp;apos;1.8.0_181&amp;apos;
Driver info: driver.version: GenericSeleniumWebDriver">
      <![CDATA[org.openqa.selenium.remote.SessionNotFoundException: Session ID is null. Using WebDriver after calling quit()?
Build info: version: '2.53.1', revision: 'a36b8b1', time: '2016-06-30 17:37:03'
System info: host: 'CON0722', ip: '192.168.168.66', os.name: 'Windows 10', os.arch: 'amd64', os.version: '10.0', java.version: '1.8.0_181'
Driver info: driver.version: GenericSeleniumWebDriver
	at org.openqa.selenium.remote.HttpCommandExecutor.execute(HttpCommandExecutor.java:134)
	at org.openqa.selenium.remote.RemoteWebDriver.execute(RemoteWebDriver.java:644)
	at org.openqa.selenium.remote.RemoteWebDriver.execute(RemoteWebDriver.java:701)
	at org.openqa.selenium.remote.RemoteWebDriver.close(RemoteWebDriver.java:521)
	at concep.selenium.core.GenericSeleniumWebDriver.stopSelenium(GenericSeleniumWebDriver.java:491)
	at concep.selenium.iaConnector.BaseIAconnector.cleanup(BaseIAconnector.java:190)
... Removed 25 stack frames]]>
    </failure>
  </testcase> <!-- @AfterMethod cleanup -->
  <testcase name="@BeforeMethod startSelenium" time="0.0" classname="concep.selenium.iaConnector.SurveyCreation">
    <skipped/>
  </testcase> <!-- @BeforeMethod startSelenium -->
  <testcase name="@AfterMethod cleanup" time="0.0" classname="concep.selenium.iaConnector.SurveyCreation">
    <failure type="org.openqa.selenium.remote.SessionNotFoundException" message="Session ID is null. Using WebDriver after calling quit()?
Build info: version: &amp;apos;2.53.1&amp;apos;, revision: &amp;apos;a36b8b1&amp;apos;, time: &amp;apos;2016-06-30 17:37:03&amp;apos;
System info: host: &amp;apos;CON0722&amp;apos;, ip: &amp;apos;192.168.168.66&amp;apos;, os.name: &amp;apos;Windows 10&amp;apos;, os.arch: &amp;apos;amd64&amp;apos;, os.version: &amp;apos;10.0&amp;apos;, java.version: &amp;apos;1.8.0_181&amp;apos;
Driver info: driver.version: GenericSeleniumWebDriver">
      <![CDATA[org.openqa.selenium.remote.SessionNotFoundException: Session ID is null. Using WebDriver after calling quit()?
Build info: version: '2.53.1', revision: 'a36b8b1', time: '2016-06-30 17:37:03'
System info: host: 'CON0722', ip: '192.168.168.66', os.name: 'Windows 10', os.arch: 'amd64', os.version: '10.0', java.version: '1.8.0_181'
Driver info: driver.version: GenericSeleniumWebDriver
	at org.openqa.selenium.remote.HttpCommandExecutor.execute(HttpCommandExecutor.java:134)
	at org.openqa.selenium.remote.RemoteWebDriver.execute(RemoteWebDriver.java:644)
	at org.openqa.selenium.remote.RemoteWebDriver.execute(RemoteWebDriver.java:701)
	at org.openqa.selenium.remote.RemoteWebDriver.close(RemoteWebDriver.java:521)
	at concep.selenium.core.GenericSeleniumWebDriver.stopSelenium(GenericSeleniumWebDriver.java:491)
	at concep.selenium.iaConnector.BaseIAconnector.cleanup(BaseIAconnector.java:190)
... Removed 25 stack frames]]>
    </failure>
  </testcase> <!-- @AfterMethod cleanup -->
  <testcase name="@BeforeMethod startSelenium" time="0.0" classname="concep.selenium.iaConnector.SurveyCreation">
    <skipped/>
  </testcase> <!-- @BeforeMethod startSelenium -->
  <testcase name="@AfterMethod cleanup" time="0.0" classname="concep.selenium.iaConnector.SurveyCreation">
    <failure type="org.openqa.selenium.remote.SessionNotFoundException" message="Session ID is null. Using WebDriver after calling quit()?
Build info: version: &amp;apos;2.53.1&amp;apos;, revision: &amp;apos;a36b8b1&amp;apos;, time: &amp;apos;2016-06-30 17:37:03&amp;apos;
System info: host: &amp;apos;CON0722&amp;apos;, ip: &amp;apos;192.168.168.66&amp;apos;, os.name: &amp;apos;Windows 10&amp;apos;, os.arch: &amp;apos;amd64&amp;apos;, os.version: &amp;apos;10.0&amp;apos;, java.version: &amp;apos;1.8.0_181&amp;apos;
Driver info: driver.version: GenericSeleniumWebDriver">
      <![CDATA[org.openqa.selenium.remote.SessionNotFoundException: Session ID is null. Using WebDriver after calling quit()?
Build info: version: '2.53.1', revision: 'a36b8b1', time: '2016-06-30 17:37:03'
System info: host: 'CON0722', ip: '192.168.168.66', os.name: 'Windows 10', os.arch: 'amd64', os.version: '10.0', java.version: '1.8.0_181'
Driver info: driver.version: GenericSeleniumWebDriver
	at org.openqa.selenium.remote.HttpCommandExecutor.execute(HttpCommandExecutor.java:134)
	at org.openqa.selenium.remote.RemoteWebDriver.execute(RemoteWebDriver.java:644)
	at org.openqa.selenium.remote.RemoteWebDriver.execute(RemoteWebDriver.java:701)
	at org.openqa.selenium.remote.RemoteWebDriver.close(RemoteWebDriver.java:521)
	at concep.selenium.core.GenericSeleniumWebDriver.stopSelenium(GenericSeleniumWebDriver.java:491)
	at concep.selenium.iaConnector.BaseIAconnector.cleanup(BaseIAconnector.java:190)
... Removed 25 stack frames]]>
    </failure>
  </testcase> <!-- @AfterMethod cleanup -->
  <testcase name="@BeforeMethod startSelenium" time="0.0" classname="concep.selenium.iaConnector.SurveyCreation">
    <skipped/>
  </testcase> <!-- @BeforeMethod startSelenium -->
  <testcase name="@AfterMethod cleanup" time="0.0" classname="concep.selenium.iaConnector.SurveyCreation">
    <failure type="org.openqa.selenium.remote.SessionNotFoundException" message="Session ID is null. Using WebDriver after calling quit()?
Build info: version: &amp;apos;2.53.1&amp;apos;, revision: &amp;apos;a36b8b1&amp;apos;, time: &amp;apos;2016-06-30 17:37:03&amp;apos;
System info: host: &amp;apos;CON0722&amp;apos;, ip: &amp;apos;192.168.168.66&amp;apos;, os.name: &amp;apos;Windows 10&amp;apos;, os.arch: &amp;apos;amd64&amp;apos;, os.version: &amp;apos;10.0&amp;apos;, java.version: &amp;apos;1.8.0_181&amp;apos;
Driver info: driver.version: GenericSeleniumWebDriver">
      <![CDATA[org.openqa.selenium.remote.SessionNotFoundException: Session ID is null. Using WebDriver after calling quit()?
Build info: version: '2.53.1', revision: 'a36b8b1', time: '2016-06-30 17:37:03'
System info: host: 'CON0722', ip: '192.168.168.66', os.name: 'Windows 10', os.arch: 'amd64', os.version: '10.0', java.version: '1.8.0_181'
Driver info: driver.version: GenericSeleniumWebDriver
	at org.openqa.selenium.remote.HttpCommandExecutor.execute(HttpCommandExecutor.java:134)
	at org.openqa.selenium.remote.RemoteWebDriver.execute(RemoteWebDriver.java:644)
	at org.openqa.selenium.remote.RemoteWebDriver.execute(RemoteWebDriver.java:701)
	at org.openqa.selenium.remote.RemoteWebDriver.close(RemoteWebDriver.java:521)
	at concep.selenium.core.GenericSeleniumWebDriver.stopSelenium(GenericSeleniumWebDriver.java:491)
	at concep.selenium.iaConnector.BaseIAconnector.cleanup(BaseIAconnector.java:190)
... Removed 25 stack frames]]>
    </failure>
  </testcase> <!-- @AfterMethod cleanup -->
  <testcase name="@BeforeMethod startSelenium" time="0.0" classname="concep.selenium.iaConnector.SurveyCreation">
    <skipped/>
  </testcase> <!-- @BeforeMethod startSelenium -->
  <testcase name="@AfterMethod cleanup" time="0.0" classname="concep.selenium.iaConnector.SurveyCreation">
    <failure type="org.openqa.selenium.remote.SessionNotFoundException" message="Session ID is null. Using WebDriver after calling quit()?
Build info: version: &amp;apos;2.53.1&amp;apos;, revision: &amp;apos;a36b8b1&amp;apos;, time: &amp;apos;2016-06-30 17:37:03&amp;apos;
System info: host: &amp;apos;CON0722&amp;apos;, ip: &amp;apos;192.168.168.66&amp;apos;, os.name: &amp;apos;Windows 10&amp;apos;, os.arch: &amp;apos;amd64&amp;apos;, os.version: &amp;apos;10.0&amp;apos;, java.version: &amp;apos;1.8.0_181&amp;apos;
Driver info: driver.version: GenericSeleniumWebDriver">
      <![CDATA[org.openqa.selenium.remote.SessionNotFoundException: Session ID is null. Using WebDriver after calling quit()?
Build info: version: '2.53.1', revision: 'a36b8b1', time: '2016-06-30 17:37:03'
System info: host: 'CON0722', ip: '192.168.168.66', os.name: 'Windows 10', os.arch: 'amd64', os.version: '10.0', java.version: '1.8.0_181'
Driver info: driver.version: GenericSeleniumWebDriver
	at org.openqa.selenium.remote.HttpCommandExecutor.execute(HttpCommandExecutor.java:134)
	at org.openqa.selenium.remote.RemoteWebDriver.execute(RemoteWebDriver.java:644)
	at org.openqa.selenium.remote.RemoteWebDriver.execute(RemoteWebDriver.java:701)
	at org.openqa.selenium.remote.RemoteWebDriver.close(RemoteWebDriver.java:521)
	at concep.selenium.core.GenericSeleniumWebDriver.stopSelenium(GenericSeleniumWebDriver.java:491)
	at concep.selenium.iaConnector.BaseIAconnector.cleanup(BaseIAconnector.java:190)
... Removed 25 stack frames]]>
    </failure>
  </testcase> <!-- @AfterMethod cleanup -->
  <testcase name="@BeforeMethod startSelenium" time="0.0" classname="concep.selenium.iaConnector.SurveyCreation">
    <skipped/>
  </testcase> <!-- @BeforeMethod startSelenium -->
  <testcase name="@AfterMethod cleanup" time="0.0" classname="concep.selenium.iaConnector.SurveyCreation">
    <failure type="org.openqa.selenium.remote.SessionNotFoundException" message="Session ID is null. Using WebDriver after calling quit()?
Build info: version: &amp;apos;2.53.1&amp;apos;, revision: &amp;apos;a36b8b1&amp;apos;, time: &amp;apos;2016-06-30 17:37:03&amp;apos;
System info: host: &amp;apos;CON0722&amp;apos;, ip: &amp;apos;192.168.168.66&amp;apos;, os.name: &amp;apos;Windows 10&amp;apos;, os.arch: &amp;apos;amd64&amp;apos;, os.version: &amp;apos;10.0&amp;apos;, java.version: &amp;apos;1.8.0_181&amp;apos;
Driver info: driver.version: GenericSeleniumWebDriver">
      <![CDATA[org.openqa.selenium.remote.SessionNotFoundException: Session ID is null. Using WebDriver after calling quit()?
Build info: version: '2.53.1', revision: 'a36b8b1', time: '2016-06-30 17:37:03'
System info: host: 'CON0722', ip: '192.168.168.66', os.name: 'Windows 10', os.arch: 'amd64', os.version: '10.0', java.version: '1.8.0_181'
Driver info: driver.version: GenericSeleniumWebDriver
	at org.openqa.selenium.remote.HttpCommandExecutor.execute(HttpCommandExecutor.java:134)
	at org.openqa.selenium.remote.RemoteWebDriver.execute(RemoteWebDriver.java:644)
	at org.openqa.selenium.remote.RemoteWebDriver.execute(RemoteWebDriver.java:701)
	at org.openqa.selenium.remote.RemoteWebDriver.close(RemoteWebDriver.java:521)
	at concep.selenium.core.GenericSeleniumWebDriver.stopSelenium(GenericSeleniumWebDriver.java:491)
	at concep.selenium.iaConnector.BaseIAconnector.cleanup(BaseIAconnector.java:190)
... Removed 25 stack frames]]>
    </failure>
  </testcase> <!-- @AfterMethod cleanup -->
  <testcase name="@BeforeMethod startSelenium" time="0.0" classname="concep.selenium.iaConnector.SurveyCreation">
    <skipped/>
  </testcase> <!-- @BeforeMethod startSelenium -->
  <testcase name="@AfterMethod cleanup" time="0.0" classname="concep.selenium.iaConnector.SurveyCreation">
    <failure type="org.openqa.selenium.remote.SessionNotFoundException" message="Session ID is null. Using WebDriver after calling quit()?
Build info: version: &amp;apos;2.53.1&amp;apos;, revision: &amp;apos;a36b8b1&amp;apos;, time: &amp;apos;2016-06-30 17:37:03&amp;apos;
System info: host: &amp;apos;CON0722&amp;apos;, ip: &amp;apos;192.168.168.66&amp;apos;, os.name: &amp;apos;Windows 10&amp;apos;, os.arch: &amp;apos;amd64&amp;apos;, os.version: &amp;apos;10.0&amp;apos;, java.version: &amp;apos;1.8.0_181&amp;apos;
Driver info: driver.version: GenericSeleniumWebDriver">
      <![CDATA[org.openqa.selenium.remote.SessionNotFoundException: Session ID is null. Using WebDriver after calling quit()?
Build info: version: '2.53.1', revision: 'a36b8b1', time: '2016-06-30 17:37:03'
System info: host: 'CON0722', ip: '192.168.168.66', os.name: 'Windows 10', os.arch: 'amd64', os.version: '10.0', java.version: '1.8.0_181'
Driver info: driver.version: GenericSeleniumWebDriver
	at org.openqa.selenium.remote.HttpCommandExecutor.execute(HttpCommandExecutor.java:134)
	at org.openqa.selenium.remote.RemoteWebDriver.execute(RemoteWebDriver.java:644)
	at org.openqa.selenium.remote.RemoteWebDriver.execute(RemoteWebDriver.java:701)
	at org.openqa.selenium.remote.RemoteWebDriver.close(RemoteWebDriver.java:521)
	at concep.selenium.core.GenericSeleniumWebDriver.stopSelenium(GenericSeleniumWebDriver.java:491)
	at concep.selenium.iaConnector.BaseIAconnector.cleanup(BaseIAconnector.java:190)
... Removed 25 stack frames]]>
    </failure>
  </testcase> <!-- @AfterMethod cleanup -->
  <testcase name="@BeforeMethod startSelenium" time="0.0" classname="concep.selenium.iaConnector.SurveyCreation">
    <skipped/>
  </testcase> <!-- @BeforeMethod startSelenium -->
  <testcase name="@AfterMethod cleanup" time="0.0" classname="concep.selenium.iaConnector.SurveyCreation">
    <failure type="org.openqa.selenium.remote.SessionNotFoundException" message="Session ID is null. Using WebDriver after calling quit()?
Build info: version: &amp;apos;2.53.1&amp;apos;, revision: &amp;apos;a36b8b1&amp;apos;, time: &amp;apos;2016-06-30 17:37:03&amp;apos;
System info: host: &amp;apos;CON0722&amp;apos;, ip: &amp;apos;192.168.168.66&amp;apos;, os.name: &amp;apos;Windows 10&amp;apos;, os.arch: &amp;apos;amd64&amp;apos;, os.version: &amp;apos;10.0&amp;apos;, java.version: &amp;apos;1.8.0_181&amp;apos;
Driver info: driver.version: GenericSeleniumWebDriver">
      <![CDATA[org.openqa.selenium.remote.SessionNotFoundException: Session ID is null. Using WebDriver after calling quit()?
Build info: version: '2.53.1', revision: 'a36b8b1', time: '2016-06-30 17:37:03'
System info: host: 'CON0722', ip: '192.168.168.66', os.name: 'Windows 10', os.arch: 'amd64', os.version: '10.0', java.version: '1.8.0_181'
Driver info: driver.version: GenericSeleniumWebDriver
	at org.openqa.selenium.remote.HttpCommandExecutor.execute(HttpCommandExecutor.java:134)
	at org.openqa.selenium.remote.RemoteWebDriver.execute(RemoteWebDriver.java:644)
	at org.openqa.selenium.remote.RemoteWebDriver.execute(RemoteWebDriver.java:701)
	at org.openqa.selenium.remote.RemoteWebDriver.close(RemoteWebDriver.java:521)
	at concep.selenium.core.GenericSeleniumWebDriver.stopSelenium(GenericSeleniumWebDriver.java:491)
	at concep.selenium.iaConnector.BaseIAconnector.cleanup(BaseIAconnector.java:190)
... Removed 25 stack frames]]>
    </failure>
  </testcase> <!-- @AfterMethod cleanup -->
  <testcase name="@BeforeMethod startSelenium" time="0.0" classname="concep.selenium.iaConnector.SurveyCreation">
    <skipped/>
  </testcase> <!-- @BeforeMethod startSelenium -->
  <testcase name="@AfterMethod cleanup" time="0.0" classname="concep.selenium.iaConnector.SurveyCreation">
    <failure type="org.openqa.selenium.remote.SessionNotFoundException" message="Session ID is null. Using WebDriver after calling quit()?
Build info: version: &amp;apos;2.53.1&amp;apos;, revision: &amp;apos;a36b8b1&amp;apos;, time: &amp;apos;2016-06-30 17:37:03&amp;apos;
System info: host: &amp;apos;CON0722&amp;apos;, ip: &amp;apos;192.168.168.66&amp;apos;, os.name: &amp;apos;Windows 10&amp;apos;, os.arch: &amp;apos;amd64&amp;apos;, os.version: &amp;apos;10.0&amp;apos;, java.version: &amp;apos;1.8.0_181&amp;apos;
Driver info: driver.version: GenericSeleniumWebDriver">
      <![CDATA[org.openqa.selenium.remote.SessionNotFoundException: Session ID is null. Using WebDriver after calling quit()?
Build info: version: '2.53.1', revision: 'a36b8b1', time: '2016-06-30 17:37:03'
System info: host: 'CON0722', ip: '192.168.168.66', os.name: 'Windows 10', os.arch: 'amd64', os.version: '10.0', java.version: '1.8.0_181'
Driver info: driver.version: GenericSeleniumWebDriver
	at org.openqa.selenium.remote.HttpCommandExecutor.execute(HttpCommandExecutor.java:134)
	at org.openqa.selenium.remote.RemoteWebDriver.execute(RemoteWebDriver.java:644)
	at org.openqa.selenium.remote.RemoteWebDriver.execute(RemoteWebDriver.java:701)
	at org.openqa.selenium.remote.RemoteWebDriver.close(RemoteWebDriver.java:521)
	at concep.selenium.core.GenericSeleniumWebDriver.stopSelenium(GenericSeleniumWebDriver.java:491)
	at concep.selenium.iaConnector.BaseIAconnector.cleanup(BaseIAconnector.java:190)
... Removed 25 stack frames]]>
    </failure>
  </testcase> <!-- @AfterMethod cleanup -->
  <testcase name="@BeforeMethod startSelenium" time="0.0" classname="concep.selenium.iaConnector.SurveyCreation">
    <skipped/>
  </testcase> <!-- @BeforeMethod startSelenium -->
  <testcase name="@AfterMethod cleanup" time="0.0" classname="concep.selenium.iaConnector.SurveyCreation">
    <failure type="org.openqa.selenium.remote.SessionNotFoundException" message="Session ID is null. Using WebDriver after calling quit()?
Build info: version: &amp;apos;2.53.1&amp;apos;, revision: &amp;apos;a36b8b1&amp;apos;, time: &amp;apos;2016-06-30 17:37:03&amp;apos;
System info: host: &amp;apos;CON0722&amp;apos;, ip: &amp;apos;192.168.168.66&amp;apos;, os.name: &amp;apos;Windows 10&amp;apos;, os.arch: &amp;apos;amd64&amp;apos;, os.version: &amp;apos;10.0&amp;apos;, java.version: &amp;apos;1.8.0_181&amp;apos;
Driver info: driver.version: GenericSeleniumWebDriver">
      <![CDATA[org.openqa.selenium.remote.SessionNotFoundException: Session ID is null. Using WebDriver after calling quit()?
Build info: version: '2.53.1', revision: 'a36b8b1', time: '2016-06-30 17:37:03'
System info: host: 'CON0722', ip: '192.168.168.66', os.name: 'Windows 10', os.arch: 'amd64', os.version: '10.0', java.version: '1.8.0_181'
Driver info: driver.version: GenericSeleniumWebDriver
	at org.openqa.selenium.remote.HttpCommandExecutor.execute(HttpCommandExecutor.java:134)
	at org.openqa.selenium.remote.RemoteWebDriver.execute(RemoteWebDriver.java:644)
	at org.openqa.selenium.remote.RemoteWebDriver.execute(RemoteWebDriver.java:701)
	at org.openqa.selenium.remote.RemoteWebDriver.close(RemoteWebDriver.java:521)
	at concep.selenium.core.GenericSeleniumWebDriver.stopSelenium(GenericSeleniumWebDriver.java:491)
	at concep.selenium.iaConnector.BaseIAconnector.cleanup(BaseIAconnector.java:190)
... Removed 25 stack frames]]>
    </failure>
  </testcase> <!-- @AfterMethod cleanup -->
  <testcase name="@BeforeMethod startSelenium" time="0.0" classname="concep.selenium.iaConnector.SurveyCreation">
    <skipped/>
  </testcase> <!-- @BeforeMethod startSelenium -->
  <testcase name="@AfterMethod cleanup" time="0.0" classname="concep.selenium.iaConnector.SurveyCreation">
    <failure type="org.openqa.selenium.remote.SessionNotFoundException" message="Session ID is null. Using WebDriver after calling quit()?
Build info: version: &amp;apos;2.53.1&amp;apos;, revision: &amp;apos;a36b8b1&amp;apos;, time: &amp;apos;2016-06-30 17:37:03&amp;apos;
System info: host: &amp;apos;CON0722&amp;apos;, ip: &amp;apos;192.168.168.66&amp;apos;, os.name: &amp;apos;Windows 10&amp;apos;, os.arch: &amp;apos;amd64&amp;apos;, os.version: &amp;apos;10.0&amp;apos;, java.version: &amp;apos;1.8.0_181&amp;apos;
Driver info: driver.version: GenericSeleniumWebDriver">
      <![CDATA[org.openqa.selenium.remote.SessionNotFoundException: Session ID is null. Using WebDriver after calling quit()?
Build info: version: '2.53.1', revision: 'a36b8b1', time: '2016-06-30 17:37:03'
System info: host: 'CON0722', ip: '192.168.168.66', os.name: 'Windows 10', os.arch: 'amd64', os.version: '10.0', java.version: '1.8.0_181'
Driver info: driver.version: GenericSeleniumWebDriver
	at org.openqa.selenium.remote.HttpCommandExecutor.execute(HttpCommandExecutor.java:134)
	at org.openqa.selenium.remote.RemoteWebDriver.execute(RemoteWebDriver.java:644)
	at org.openqa.selenium.remote.RemoteWebDriver.execute(RemoteWebDriver.java:701)
	at org.openqa.selenium.remote.RemoteWebDriver.close(RemoteWebDriver.java:521)
	at concep.selenium.core.GenericSeleniumWebDriver.stopSelenium(GenericSeleniumWebDriver.java:491)
	at concep.selenium.iaConnector.BaseIAconnector.cleanup(BaseIAconnector.java:190)
... Removed 25 stack frames]]>
    </failure>
  </testcase> <!-- @AfterMethod cleanup -->
  <testcase name="@BeforeMethod startSelenium" time="0.0" classname="concep.selenium.iaConnector.SurveyCreation">
    <skipped/>
  </testcase> <!-- @BeforeMethod startSelenium -->
  <testcase name="@AfterMethod cleanup" time="0.0" classname="concep.selenium.iaConnector.SurveyCreation">
    <failure type="org.openqa.selenium.remote.SessionNotFoundException" message="Session ID is null. Using WebDriver after calling quit()?
Build info: version: &amp;apos;2.53.1&amp;apos;, revision: &amp;apos;a36b8b1&amp;apos;, time: &amp;apos;2016-06-30 17:37:03&amp;apos;
System info: host: &amp;apos;CON0722&amp;apos;, ip: &amp;apos;192.168.168.66&amp;apos;, os.name: &amp;apos;Windows 10&amp;apos;, os.arch: &amp;apos;amd64&amp;apos;, os.version: &amp;apos;10.0&amp;apos;, java.version: &amp;apos;1.8.0_181&amp;apos;
Driver info: driver.version: GenericSeleniumWebDriver">
      <![CDATA[org.openqa.selenium.remote.SessionNotFoundException: Session ID is null. Using WebDriver after calling quit()?
Build info: version: '2.53.1', revision: 'a36b8b1', time: '2016-06-30 17:37:03'
System info: host: 'CON0722', ip: '192.168.168.66', os.name: 'Windows 10', os.arch: 'amd64', os.version: '10.0', java.version: '1.8.0_181'
Driver info: driver.version: GenericSeleniumWebDriver
	at org.openqa.selenium.remote.HttpCommandExecutor.execute(HttpCommandExecutor.java:134)
	at org.openqa.selenium.remote.RemoteWebDriver.execute(RemoteWebDriver.java:644)
	at org.openqa.selenium.remote.RemoteWebDriver.execute(RemoteWebDriver.java:701)
	at org.openqa.selenium.remote.RemoteWebDriver.close(RemoteWebDriver.java:521)
	at concep.selenium.core.GenericSeleniumWebDriver.stopSelenium(GenericSeleniumWebDriver.java:491)
	at concep.selenium.iaConnector.BaseIAconnector.cleanup(BaseIAconnector.java:190)
... Removed 25 stack frames]]>
    </failure>
  </testcase> <!-- @AfterMethod cleanup -->
  <testcase name="@BeforeMethod startSelenium" time="0.0" classname="concep.selenium.iaConnector.SurveyCreation">
    <skipped/>
  </testcase> <!-- @BeforeMethod startSelenium -->
  <testcase name="@AfterMethod cleanup" time="0.0" classname="concep.selenium.iaConnector.SurveyCreation">
    <failure type="org.openqa.selenium.remote.SessionNotFoundException" message="Session ID is null. Using WebDriver after calling quit()?
Build info: version: &amp;apos;2.53.1&amp;apos;, revision: &amp;apos;a36b8b1&amp;apos;, time: &amp;apos;2016-06-30 17:37:03&amp;apos;
System info: host: &amp;apos;CON0722&amp;apos;, ip: &amp;apos;192.168.168.66&amp;apos;, os.name: &amp;apos;Windows 10&amp;apos;, os.arch: &amp;apos;amd64&amp;apos;, os.version: &amp;apos;10.0&amp;apos;, java.version: &amp;apos;1.8.0_181&amp;apos;
Driver info: driver.version: GenericSeleniumWebDriver">
      <![CDATA[org.openqa.selenium.remote.SessionNotFoundException: Session ID is null. Using WebDriver after calling quit()?
Build info: version: '2.53.1', revision: 'a36b8b1', time: '2016-06-30 17:37:03'
System info: host: 'CON0722', ip: '192.168.168.66', os.name: 'Windows 10', os.arch: 'amd64', os.version: '10.0', java.version: '1.8.0_181'
Driver info: driver.version: GenericSeleniumWebDriver
	at org.openqa.selenium.remote.HttpCommandExecutor.execute(HttpCommandExecutor.java:134)
	at org.openqa.selenium.remote.RemoteWebDriver.execute(RemoteWebDriver.java:644)
	at org.openqa.selenium.remote.RemoteWebDriver.execute(RemoteWebDriver.java:701)
	at org.openqa.selenium.remote.RemoteWebDriver.close(RemoteWebDriver.java:521)
	at concep.selenium.core.GenericSeleniumWebDriver.stopSelenium(GenericSeleniumWebDriver.java:491)
	at concep.selenium.iaConnector.BaseIAconnector.cleanup(BaseIAconnector.java:190)
... Removed 25 stack frames]]>
    </failure>
  </testcase> <!-- @AfterMethod cleanup -->
  <testcase name="@BeforeMethod startSelenium" time="0.0" classname="concep.selenium.iaConnector.SurveyCreation">
    <skipped/>
  </testcase> <!-- @BeforeMethod startSelenium -->
  <testcase name="@AfterMethod cleanup" time="0.0" classname="concep.selenium.iaConnector.SurveyCreation">
    <failure type="org.openqa.selenium.remote.SessionNotFoundException" message="Session ID is null. Using WebDriver after calling quit()?
Build info: version: &amp;apos;2.53.1&amp;apos;, revision: &amp;apos;a36b8b1&amp;apos;, time: &amp;apos;2016-06-30 17:37:03&amp;apos;
System info: host: &amp;apos;CON0722&amp;apos;, ip: &amp;apos;192.168.168.66&amp;apos;, os.name: &amp;apos;Windows 10&amp;apos;, os.arch: &amp;apos;amd64&amp;apos;, os.version: &amp;apos;10.0&amp;apos;, java.version: &amp;apos;1.8.0_181&amp;apos;
Driver info: driver.version: GenericSeleniumWebDriver">
      <![CDATA[org.openqa.selenium.remote.SessionNotFoundException: Session ID is null. Using WebDriver after calling quit()?
Build info: version: '2.53.1', revision: 'a36b8b1', time: '2016-06-30 17:37:03'
System info: host: 'CON0722', ip: '192.168.168.66', os.name: 'Windows 10', os.arch: 'amd64', os.version: '10.0', java.version: '1.8.0_181'
Driver info: driver.version: GenericSeleniumWebDriver
	at org.openqa.selenium.remote.HttpCommandExecutor.execute(HttpCommandExecutor.java:134)
	at org.openqa.selenium.remote.RemoteWebDriver.execute(RemoteWebDriver.java:644)
	at org.openqa.selenium.remote.RemoteWebDriver.execute(RemoteWebDriver.java:701)
	at org.openqa.selenium.remote.RemoteWebDriver.close(RemoteWebDriver.java:521)
	at concep.selenium.core.GenericSeleniumWebDriver.stopSelenium(GenericSeleniumWebDriver.java:491)
	at concep.selenium.iaConnector.BaseIAconnector.cleanup(BaseIAconnector.java:190)
... Removed 25 stack frames]]>
    </failure>
  </testcase> <!-- @AfterMethod cleanup -->
  <testcase name="@BeforeMethod startSelenium" time="0.0" classname="concep.selenium.iaConnector.SurveyCreation">
    <skipped/>
  </testcase> <!-- @BeforeMethod startSelenium -->
  <testcase name="@AfterMethod cleanup" time="0.0" classname="concep.selenium.iaConnector.SurveyCreation">
    <failure type="org.openqa.selenium.remote.SessionNotFoundException" message="Session ID is null. Using WebDriver after calling quit()?
Build info: version: &amp;apos;2.53.1&amp;apos;, revision: &amp;apos;a36b8b1&amp;apos;, time: &amp;apos;2016-06-30 17:37:03&amp;apos;
System info: host: &amp;apos;CON0722&amp;apos;, ip: &amp;apos;192.168.168.66&amp;apos;, os.name: &amp;apos;Windows 10&amp;apos;, os.arch: &amp;apos;amd64&amp;apos;, os.version: &amp;apos;10.0&amp;apos;, java.version: &amp;apos;1.8.0_181&amp;apos;
Driver info: driver.version: GenericSeleniumWebDriver">
      <![CDATA[org.openqa.selenium.remote.SessionNotFoundException: Session ID is null. Using WebDriver after calling quit()?
Build info: version: '2.53.1', revision: 'a36b8b1', time: '2016-06-30 17:37:03'
System info: host: 'CON0722', ip: '192.168.168.66', os.name: 'Windows 10', os.arch: 'amd64', os.version: '10.0', java.version: '1.8.0_181'
Driver info: driver.version: GenericSeleniumWebDriver
	at org.openqa.selenium.remote.HttpCommandExecutor.execute(HttpCommandExecutor.java:134)
	at org.openqa.selenium.remote.RemoteWebDriver.execute(RemoteWebDriver.java:644)
	at org.openqa.selenium.remote.RemoteWebDriver.execute(RemoteWebDriver.java:701)
	at org.openqa.selenium.remote.RemoteWebDriver.close(RemoteWebDriver.java:521)
	at concep.selenium.core.GenericSeleniumWebDriver.stopSelenium(GenericSeleniumWebDriver.java:491)
	at concep.selenium.iaConnector.BaseIAconnector.cleanup(BaseIAconnector.java:190)
... Removed 25 stack frames]]>
    </failure>
  </testcase> <!-- @AfterMethod cleanup -->
  <testcase name="@BeforeMethod startSelenium" time="0.0" classname="concep.selenium.iaConnector.SurveyCreation">
    <skipped/>
  </testcase> <!-- @BeforeMethod startSelenium -->
  <testcase name="@AfterMethod cleanup" time="0.0" classname="concep.selenium.iaConnector.SurveyCreation">
    <failure type="org.openqa.selenium.remote.SessionNotFoundException" message="Session ID is null. Using WebDriver after calling quit()?
Build info: version: &amp;apos;2.53.1&amp;apos;, revision: &amp;apos;a36b8b1&amp;apos;, time: &amp;apos;2016-06-30 17:37:03&amp;apos;
System info: host: &amp;apos;CON0722&amp;apos;, ip: &amp;apos;192.168.168.66&amp;apos;, os.name: &amp;apos;Windows 10&amp;apos;, os.arch: &amp;apos;amd64&amp;apos;, os.version: &amp;apos;10.0&amp;apos;, java.version: &amp;apos;1.8.0_181&amp;apos;
Driver info: driver.version: GenericSeleniumWebDriver">
      <![CDATA[org.openqa.selenium.remote.SessionNotFoundException: Session ID is null. Using WebDriver after calling quit()?
Build info: version: '2.53.1', revision: 'a36b8b1', time: '2016-06-30 17:37:03'
System info: host: 'CON0722', ip: '192.168.168.66', os.name: 'Windows 10', os.arch: 'amd64', os.version: '10.0', java.version: '1.8.0_181'
Driver info: driver.version: GenericSeleniumWebDriver
	at org.openqa.selenium.remote.HttpCommandExecutor.execute(HttpCommandExecutor.java:134)
	at org.openqa.selenium.remote.RemoteWebDriver.execute(RemoteWebDriver.java:644)
	at org.openqa.selenium.remote.RemoteWebDriver.execute(RemoteWebDriver.java:701)
	at org.openqa.selenium.remote.RemoteWebDriver.close(RemoteWebDriver.java:521)
	at concep.selenium.core.GenericSeleniumWebDriver.stopSelenium(GenericSeleniumWebDriver.java:491)
	at concep.selenium.iaConnector.BaseIAconnector.cleanup(BaseIAconnector.java:190)
... Removed 25 stack frames]]>
    </failure>
  </testcase> <!-- @AfterMethod cleanup -->
  <testcase name="@BeforeMethod startSelenium" time="0.0" classname="concep.selenium.iaConnector.SurveyCreation">
    <skipped/>
  </testcase> <!-- @BeforeMethod startSelenium -->
  <testcase name="@AfterMethod cleanup" time="0.0" classname="concep.selenium.iaConnector.SurveyCreation">
    <failure type="org.openqa.selenium.remote.SessionNotFoundException" message="Session ID is null. Using WebDriver after calling quit()?
Build info: version: &amp;apos;2.53.1&amp;apos;, revision: &amp;apos;a36b8b1&amp;apos;, time: &amp;apos;2016-06-30 17:37:03&amp;apos;
System info: host: &amp;apos;CON0722&amp;apos;, ip: &amp;apos;192.168.168.66&amp;apos;, os.name: &amp;apos;Windows 10&amp;apos;, os.arch: &amp;apos;amd64&amp;apos;, os.version: &amp;apos;10.0&amp;apos;, java.version: &amp;apos;1.8.0_181&amp;apos;
Driver info: driver.version: GenericSeleniumWebDriver">
      <![CDATA[org.openqa.selenium.remote.SessionNotFoundException: Session ID is null. Using WebDriver after calling quit()?
Build info: version: '2.53.1', revision: 'a36b8b1', time: '2016-06-30 17:37:03'
System info: host: 'CON0722', ip: '192.168.168.66', os.name: 'Windows 10', os.arch: 'amd64', os.version: '10.0', java.version: '1.8.0_181'
Driver info: driver.version: GenericSeleniumWebDriver
	at org.openqa.selenium.remote.HttpCommandExecutor.execute(HttpCommandExecutor.java:134)
	at org.openqa.selenium.remote.RemoteWebDriver.execute(RemoteWebDriver.java:644)
	at org.openqa.selenium.remote.RemoteWebDriver.execute(RemoteWebDriver.java:701)
	at org.openqa.selenium.remote.RemoteWebDriver.close(RemoteWebDriver.java:521)
	at concep.selenium.core.GenericSeleniumWebDriver.stopSelenium(GenericSeleniumWebDriver.java:491)
	at concep.selenium.iaConnector.BaseIAconnector.cleanup(BaseIAconnector.java:190)
... Removed 25 stack frames]]>
    </failure>
  </testcase> <!-- @AfterMethod cleanup -->
  <testcase name="@BeforeMethod startSelenium" time="0.0" classname="concep.selenium.iaConnector.SurveyCreation">
    <skipped/>
  </testcase> <!-- @BeforeMethod startSelenium -->
  <testcase name="@AfterMethod cleanup" time="0.0" classname="concep.selenium.iaConnector.SurveyCreation">
    <failure type="org.openqa.selenium.remote.SessionNotFoundException" message="Session ID is null. Using WebDriver after calling quit()?
Build info: version: &amp;apos;2.53.1&amp;apos;, revision: &amp;apos;a36b8b1&amp;apos;, time: &amp;apos;2016-06-30 17:37:03&amp;apos;
System info: host: &amp;apos;CON0722&amp;apos;, ip: &amp;apos;192.168.168.66&amp;apos;, os.name: &amp;apos;Windows 10&amp;apos;, os.arch: &amp;apos;amd64&amp;apos;, os.version: &amp;apos;10.0&amp;apos;, java.version: &amp;apos;1.8.0_181&amp;apos;
Driver info: driver.version: GenericSeleniumWebDriver">
      <![CDATA[org.openqa.selenium.remote.SessionNotFoundException: Session ID is null. Using WebDriver after calling quit()?
Build info: version: '2.53.1', revision: 'a36b8b1', time: '2016-06-30 17:37:03'
System info: host: 'CON0722', ip: '192.168.168.66', os.name: 'Windows 10', os.arch: 'amd64', os.version: '10.0', java.version: '1.8.0_181'
Driver info: driver.version: GenericSeleniumWebDriver
	at org.openqa.selenium.remote.HttpCommandExecutor.execute(HttpCommandExecutor.java:134)
	at org.openqa.selenium.remote.RemoteWebDriver.execute(RemoteWebDriver.java:644)
	at org.openqa.selenium.remote.RemoteWebDriver.execute(RemoteWebDriver.java:701)
	at org.openqa.selenium.remote.RemoteWebDriver.close(RemoteWebDriver.java:521)
	at concep.selenium.core.GenericSeleniumWebDriver.stopSelenium(GenericSeleniumWebDriver.java:491)
	at concep.selenium.iaConnector.BaseIAconnector.cleanup(BaseIAconnector.java:190)
... Removed 25 stack frames]]>
    </failure>
  </testcase> <!-- @AfterMethod cleanup -->
  <testcase name="@BeforeMethod startSelenium" time="0.0" classname="concep.selenium.iaConnector.SurveyCreation">
    <skipped/>
  </testcase> <!-- @BeforeMethod startSelenium -->
  <testcase name="@AfterMethod cleanup" time="0.0" classname="concep.selenium.iaConnector.SurveyCreation">
    <failure type="org.openqa.selenium.remote.SessionNotFoundException" message="Session ID is null. Using WebDriver after calling quit()?
Build info: version: &amp;apos;2.53.1&amp;apos;, revision: &amp;apos;a36b8b1&amp;apos;, time: &amp;apos;2016-06-30 17:37:03&amp;apos;
System info: host: &amp;apos;CON0722&amp;apos;, ip: &amp;apos;192.168.168.66&amp;apos;, os.name: &amp;apos;Windows 10&amp;apos;, os.arch: &amp;apos;amd64&amp;apos;, os.version: &amp;apos;10.0&amp;apos;, java.version: &amp;apos;1.8.0_181&amp;apos;
Driver info: driver.version: GenericSeleniumWebDriver">
      <![CDATA[org.openqa.selenium.remote.SessionNotFoundException: Session ID is null. Using WebDriver after calling quit()?
Build info: version: '2.53.1', revision: 'a36b8b1', time: '2016-06-30 17:37:03'
System info: host: 'CON0722', ip: '192.168.168.66', os.name: 'Windows 10', os.arch: 'amd64', os.version: '10.0', java.version: '1.8.0_181'
Driver info: driver.version: GenericSeleniumWebDriver
	at org.openqa.selenium.remote.HttpCommandExecutor.execute(HttpCommandExecutor.java:134)
	at org.openqa.selenium.remote.RemoteWebDriver.execute(RemoteWebDriver.java:644)
	at org.openqa.selenium.remote.RemoteWebDriver.execute(RemoteWebDriver.java:701)
	at org.openqa.selenium.remote.RemoteWebDriver.close(RemoteWebDriver.java:521)
	at concep.selenium.core.GenericSeleniumWebDriver.stopSelenium(GenericSeleniumWebDriver.java:491)
	at concep.selenium.iaConnector.BaseIAconnector.cleanup(BaseIAconnector.java:190)
... Removed 25 stack frames]]>
    </failure>
  </testcase> <!-- @AfterMethod cleanup -->
  <testcase name="@BeforeMethod startSelenium" time="0.0" classname="concep.selenium.iaConnector.SurveyCreation">
    <skipped/>
  </testcase> <!-- @BeforeMethod startSelenium -->
  <testcase name="@AfterMethod cleanup" time="0.0" classname="concep.selenium.iaConnector.SurveyCreation">
    <failure type="org.openqa.selenium.remote.SessionNotFoundException" message="Session ID is null. Using WebDriver after calling quit()?
Build info: version: &amp;apos;2.53.1&amp;apos;, revision: &amp;apos;a36b8b1&amp;apos;, time: &amp;apos;2016-06-30 17:37:03&amp;apos;
System info: host: &amp;apos;CON0722&amp;apos;, ip: &amp;apos;192.168.168.66&amp;apos;, os.name: &amp;apos;Windows 10&amp;apos;, os.arch: &amp;apos;amd64&amp;apos;, os.version: &amp;apos;10.0&amp;apos;, java.version: &amp;apos;1.8.0_181&amp;apos;
Driver info: driver.version: GenericSeleniumWebDriver">
      <![CDATA[org.openqa.selenium.remote.SessionNotFoundException: Session ID is null. Using WebDriver after calling quit()?
Build info: version: '2.53.1', revision: 'a36b8b1', time: '2016-06-30 17:37:03'
System info: host: 'CON0722', ip: '192.168.168.66', os.name: 'Windows 10', os.arch: 'amd64', os.version: '10.0', java.version: '1.8.0_181'
Driver info: driver.version: GenericSeleniumWebDriver
	at org.openqa.selenium.remote.HttpCommandExecutor.execute(HttpCommandExecutor.java:134)
	at org.openqa.selenium.remote.RemoteWebDriver.execute(RemoteWebDriver.java:644)
	at org.openqa.selenium.remote.RemoteWebDriver.execute(RemoteWebDriver.java:701)
	at org.openqa.selenium.remote.RemoteWebDriver.close(RemoteWebDriver.java:521)
	at concep.selenium.core.GenericSeleniumWebDriver.stopSelenium(GenericSeleniumWebDriver.java:491)
	at concep.selenium.iaConnector.BaseIAconnector.cleanup(BaseIAconnector.java:190)
... Removed 25 stack frames]]>
    </failure>
  </testcase> <!-- @AfterMethod cleanup -->
  <testcase name="@BeforeMethod startSelenium" time="0.0" classname="concep.selenium.iaConnector.SurveyCreation">
    <skipped/>
  </testcase> <!-- @BeforeMethod startSelenium -->
  <testcase name="@AfterMethod cleanup" time="0.0" classname="concep.selenium.iaConnector.SurveyCreation">
    <failure type="org.openqa.selenium.remote.SessionNotFoundException" message="Session ID is null. Using WebDriver after calling quit()?
Build info: version: &amp;apos;2.53.1&amp;apos;, revision: &amp;apos;a36b8b1&amp;apos;, time: &amp;apos;2016-06-30 17:37:03&amp;apos;
System info: host: &amp;apos;CON0722&amp;apos;, ip: &amp;apos;192.168.168.66&amp;apos;, os.name: &amp;apos;Windows 10&amp;apos;, os.arch: &amp;apos;amd64&amp;apos;, os.version: &amp;apos;10.0&amp;apos;, java.version: &amp;apos;1.8.0_181&amp;apos;
Driver info: driver.version: GenericSeleniumWebDriver">
      <![CDATA[org.openqa.selenium.remote.SessionNotFoundException: Session ID is null. Using WebDriver after calling quit()?
Build info: version: '2.53.1', revision: 'a36b8b1', time: '2016-06-30 17:37:03'
System info: host: 'CON0722', ip: '192.168.168.66', os.name: 'Windows 10', os.arch: 'amd64', os.version: '10.0', java.version: '1.8.0_181'
Driver info: driver.version: GenericSeleniumWebDriver
	at org.openqa.selenium.remote.HttpCommandExecutor.execute(HttpCommandExecutor.java:134)
	at org.openqa.selenium.remote.RemoteWebDriver.execute(RemoteWebDriver.java:644)
	at org.openqa.selenium.remote.RemoteWebDriver.execute(RemoteWebDriver.java:701)
	at org.openqa.selenium.remote.RemoteWebDriver.close(RemoteWebDriver.java:521)
	at concep.selenium.core.GenericSeleniumWebDriver.stopSelenium(GenericSeleniumWebDriver.java:491)
	at concep.selenium.iaConnector.BaseIAconnector.cleanup(BaseIAconnector.java:190)
... Removed 25 stack frames]]>
    </failure>
  </testcase> <!-- @AfterMethod cleanup -->
  <testcase name="@BeforeMethod startSelenium" time="0.0" classname="concep.selenium.iaConnector.SurveyCreation">
    <skipped/>
  </testcase> <!-- @BeforeMethod startSelenium -->
  <testcase name="@AfterMethod cleanup" time="0.0" classname="concep.selenium.iaConnector.SurveyCreation">
    <failure type="org.openqa.selenium.remote.SessionNotFoundException" message="Session ID is null. Using WebDriver after calling quit()?
Build info: version: &amp;apos;2.53.1&amp;apos;, revision: &amp;apos;a36b8b1&amp;apos;, time: &amp;apos;2016-06-30 17:37:03&amp;apos;
System info: host: &amp;apos;CON0722&amp;apos;, ip: &amp;apos;192.168.168.66&amp;apos;, os.name: &amp;apos;Windows 10&amp;apos;, os.arch: &amp;apos;amd64&amp;apos;, os.version: &amp;apos;10.0&amp;apos;, java.version: &amp;apos;1.8.0_181&amp;apos;
Driver info: driver.version: GenericSeleniumWebDriver">
      <![CDATA[org.openqa.selenium.remote.SessionNotFoundException: Session ID is null. Using WebDriver after calling quit()?
Build info: version: '2.53.1', revision: 'a36b8b1', time: '2016-06-30 17:37:03'
System info: host: 'CON0722', ip: '192.168.168.66', os.name: 'Windows 10', os.arch: 'amd64', os.version: '10.0', java.version: '1.8.0_181'
Driver info: driver.version: GenericSeleniumWebDriver
	at org.openqa.selenium.remote.HttpCommandExecutor.execute(HttpCommandExecutor.java:134)
	at org.openqa.selenium.remote.RemoteWebDriver.execute(RemoteWebDriver.java:644)
	at org.openqa.selenium.remote.RemoteWebDriver.execute(RemoteWebDriver.java:701)
	at org.openqa.selenium.remote.RemoteWebDriver.close(RemoteWebDriver.java:521)
	at concep.selenium.core.GenericSeleniumWebDriver.stopSelenium(GenericSeleniumWebDriver.java:491)
	at concep.selenium.iaConnector.BaseIAconnector.cleanup(BaseIAconnector.java:190)
... Removed 25 stack frames]]>
    </failure>
  </testcase> <!-- @AfterMethod cleanup -->
  <testcase name="@BeforeMethod startSelenium" time="0.0" classname="concep.selenium.iaConnector.SurveyCreation">
    <skipped/>
  </testcase> <!-- @BeforeMethod startSelenium -->
  <testcase name="@AfterMethod cleanup" time="0.0" classname="concep.selenium.iaConnector.SurveyCreation">
    <failure type="org.openqa.selenium.remote.SessionNotFoundException" message="Session ID is null. Using WebDriver after calling quit()?
Build info: version: &amp;apos;2.53.1&amp;apos;, revision: &amp;apos;a36b8b1&amp;apos;, time: &amp;apos;2016-06-30 17:37:03&amp;apos;
System info: host: &amp;apos;CON0722&amp;apos;, ip: &amp;apos;192.168.168.66&amp;apos;, os.name: &amp;apos;Windows 10&amp;apos;, os.arch: &amp;apos;amd64&amp;apos;, os.version: &amp;apos;10.0&amp;apos;, java.version: &amp;apos;1.8.0_181&amp;apos;
Driver info: driver.version: GenericSeleniumWebDriver">
      <![CDATA[org.openqa.selenium.remote.SessionNotFoundException: Session ID is null. Using WebDriver after calling quit()?
Build info: version: '2.53.1', revision: 'a36b8b1', time: '2016-06-30 17:37:03'
System info: host: 'CON0722', ip: '192.168.168.66', os.name: 'Windows 10', os.arch: 'amd64', os.version: '10.0', java.version: '1.8.0_181'
Driver info: driver.version: GenericSeleniumWebDriver
	at org.openqa.selenium.remote.HttpCommandExecutor.execute(HttpCommandExecutor.java:134)
	at org.openqa.selenium.remote.RemoteWebDriver.execute(RemoteWebDriver.java:644)
	at org.openqa.selenium.remote.RemoteWebDriver.execute(RemoteWebDriver.java:701)
	at org.openqa.selenium.remote.RemoteWebDriver.close(RemoteWebDriver.java:521)
	at concep.selenium.core.GenericSeleniumWebDriver.stopSelenium(GenericSeleniumWebDriver.java:491)
	at concep.selenium.iaConnector.BaseIAconnector.cleanup(BaseIAconnector.java:190)
... Removed 25 stack frames]]>
    </failure>
  </testcase> <!-- @AfterMethod cleanup -->
  <testcase name="@BeforeMethod startSelenium" time="0.0" classname="concep.selenium.iaConnector.SurveyCreation">
    <skipped/>
  </testcase> <!-- @BeforeMethod startSelenium -->
  <testcase name="@AfterMethod cleanup" time="0.0" classname="concep.selenium.iaConnector.SurveyCreation">
    <failure type="org.openqa.selenium.remote.SessionNotFoundException" message="Session ID is null. Using WebDriver after calling quit()?
Build info: version: &amp;apos;2.53.1&amp;apos;, revision: &amp;apos;a36b8b1&amp;apos;, time: &amp;apos;2016-06-30 17:37:03&amp;apos;
System info: host: &amp;apos;CON0722&amp;apos;, ip: &amp;apos;192.168.168.66&amp;apos;, os.name: &amp;apos;Windows 10&amp;apos;, os.arch: &amp;apos;amd64&amp;apos;, os.version: &amp;apos;10.0&amp;apos;, java.version: &amp;apos;1.8.0_181&amp;apos;
Driver info: driver.version: GenericSeleniumWebDriver">
      <![CDATA[org.openqa.selenium.remote.SessionNotFoundException: Session ID is null. Using WebDriver after calling quit()?
Build info: version: '2.53.1', revision: 'a36b8b1', time: '2016-06-30 17:37:03'
System info: host: 'CON0722', ip: '192.168.168.66', os.name: 'Windows 10', os.arch: 'amd64', os.version: '10.0', java.version: '1.8.0_181'
Driver info: driver.version: GenericSeleniumWebDriver
	at org.openqa.selenium.remote.HttpCommandExecutor.execute(HttpCommandExecutor.java:134)
	at org.openqa.selenium.remote.RemoteWebDriver.execute(RemoteWebDriver.java:644)
	at org.openqa.selenium.remote.RemoteWebDriver.execute(RemoteWebDriver.java:701)
	at org.openqa.selenium.remote.RemoteWebDriver.close(RemoteWebDriver.java:521)
	at concep.selenium.core.GenericSeleniumWebDriver.stopSelenium(GenericSeleniumWebDriver.java:491)
	at concep.selenium.iaConnector.BaseIAconnector.cleanup(BaseIAconnector.java:190)
... Removed 25 stack frames]]>
    </failure>
  </testcase> <!-- @AfterMethod cleanup -->
  <testcase name="@BeforeMethod startSelenium" time="0.0" classname="concep.selenium.iaConnector.SurveyCreation">
    <skipped/>
  </testcase> <!-- @BeforeMethod startSelenium -->
  <testcase name="@AfterMethod cleanup" time="0.0" classname="concep.selenium.iaConnector.SurveyCreation">
    <failure type="org.openqa.selenium.remote.SessionNotFoundException" message="Session ID is null. Using WebDriver after calling quit()?
Build info: version: &amp;apos;2.53.1&amp;apos;, revision: &amp;apos;a36b8b1&amp;apos;, time: &amp;apos;2016-06-30 17:37:03&amp;apos;
System info: host: &amp;apos;CON0722&amp;apos;, ip: &amp;apos;192.168.168.66&amp;apos;, os.name: &amp;apos;Windows 10&amp;apos;, os.arch: &amp;apos;amd64&amp;apos;, os.version: &amp;apos;10.0&amp;apos;, java.version: &amp;apos;1.8.0_181&amp;apos;
Driver info: driver.version: GenericSeleniumWebDriver">
      <![CDATA[org.openqa.selenium.remote.SessionNotFoundException: Session ID is null. Using WebDriver after calling quit()?
Build info: version: '2.53.1', revision: 'a36b8b1', time: '2016-06-30 17:37:03'
System info: host: 'CON0722', ip: '192.168.168.66', os.name: 'Windows 10', os.arch: 'amd64', os.version: '10.0', java.version: '1.8.0_181'
Driver info: driver.version: GenericSeleniumWebDriver
	at org.openqa.selenium.remote.HttpCommandExecutor.execute(HttpCommandExecutor.java:134)
	at org.openqa.selenium.remote.RemoteWebDriver.execute(RemoteWebDriver.java:644)
	at org.openqa.selenium.remote.RemoteWebDriver.execute(RemoteWebDriver.java:701)
	at org.openqa.selenium.remote.RemoteWebDriver.close(RemoteWebDriver.java:521)
	at concep.selenium.core.GenericSeleniumWebDriver.stopSelenium(GenericSeleniumWebDriver.java:491)
	at concep.selenium.iaConnector.BaseIAconnector.cleanup(BaseIAconnector.java:190)
... Removed 25 stack frames]]>
    </failure>
  </testcase> <!-- @AfterMethod cleanup -->
  <testcase name="@BeforeMethod startSelenium" time="0.0" classname="concep.selenium.iaConnector.SurveyCreation">
    <skipped/>
  </testcase> <!-- @BeforeMethod startSelenium -->
  <testcase name="@AfterMethod cleanup" time="0.0" classname="concep.selenium.iaConnector.SurveyCreation">
    <failure type="org.openqa.selenium.remote.SessionNotFoundException" message="Session ID is null. Using WebDriver after calling quit()?
Build info: version: &amp;apos;2.53.1&amp;apos;, revision: &amp;apos;a36b8b1&amp;apos;, time: &amp;apos;2016-06-30 17:37:03&amp;apos;
System info: host: &amp;apos;CON0722&amp;apos;, ip: &amp;apos;192.168.168.66&amp;apos;, os.name: &amp;apos;Windows 10&amp;apos;, os.arch: &amp;apos;amd64&amp;apos;, os.version: &amp;apos;10.0&amp;apos;, java.version: &amp;apos;1.8.0_181&amp;apos;
Driver info: driver.version: GenericSeleniumWebDriver">
      <![CDATA[org.openqa.selenium.remote.SessionNotFoundException: Session ID is null. Using WebDriver after calling quit()?
Build info: version: '2.53.1', revision: 'a36b8b1', time: '2016-06-30 17:37:03'
System info: host: 'CON0722', ip: '192.168.168.66', os.name: 'Windows 10', os.arch: 'amd64', os.version: '10.0', java.version: '1.8.0_181'
Driver info: driver.version: GenericSeleniumWebDriver
	at org.openqa.selenium.remote.HttpCommandExecutor.execute(HttpCommandExecutor.java:134)
	at org.openqa.selenium.remote.RemoteWebDriver.execute(RemoteWebDriver.java:644)
	at org.openqa.selenium.remote.RemoteWebDriver.execute(RemoteWebDriver.java:701)
	at org.openqa.selenium.remote.RemoteWebDriver.close(RemoteWebDriver.java:521)
	at concep.selenium.core.GenericSeleniumWebDriver.stopSelenium(GenericSeleniumWebDriver.java:491)
	at concep.selenium.iaConnector.BaseIAconnector.cleanup(BaseIAconnector.java:190)
... Removed 25 stack frames]]>
    </failure>
  </testcase> <!-- @AfterMethod cleanup -->
  <testcase name="@BeforeMethod startSelenium" time="0.0" classname="concep.selenium.iaConnector.SurveyCreation">
    <skipped/>
  </testcase> <!-- @BeforeMethod startSelenium -->
  <testcase name="@AfterMethod cleanup" time="0.0" classname="concep.selenium.iaConnector.SurveyCreation">
    <failure type="org.openqa.selenium.remote.SessionNotFoundException" message="Session ID is null. Using WebDriver after calling quit()?
Build info: version: &amp;apos;2.53.1&amp;apos;, revision: &amp;apos;a36b8b1&amp;apos;, time: &amp;apos;2016-06-30 17:37:03&amp;apos;
System info: host: &amp;apos;CON0722&amp;apos;, ip: &amp;apos;192.168.168.66&amp;apos;, os.name: &amp;apos;Windows 10&amp;apos;, os.arch: &amp;apos;amd64&amp;apos;, os.version: &amp;apos;10.0&amp;apos;, java.version: &amp;apos;1.8.0_181&amp;apos;
Driver info: driver.version: GenericSeleniumWebDriver">
      <![CDATA[org.openqa.selenium.remote.SessionNotFoundException: Session ID is null. Using WebDriver after calling quit()?
Build info: version: '2.53.1', revision: 'a36b8b1', time: '2016-06-30 17:37:03'
System info: host: 'CON0722', ip: '192.168.168.66', os.name: 'Windows 10', os.arch: 'amd64', os.version: '10.0', java.version: '1.8.0_181'
Driver info: driver.version: GenericSeleniumWebDriver
	at org.openqa.selenium.remote.HttpCommandExecutor.execute(HttpCommandExecutor.java:134)
	at org.openqa.selenium.remote.RemoteWebDriver.execute(RemoteWebDriver.java:644)
	at org.openqa.selenium.remote.RemoteWebDriver.execute(RemoteWebDriver.java:701)
	at org.openqa.selenium.remote.RemoteWebDriver.close(RemoteWebDriver.java:521)
	at concep.selenium.core.GenericSeleniumWebDriver.stopSelenium(GenericSeleniumWebDriver.java:491)
	at concep.selenium.iaConnector.BaseIAconnector.cleanup(BaseIAconnector.java:190)
... Removed 25 stack frames]]>
    </failure>
  </testcase> <!-- @AfterMethod cleanup -->
  <testcase name="@BeforeMethod startSelenium" time="0.0" classname="concep.selenium.iaConnector.SurveyCreation">
    <skipped/>
  </testcase> <!-- @BeforeMethod startSelenium -->
  <testcase name="@AfterMethod cleanup" time="0.0" classname="concep.selenium.iaConnector.SurveyCreation">
    <failure type="org.openqa.selenium.remote.SessionNotFoundException" message="Session ID is null. Using WebDriver after calling quit()?
Build info: version: &amp;apos;2.53.1&amp;apos;, revision: &amp;apos;a36b8b1&amp;apos;, time: &amp;apos;2016-06-30 17:37:03&amp;apos;
System info: host: &amp;apos;CON0722&amp;apos;, ip: &amp;apos;192.168.168.66&amp;apos;, os.name: &amp;apos;Windows 10&amp;apos;, os.arch: &amp;apos;amd64&amp;apos;, os.version: &amp;apos;10.0&amp;apos;, java.version: &amp;apos;1.8.0_181&amp;apos;
Driver info: driver.version: GenericSeleniumWebDriver">
      <![CDATA[org.openqa.selenium.remote.SessionNotFoundException: Session ID is null. Using WebDriver after calling quit()?
Build info: version: '2.53.1', revision: 'a36b8b1', time: '2016-06-30 17:37:03'
System info: host: 'CON0722', ip: '192.168.168.66', os.name: 'Windows 10', os.arch: 'amd64', os.version: '10.0', java.version: '1.8.0_181'
Driver info: driver.version: GenericSeleniumWebDriver
	at org.openqa.selenium.remote.HttpCommandExecutor.execute(HttpCommandExecutor.java:134)
	at org.openqa.selenium.remote.RemoteWebDriver.execute(RemoteWebDriver.java:644)
	at org.openqa.selenium.remote.RemoteWebDriver.execute(RemoteWebDriver.java:701)
	at org.openqa.selenium.remote.RemoteWebDriver.close(RemoteWebDriver.java:521)
	at concep.selenium.core.GenericSeleniumWebDriver.stopSelenium(GenericSeleniumWebDriver.java:491)
	at concep.selenium.iaConnector.BaseIAconnector.cleanup(BaseIAconnector.java:190)
... Removed 25 stack frames]]>
    </failure>
  </testcase> <!-- @AfterMethod cleanup -->
  <testcase name="@BeforeMethod startSelenium" time="0.0" classname="concep.selenium.iaConnector.SurveyCreation">
    <skipped/>
  </testcase> <!-- @BeforeMethod startSelenium -->
  <testcase name="@AfterMethod cleanup" time="0.0" classname="concep.selenium.iaConnector.SurveyCreation">
    <failure type="org.openqa.selenium.remote.SessionNotFoundException" message="Session ID is null. Using WebDriver after calling quit()?
Build info: version: &amp;apos;2.53.1&amp;apos;, revision: &amp;apos;a36b8b1&amp;apos;, time: &amp;apos;2016-06-30 17:37:03&amp;apos;
System info: host: &amp;apos;CON0722&amp;apos;, ip: &amp;apos;192.168.168.66&amp;apos;, os.name: &amp;apos;Windows 10&amp;apos;, os.arch: &amp;apos;amd64&amp;apos;, os.version: &amp;apos;10.0&amp;apos;, java.version: &amp;apos;1.8.0_181&amp;apos;
Driver info: driver.version: GenericSeleniumWebDriver">
      <![CDATA[org.openqa.selenium.remote.SessionNotFoundException: Session ID is null. Using WebDriver after calling quit()?
Build info: version: '2.53.1', revision: 'a36b8b1', time: '2016-06-30 17:37:03'
System info: host: 'CON0722', ip: '192.168.168.66', os.name: 'Windows 10', os.arch: 'amd64', os.version: '10.0', java.version: '1.8.0_181'
Driver info: driver.version: GenericSeleniumWebDriver
	at org.openqa.selenium.remote.HttpCommandExecutor.execute(HttpCommandExecutor.java:134)
	at org.openqa.selenium.remote.RemoteWebDriver.execute(RemoteWebDriver.java:644)
	at org.openqa.selenium.remote.RemoteWebDriver.execute(RemoteWebDriver.java:701)
	at org.openqa.selenium.remote.RemoteWebDriver.close(RemoteWebDriver.java:521)
	at concep.selenium.core.GenericSeleniumWebDriver.stopSelenium(GenericSeleniumWebDriver.java:491)
	at concep.selenium.iaConnector.BaseIAconnector.cleanup(BaseIAconnector.java:190)
... Removed 25 stack frames]]>
    </failure>
  </testcase> <!-- @AfterMethod cleanup -->
  <testcase name="@BeforeMethod startSelenium" time="0.0" classname="concep.selenium.iaConnector.SurveyCreation">
    <skipped/>
  </testcase> <!-- @BeforeMethod startSelenium -->
  <testcase name="@AfterMethod cleanup" time="0.0" classname="concep.selenium.iaConnector.SurveyCreation">
    <failure type="org.openqa.selenium.remote.SessionNotFoundException" message="Session ID is null. Using WebDriver after calling quit()?
Build info: version: &amp;apos;2.53.1&amp;apos;, revision: &amp;apos;a36b8b1&amp;apos;, time: &amp;apos;2016-06-30 17:37:03&amp;apos;
System info: host: &amp;apos;CON0722&amp;apos;, ip: &amp;apos;192.168.168.66&amp;apos;, os.name: &amp;apos;Windows 10&amp;apos;, os.arch: &amp;apos;amd64&amp;apos;, os.version: &amp;apos;10.0&amp;apos;, java.version: &amp;apos;1.8.0_181&amp;apos;
Driver info: driver.version: GenericSeleniumWebDriver">
      <![CDATA[org.openqa.selenium.remote.SessionNotFoundException: Session ID is null. Using WebDriver after calling quit()?
Build info: version: '2.53.1', revision: 'a36b8b1', time: '2016-06-30 17:37:03'
System info: host: 'CON0722', ip: '192.168.168.66', os.name: 'Windows 10', os.arch: 'amd64', os.version: '10.0', java.version: '1.8.0_181'
Driver info: driver.version: GenericSeleniumWebDriver
	at org.openqa.selenium.remote.HttpCommandExecutor.execute(HttpCommandExecutor.java:134)
	at org.openqa.selenium.remote.RemoteWebDriver.execute(RemoteWebDriver.java:644)
	at org.openqa.selenium.remote.RemoteWebDriver.execute(RemoteWebDriver.java:701)
	at org.openqa.selenium.remote.RemoteWebDriver.close(RemoteWebDriver.java:521)
	at concep.selenium.core.GenericSeleniumWebDriver.stopSelenium(GenericSeleniumWebDriver.java:491)
	at concep.selenium.iaConnector.BaseIAconnector.cleanup(BaseIAconnector.java:190)
... Removed 25 stack frames]]>
    </failure>
  </testcase> <!-- @AfterMethod cleanup -->
  <testcase name="@BeforeMethod startSelenium" time="0.0" classname="concep.selenium.iaConnector.SurveyCreation">
    <skipped/>
  </testcase> <!-- @BeforeMethod startSelenium -->
  <testcase name="@AfterMethod cleanup" time="0.0" classname="concep.selenium.iaConnector.SurveyCreation">
    <failure type="org.openqa.selenium.remote.SessionNotFoundException" message="Session ID is null. Using WebDriver after calling quit()?
[...]
  <testcase name="successfullyLogActivitiesRegardingContactQaAdminBothContactAndCompany" time="0.001" classname="concep.selenium.iaConnector.CampaignSending">
    <skipped/>
  </testcase> <!-- successfullyLogActivitiesRegardingContactQaAdminBothContactAndCompany -->
  <testcase name="successfullyLogActivitiesRegardingContactQaMListNoSponsorContactAndCompany" time="0.0" classname="concep.selenium.iaConnector.CampaignSending">
    <skipped/>
  </testcase> <!-- successfullyLogActivitiesRegardingContactQaMListNoSponsorContactAndCompany -->
  <testcase name="successfullyLogActivitiesRegardingContactQaMListSponsorContactAndCompany" time="0.0" classname="concep.selenium.iaConnector.CampaignSending">
    <skipped/>
  </testcase> <!-- successfullyLogActivitiesRegardingContactQaMListSponsorContactAndCompany -->
  <testcase name="successfullyLogActivitiesRegardingContactQaWorkingList" time="0.0" classname="concep.selenium.iaConnector.CampaignSending">
    <skipped/>
  </testcase> <!-- successfullyLogActivitiesRegardingContactQaWorkingList -->
  <testcase name="successfullyLogActivitiesRegardingFolderQaAdminBothContactAndCompany" time="0.0" classname="concep.selenium.iaConnector.CampaignSending">
    <skipped/>
  </testcase> <!-- successfullyLogActivitiesRegardingFolderQaAdminBothContactAndCompany -->
  <testcase name="successfullyLogActivitiesRegardingFolderQaAdminContactOnly" time="0.0" classname="concep.selenium.iaConnector.CampaignSending">
    <skipped/>
  </testcase> <!-- successfullyLogActivitiesRegardingFolderQaAdminContactOnly -->
  <testcase name="successfullyLogActivitiesRegardingFolderQaMListNoSponsorContactAndCompany" time="0.0" classname="concep.selenium.iaConnector.CampaignSending">
    <skipped/>
  </testcase> <!-- successfullyLogActivitiesRegardingFolderQaMListNoSponsorContactAndCompany -->
  <testcase name="successfullyLogActivitiesRegardingFolderQaMListSponsorContactAndCompany" time="0.0" classname="concep.selenium.iaConnector.CampaignSending">
    <skipped/>
  </testcase> <!-- successfullyLogActivitiesRegardingFolderQaMListSponsorContactAndCompany -->
  <testcase name="successfullyLogActivitiesRegardingFolderQaNoSponsorContactOnly" time="0.0" classname="concep.selenium.iaConnector.CampaignSending">
    <skipped/>
  </testcase> <!-- successfullyLogActivitiesRegardingFolderQaNoSponsorContactOnly -->
  <testcase name="successfullyLogActivitiesRegardingFolderQaSponsorContactOnly" time="0.0" classname="concep.selenium.iaConnector.CampaignSending">
    <skipped/>
  </testcase> <!-- successfullyLogActivitiesRegardingFolderQaSponsorContactOnly -->
  <testcase name="successfullyLogActivitiesRegardingFolderQaWorkingList" time="0.0" classname="concep.selenium.iaConnector.CampaignSending">
    <skipped/>
  </testcase> <!-- successfullyLogActivitiesRegardingFolderQaWorkingList -->
  <testcase name="successfullyLogActivitiesWhenSendingCampaignToMoreThanOneExistingContactAndManyNotExisting" time="0.001" classname="concep.selenium.iaConnector.CampaignSending">
    <skipped/>
  </testcase> <!-- successfullyLogActivitiesWhenSendingCampaignToMoreThanOneExistingContactAndManyNotExisting -->
  <testcase name="successfullyLogActivitiesWhenSendingCampaignToOneExistingContactAndManyNotExisting" time="0.001" classname="concep.selenium.iaConnector.CampaignSending">
    <skipped/>
  </testcase> <!-- successfullyLogActivitiesWhenSendingCampaignToOneExistingContactAndManyNotExisting -->
  <testcase name="successfullySentCampaignToMoreThanOneGroups" time="0.0" classname="concep.selenium.iaConnector.CampaignSending">
    <skipped/>
  </testcase> <!-- successfullySentCampaignToMoreThanOneGroups -->
  <testcase name="successfullySentCampaignToMoreThanOneRecipients" time="0.0" classname="concep.selenium.iaConnector.CampaignSending">
    <skipped/>
  </testcase> <!-- successfullySentCampaignToMoreThanOneRecipients -->
  <testcase name="successfullySentCampaignToOneGroup" time="0.0" classname="concep.selenium.iaConnector.CampaignSending">
    <skipped/>
  </testcase> <!-- successfullySentCampaignToOneGroup -->
  <testcase name="successfullySentCampaignToOneRecipient" time="0.0" classname="concep.selenium.iaConnector.CampaignSending">
    <skipped/>
  </testcase> <!-- successfullySentCampaignToOneRecipient -->
  <testcase name="unsuccessfullyLogActivitiesAgainstContactByInvalidIdAndNotExistingEmail" time="0.0" classname="concep.selenium.iaConnector.CampaignSending">
    <skipped/>
  </testcase> <!-- unsuccessfullyLogActivitiesAgainstContactByInvalidIdAndNotExistingEmail -->
  <testcase name="unsuccessfullyLogActivitiesAgainstContactByNotExistingLongIdAndEmail" time="0.0" classname="concep.selenium.iaConnector.CampaignSending">
    <skipped/>
  </testcase> <!-- unsuccessfullyLogActivitiesAgainstContactByNotExistingLongIdAndEmail -->
  <testcase name="unsuccessfullyLogActivitiesAgainstContactByNotExistingShortIdAndEmail" time="0.0" classname="concep.selenium.iaConnector.CampaignSending">
    <skipped/>
  </testcase> <!-- unsuccessfullyLogActivitiesAgainstContactByNotExistingShortIdAndEmail -->
  <testcase name="unsuccessfullyLogActivitiesAgainstContactByNotExistingSplitLongIdAndEmail" time="0.0" classname="concep.selenium.iaConnector.CampaignSending">
    <skipped/>
  </testcase> <!-- unsuccessfullyLogActivitiesAgainstContactByNotExistingSplitLongIdAndEmail -->
  <testcase name="unsuccessfullyLogActivitiesAgainstContactByNotExistingSplitShortIdAndEmail" time="0.0" classname="concep.selenium.iaConnector.CampaignSending">
    <skipped/>
  </testcase> <!-- unsuccessfullyLogActivitiesAgainstContactByNotExistingSplitShortIdAndEmail -->
  <testcase name="unsuccessfullyLogActivitiesAgainstContactWithBlankIdFieldAndNotExistingEmail" time="0.001" classname="concep.selenium.iaConnector.CampaignSending">
    <skipped/>
  </testcase> <!-- unsuccessfullyLogActivitiesAgainstContactWithBlankIdFieldAndNotExistingEmail -->
  <testcase name="successfullyCompletedFeedbackSurveyMarkitngListNoSponsorFolderFTQuestionLinkedToGFNewContact" time="0.0" classname="concep.selenium.iaConnector.SurveyCompletionWithAdditionalFieldMapping">
    <skipped/>
  </testcase> <!-- successfullyCompletedFeedbackSurveyMarkitngListNoSponsorFolderFTQuestionLinkedToGFNewContact -->
  <testcase name="successfullyCompletedFeedbackSurveyMarkitngListNoSponsorFolderFTQuestionLinkedToGFNewContactNewCompany" time="0.0" classname="concep.selenium.iaConnector.SurveyCompletionWithAdditionalFieldMapping">
    <skipped/>
  </testcase> <!-- successfullyCompletedFeedbackSurveyMarkitngListNoSponsorFolderFTQuestionLinkedToGFNewContactNewCompany -->
  <testcase name="successfullyCompletedFeedbackSurveyMarkitngListNoSponsorFolderFTQuestionLinkedToLFNewContact" time="0.0" classname="concep.selenium.iaConnector.SurveyCompletionWithAdditionalFieldMapping">
    <skipped/>
  </testcase> <!-- successfullyCompletedFeedbackSurveyMarkitngListNoSponsorFolderFTQuestionLinkedToLFNewContact -->
  <testcase name="successfullyCompletedFeedbackSurveyMarkitngListNoSponsorFolderFTQuestionLinkedToLFNewContactNewCompany" time="0.0" classname="concep.selenium.iaConnector.SurveyCompletionWithAdditionalFieldMapping">
    <skipped/>
  </testcase> <!-- successfullyCompletedFeedbackSurveyMarkitngListNoSponsorFolderFTQuestionLinkedToLFNewContactNewCompany -->
  <testcase name="successfullyCompletedFeedbackSurveyMarkitngListNoSponsorFolderMCQuestionLinkedToGFNewContact" time="0.0" classname="concep.selenium.iaConnector.SurveyCompletionWithAdditionalFieldMapping">
    <skipped/>
  </testcase> <!-- successfullyCompletedFeedbackSurveyMarkitngListNoSponsorFolderMCQuestionLinkedToGFNewContact -->
  <testcase name="successfullyCompletedFeedbackSurveyMarkitngListNoSponsorFolderMCQuestionLinkedToGFNewContactNewCompany" time="0.0" classname="concep.selenium.iaConnector.SurveyCompletionWithAdditionalFieldMapping">
    <skipped/>
  </testcase> <!-- successfullyCompletedFeedbackSurveyMarkitngListNoSponsorFolderMCQuestionLinkedToGFNewContactNewCompany -->
  <testcase name="successfullyCompletedFeedbackSurveyMarkitngListNoSponsorFolderMCQuestionLinkedToLFNewContact" time="0.0" classname="concep.selenium.iaConnector.SurveyCompletionWithAdditionalFieldMapping">
    <skipped/>
  </testcase> <!-- successfullyCompletedFeedbackSurveyMarkitngListNoSponsorFolderMCQuestionLinkedToLFNewContact -->
  <testcase name="successfullyCompletedFeedbackSurveyMarkitngListNoSponsorFolderMCQuestionLinkedToLFNewContactNewCompany" time="0.0" classname="concep.selenium.iaConnector.SurveyCompletionWithAdditionalFieldMapping">
    <skipped/>
  </testcase> <!-- successfullyCompletedFeedbackSurveyMarkitngListNoSponsorFolderMCQuestionLinkedToLFNewContactNewCompany -->
  <testcase name="successfullyCompletedFeedbackSurveyNoContactOnlySponsorFolderMCQuestionLinkedToGFNewContact" time="0.0" classname="concep.selenium.iaConnector.SurveyCompletionWithAdditionalFieldMapping">
    <skipped/>
  </testcase> <!-- successfullyCompletedFeedbackSurveyNoContactOnlySponsorFolderMCQuestionLinkedToGFNewContact -->
  <testcase name="successfullyCompletedFeedbackSurveyNoSponsorContactOnlyFolderFTQuestionLinkedToGFNewContact" time="0.0" classname="concep.selenium.iaConnector.SurveyCompletionWithAdditionalFieldMapping">
    <skipped/>
  </testcase> <!-- successfullyCompletedFeedbackSurveyNoSponsorContactOnlyFolderFTQuestionLinkedToGFNewContact -->
  <testcase name="successfullyCompletedFeedbackSurveyNoSponsorContactOnlyFolderFTQuestionLinkedToLFNewContact" time="0.0" classname="concep.selenium.iaConnector.SurveyCompletionWithAdditionalFieldMapping">
    <skipped/>
  </testcase> <!-- successfullyCompletedFeedbackSurveyNoSponsorContactOnlyFolderFTQuestionLinkedToLFNewContact -->
  <testcase name="successfullyCompletedFeedbackSurveyNoSponsorContactOnlyFolderMCQuestionLinkedToLFNewContact" time="0.0" classname="concep.selenium.iaConnector.SurveyCompletionWithAdditionalFieldMapping">
    <skipped/>
  </testcase> <!-- successfullyCompletedFeedbackSurveyNoSponsorContactOnlyFolderMCQuestionLinkedToLFNewContact -->
  <testcase name="successfullyCompletedSurveyMarkitngListNoSponsorFolderMultipleQuestionsLinkedToGFAndLFNewCompany" time="0.0" classname="concep.selenium.iaConnector.SurveyCompletionWithAdditionalFieldMapping">
    <skipped/>
  </testcase> <!-- successfullyCompletedSurveyMarkitngListNoSponsorFolderMultipleQuestionsLinkedToGFAndLFNewCompany -->
  <testcase name="successfullyCompletedSurveyMarkitngListNoSponsorFolderMultipleQuestionsLinkedToGFAndLFNewContact" time="0.0" classname="concep.selenium.iaConnector.SurveyCompletionWithAdditionalFieldMapping">
    <skipped/>
  </testcase> <!-- successfullyCompletedSurveyMarkitngListNoSponsorFolderMultipleQuestionsLinkedToGFAndLFNewContact -->
  <testcase name="successfullyCompletedSurveyNoSponsorContactOnlyFolderMultipleQuestionsLinkedToGFAndLFNewCompanyAndContactMustNotCreated" time="0.001" classname="concep.selenium.iaConnector.SurveyCompletionWithAdditionalFieldMapping">
    <skipped/>
  </testcase> <!-- successfullyCompletedSurveyNoSponsorContactOnlyFolderMultipleQuestionsLinkedToGFAndLFNewCompanyAndContactMustNotCreated -->
  <testcase name="successfullyCompletedSurveyNoSponsorContactOnlyFolderMultipleQuestionsLinkedToGFAndLFNewCompanyMustNotCreated" time="0.001" classname="concep.selenium.iaConnector.SurveyCompletionWithAdditionalFieldMapping">
    <skipped/>
  </testcase> <!-- successfullyCompletedSurveyNoSponsorContactOnlyFolderMultipleQuestionsLinkedToGFAndLFNewCompanyMustNotCreated -->
  <testcase name="successfullyCompletedSurveyNoSponsorContactOnlyFolderMultipleQuestionsLinkedToGFAndLFNewContact" time="0.0" classname="concep.selenium.iaConnector.SurveyCompletionWithAdditionalFieldMapping">
    <skipped/>
  </testcase> <!-- successfullyCompletedSurveyNoSponsorContactOnlyFolderMultipleQuestionsLinkedToGFAndLFNewContact -->
  <testcase name="successfullyCompletedSurveyNoSponsorContactOnlyFolderMultipleQuestionsLinkedWithMultipleValuesToNewContact" time="0.0" classname="concep.selenium.iaConnector.SurveyCompletionWithAdditionalFieldMapping">
    <skipped/>
  </testcase> <!-- successfullyCompletedSurveyNoSponsorContactOnlyFolderMultipleQuestionsLinkedWithMultipleValuesToNewContact -->
  <testcase name="successfullyCompletedSurveyNoSponsorFolderMultipleQuestionsLinkedWithMultipleValuesToNewContact" time="0.0" classname="concep.selenium.iaConnector.SurveyCompletionWithAdditionalFieldMapping">
    <skipped/>
  </testcase> <!-- successfullyCompletedSurveyNoSponsorFolderMultipleQuestionsLinkedWithMultipleValuesToNewContact -->
  <testcase name="successfullyCompletedSurveyTypeAdministrativefolderMultipleQuestionsLinkedToGFAndLFNewCompnay" time="0.0" classname="concep.selenium.iaConnector.SurveyCompletionWithAdditionalFieldMapping">
    <skipped/>
  </testcase> <!-- successfullyCompletedSurveyTypeAdministrativefolderMultipleQuestionsLinkedToGFAndLFNewCompnay -->
  <testcase name="successfullyCompletedSurveyTypeAdministrativefolderMultipleQuestionsLinkedToGFAndLFNewContact" time="0.0" classname="concep.selenium.iaConnector.SurveyCompletionWithAdditionalFieldMapping">
    <skipped/>
  </testcase> <!-- successfullyCompletedSurveyTypeAdministrativefolderMultipleQuestionsLinkedToGFAndLFNewContact -->
  <testcase name="successfullyCompletedSurveyTypeMarkitngListSponsorfolderMultipleQuestionLinkedToGFAndLFNewCompany" time="0.0" classname="concep.selenium.iaConnector.SurveyCompletionWithAdditionalFieldMapping">
    <skipped/>
  </testcase> <!-- successfullyCompletedSurveyTypeMarkitngListSponsorfolderMultipleQuestionLinkedToGFAndLFNewCompany -->
  <testcase name="successfullyCompletedSurveyTypeMarkitngListSponsorfolderMultipleQuestionLinkedToGFAndLFNewContact" time="0.0" classname="concep.selenium.iaConnector.SurveyCompletionWithAdditionalFieldMapping">
    <skipped/>
  </testcase> <!-- successfullyCompletedSurveyTypeMarkitngListSponsorfolderMultipleQuestionLinkedToGFAndLFNewContact -->
  <testcase name="successfullyCompletedSurveyTypeRegistrationMarkitngListSponsorIAfolderFTQuestionLinkedToGFNewContact" time="0.0" classname="concep.selenium.iaConnector.SurveyCompletionWithAdditionalFieldMapping">
    <skipped/>
  </testcase> <!-- successfullyCompletedSurveyTypeRegistrationMarkitngListSponsorIAfolderFTQuestionLinkedToGFNewContact -->
  <testcase name="successfullyCompletedSurveyTypeRegistrationMarkitngListSponsorIAfolderFTQuestionLinkedToGFNewContactNewCompany" time="0.0" classname="concep.selenium.iaConnector.SurveyCompletionWithAdditionalFieldMapping">
    <skipped/>
  </testcase> <!-- successfullyCompletedSurveyTypeRegistrationMarkitngListSponsorIAfolderFTQuestionLinkedToGFNewContactNewCompany -->
  <testcase name="successfullyCompletedSurveyTypeRegistrationMarkitngListSponsorIAfolderFTQuestionLinkedToLFNewContact" time="0.0" classname="concep.selenium.iaConnector.SurveyCompletionWithAdditionalFieldMapping">
    <skipped/>
  </testcase> <!-- successfullyCompletedSurveyTypeRegistrationMarkitngListSponsorIAfolderFTQuestionLinkedToLFNewContact -->
  <testcase name="successfullyCompletedSurveyTypeRegistrationMarkitngListSponsorIAfolderFTQuestionLinkedToLFNewContactNewCompany" time="0.0" classname="concep.selenium.iaConnector.SurveyCompletionWithAdditionalFieldMapping">
    <skipped/>
  </testcase> <!-- successfullyCompletedSurveyTypeRegistrationMarkitngListSponsorIAfolderFTQuestionLinkedToLFNewContactNewCompany -->
  <testcase name="successfullyCompletedSurveyTypeRegistrationMarkitngListSponsorIAfolderMCQuestionLinkedToGFNewContact" time="0.0" classname="concep.selenium.iaConnector.SurveyCompletionWithAdditionalFieldMapping">
    <skipped/>
  </testcase> <!-- successfullyCompletedSurveyTypeRegistrationMarkitngListSponsorIAfolderMCQuestionLinkedToGFNewContact -->
  <testcase name="successfullyCompletedSurveyTypeRegistrationMarkitngListSponsorIAfolderMCQuestionLinkedToGFNewContactNewCompany" time="0.0" classname="concep.selenium.iaConnector.SurveyCompletionWithAdditionalFieldMapping">
    <skipped/>
  </testcase> <!-- successfullyCompletedSurveyTypeRegistrationMarkitngListSponsorIAfolderMCQuestionLinkedToGFNewContactNewCompany -->
  <testcase name="successfullyCompletedSurveyTypeRegistrationMarkitngListSponsorIAfolderMCQuestionLinkedToLFNewContact" time="0.0" classname="concep.selenium.iaConnector.SurveyCompletionWithAdditionalFieldMapping">
    <skipped/>
  </testcase> <!-- successfullyCompletedSurveyTypeRegistrationMarkitngListSponsorIAfolderMCQuestionLinkedToLFNewContact -->
  <testcase name="successfullyCompletedSurveyTypeRegistrationMarkitngListSponsorIAfolderMCQuestionLinkedToLFNewContactNewCompany" time="0.0" classname="concep.selenium.iaConnector.SurveyCompletionWithAdditionalFieldMapping">
    <skipped/>
  </testcase> <!-- successfullyCompletedSurveyTypeRegistrationMarkitngListSponsorIAfolderMCQuestionLinkedToLFNewContactNewCompany -->
  <testcase name="successfullyCompletedSurveyTypeRegistrationSponsorContactOnlyIAfolderFTQuestionLinkedToGFNewContact" time="0.0" classname="concep.selenium.iaConnector.SurveyCompletionWithAdditionalFieldMapping">
    <skipped/>
  </testcase> <!-- successfullyCompletedSurveyTypeRegistrationSponsorContactOnlyIAfolderFTQuestionLinkedToGFNewContact -->
  <testcase name="successfullyCompletedSurveyTypeRegistrationSponsorContactOnlyIAfolderFTQuestionLinkedToLFNewContact" time="0.0" classname="concep.selenium.iaConnector.SurveyCompletionWithAdditionalFieldMapping">
    <skipped/>
  </testcase> <!-- successfullyCompletedSurveyTypeRegistrationSponsorContactOnlyIAfolderFTQuestionLinkedToLFNewContact -->
  <testcase name="successfullyCompletedSurveyTypeRegistrationSponsorContactOnlyIAfolderMCQuestionLinkedToGFNewContact" time="0.0" classname="concep.selenium.iaConnector.SurveyCompletionWithAdditionalFieldMapping">
    <skipped/>
  </testcase> <!-- successfullyCompletedSurveyTypeRegistrationSponsorContactOnlyIAfolderMCQuestionLinkedToGFNewContact -->
  <testcase name="successfullyCompletedSurveyTypeRegistrationSponsorContactOnlyIAfolderMCQuestionLinkedToLFNewContact" time="0.001" classname="concep.selenium.iaConnector.SurveyCompletionWithAdditionalFieldMapping">
    <skipped/>
  </testcase> <!-- successfullyCompletedSurveyTypeRegistrationSponsorContactOnlyIAfolderMCQuestionLinkedToLFNewContact -->
  <testcase name="successfullyCompletedSurveyTypeSponsorContactOnlyFolderMultipleQuestionLinkedToGFAndLFNewContact" time="0.0" classname="concep.selenium.iaConnector.SurveyCompletionWithAdditionalFieldMapping">
    <skipped/>
  </testcase> <!-- successfullyCompletedSurveyTypeSponsorContactOnlyFolderMultipleQuestionLinkedToGFAndLFNewContact -->
  <testcase name="successfullyCompletedSurveyTypeSponsorContactOnlyFolderMultipleQuestionLinkedWithMultipleValuesToNewContact" time="0.001" classname="concep.selenium.iaConnector.SurveyCompletionWithAdditionalFieldMapping">
    <skipped/>
  </testcase> <!-- successfullyCompletedSurveyTypeSponsorContactOnlyFolderMultipleQuestionLinkedWithMultipleValuesToNewContact -->
  <testcase name="successfullyCompletedSurveyTypeSponsorfolderMultipleQuestionLinkedWithMultipleValuesToNewContact" time="0.001" classname="concep.selenium.iaConnector.SurveyCompletionWithAdditionalFieldMapping">
    <skipped/>
  </testcase> <!-- successfullyCompletedSurveyTypeSponsorfolderMultipleQuestionLinkedWithMultipleValuesToNewContact -->
  <testcase name="successfullyCompletedSurveyWithBMobileHMobileDepartmentAssistantFields" time="0.0" classname="concep.selenium.iaConnector.SurveyCompletionWithAllMappings">
    <skipped/>
  </testcase> <!-- successfullyCompletedSurveyWithBMobileHMobileDepartmentAssistantFields -->
  <testcase name="successfullyCompletedSurveyWithDifferentTypesOfAdditionalField" time="0.001" classname="concep.selenium.iaConnector.SurveyCompletionWithAllMappings">
    <skipped/>
  </testcase> <!-- successfullyCompletedSurveyWithDifferentTypesOfAdditionalField -->
</testsuite> <!-- IA Connector v1.1 Surveys - All Tests -->
